---------------------------------------------------------------
[ 2020-03-02T14:45:35+08:00 ] 0.0.0.0 GET localhost/thinkphp5/public/
[运行时间：0.628759s] [吞吐率：1.59req/s] [内存消耗：1,460.19kb] [文件加载：41]
[ info ] [ LANG ] G:\phpstudy\WWW\thinkphp5\thinkphp\lang\zh-cn.php
[ info ] [ ROUTE ] array (
  'type' => 'module',
  'module' => 
  array (
    0 => '',
    1 => NULL,
    2 => NULL,
  ),
)
[ info ] [ HEADER ] array (
  'host' => 'localhost',
  'connection' => 'keep-alive',
  'upgrade-insecure-requests' => '1',
  'user-agent' => 'Mozilla/5.0 (Windows NT 10.0; WOW64) AppleWebKit/537.36 (KHTML, like Gecko) Chrome/70.0.3538.25 Safari/537.36 Core/1.70.3741.400 QQBrowser/10.5.3863.400',
  'accept' => 'text/html,application/xhtml+xml,application/xml;q=0.9,image/webp,image/apng,*/*;q=0.8',
  'accept-encoding' => 'gzip, deflate, br',
  'accept-language' => 'zh-CN,zh;q=0.9',
)
[ info ] [ PARAM ] array (
)
[ info ] [ RUN ] app\index\controller\Index->index[ G:\phpstudy\WWW\thinkphp5\application\index\controller\Index.php ]
[ info ] [ LOG ] INIT File
---------------------------------------------------------------
[ 2020-03-02T14:46:02+08:00 ] 0.0.0.0 GET localhost/thinkphp5/public/admin
[运行时间：0.160196s] [吞吐率：6.24req/s] [内存消耗：1,487.00kb] [文件加载：45]
[ info ] [ LANG ] G:\phpstudy\WWW\thinkphp5\thinkphp\lang\zh-cn.php
[ info ] [ ROUTE ] array (
  'type' => 'module',
  'module' => 
  array (
    0 => 'admin',
    1 => NULL,
    2 => NULL,
  ),
)
[ info ] [ HEADER ] array (
  'host' => 'localhost',
  'connection' => 'keep-alive',
  'upgrade-insecure-requests' => '1',
  'user-agent' => 'Mozilla/5.0 (Windows NT 10.0; WOW64) AppleWebKit/537.36 (KHTML, like Gecko) Chrome/70.0.3538.25 Safari/537.36 Core/1.70.3741.400 QQBrowser/10.5.3863.400',
  'accept' => 'text/html,application/xhtml+xml,application/xml;q=0.9,image/webp,image/apng,*/*;q=0.8',
  'accept-encoding' => 'gzip, deflate, br',
  'accept-language' => 'zh-CN,zh;q=0.9',
  'cookie' => 'thinkphp_show_page_trace=0|0',
)
[ info ] [ PARAM ] array (
)
[ info ] [ LOG ] INIT File
---------------------------------------------------------------
[ 2020-03-02T14:47:21+08:00 ] 0.0.0.0 GET localhost/thinkphp5/public/admin
[运行时间：0.075239s] [吞吐率：13.29req/s] [内存消耗：1,476.58kb] [文件加载：43]
[ info ] [ LANG ] G:\phpstudy\WWW\thinkphp5\thinkphp\lang\zh-cn.php
[ info ] [ ROUTE ] array (
  'type' => 'module',
  'module' => 
  array (
    0 => 'admin',
    1 => NULL,
    2 => NULL,
  ),
)
[ info ] [ HEADER ] array (
  'host' => 'localhost',
  'connection' => 'keep-alive',
  'cache-control' => 'max-age=0',
  'upgrade-insecure-requests' => '1',
  'user-agent' => 'Mozilla/5.0 (Windows NT 10.0; WOW64) AppleWebKit/537.36 (KHTML, like Gecko) Chrome/70.0.3538.25 Safari/537.36 Core/1.70.3741.400 QQBrowser/10.5.3863.400',
  'accept' => 'text/html,application/xhtml+xml,application/xml;q=0.9,image/webp,image/apng,*/*;q=0.8',
  'accept-encoding' => 'gzip, deflate, br',
  'accept-language' => 'zh-CN,zh;q=0.9',
  'cookie' => 'thinkphp_show_page_trace=0|0',
)
[ info ] [ PARAM ] array (
)
[ info ] [ LOG ] INIT File
[ error ] [0]方法参数错误:id[G:\phpstudy\WWW\thinkphp5\thinkphp\library\think\App.php:431]
---------------------------------------------------------------
[ 2020-03-02T14:47:35+08:00 ] 0.0.0.0 GET localhost/thinkphp5/public/admin
[运行时间：0.052698s] [吞吐率：18.98req/s] [内存消耗：1,460.43kb] [文件加载：41]
[ info ] [ LANG ] G:\phpstudy\WWW\thinkphp5\thinkphp\lang\zh-cn.php
[ info ] [ ROUTE ] array (
  'type' => 'module',
  'module' => 
  array (
    0 => 'admin',
    1 => NULL,
    2 => NULL,
  ),
)
[ info ] [ HEADER ] array (
  'host' => 'localhost',
  'connection' => 'keep-alive',
  'cache-control' => 'max-age=0',
  'upgrade-insecure-requests' => '1',
  'user-agent' => 'Mozilla/5.0 (Windows NT 10.0; WOW64) AppleWebKit/537.36 (KHTML, like Gecko) Chrome/70.0.3538.25 Safari/537.36 Core/1.70.3741.400 QQBrowser/10.5.3863.400',
  'accept' => 'text/html,application/xhtml+xml,application/xml;q=0.9,image/webp,image/apng,*/*;q=0.8',
  'accept-encoding' => 'gzip, deflate, br',
  'accept-language' => 'zh-CN,zh;q=0.9',
  'cookie' => 'thinkphp_show_page_trace=0|0',
)
[ info ] [ PARAM ] array (
)
[ info ] [ RUN ] app\admin\controller\Index->index[ G:\phpstudy\WWW\thinkphp5\application\admin\controller\Index.php ]
[ info ] [ LOG ] INIT File
---------------------------------------------------------------
[ 2020-03-02T14:47:55+08:00 ] 0.0.0.0 GET localhost/thinkphp5/public/admin/index
[运行时间：0.040143s] [吞吐率：24.91req/s] [内存消耗：1,460.18kb] [文件加载：41]
[ info ] [ LANG ] G:\phpstudy\WWW\thinkphp5\thinkphp\lang\zh-cn.php
[ info ] [ ROUTE ] array (
  'type' => 'module',
  'module' => 
  array (
    0 => 'admin',
    1 => 'index',
    2 => NULL,
  ),
)
[ info ] [ HEADER ] array (
  'host' => 'localhost',
  'connection' => 'keep-alive',
  'upgrade-insecure-requests' => '1',
  'user-agent' => 'Mozilla/5.0 (Windows NT 10.0; WOW64) AppleWebKit/537.36 (KHTML, like Gecko) Chrome/70.0.3538.25 Safari/537.36 Core/1.70.3741.400 QQBrowser/10.5.3863.400',
  'accept' => 'text/html,application/xhtml+xml,application/xml;q=0.9,image/webp,image/apng,*/*;q=0.8',
  'accept-encoding' => 'gzip, deflate, br',
  'accept-language' => 'zh-CN,zh;q=0.9',
  'cookie' => 'thinkphp_show_page_trace=0|0',
)
[ info ] [ PARAM ] array (
)
[ info ] [ RUN ] app\admin\controller\Index->index[ G:\phpstudy\WWW\thinkphp5\application\admin\controller\Index.php ]
[ info ] [ LOG ] INIT File
---------------------------------------------------------------
[ 2020-03-02T14:48:53+08:00 ] 0.0.0.0 GET localhost/thinkphp5/public/admin/index
[运行时间：0.036313s] [吞吐率：27.54req/s] [内存消耗：1,460.56kb] [文件加载：41]
[ info ] [ LANG ] G:\phpstudy\WWW\thinkphp5\thinkphp\lang\zh-cn.php
[ info ] [ ROUTE ] array (
  'type' => 'module',
  'module' => 
  array (
    0 => 'admin',
    1 => 'index',
    2 => NULL,
  ),
)
[ info ] [ HEADER ] array (
  'host' => 'localhost',
  'connection' => 'keep-alive',
  'cache-control' => 'max-age=0',
  'upgrade-insecure-requests' => '1',
  'user-agent' => 'Mozilla/5.0 (Windows NT 10.0; WOW64) AppleWebKit/537.36 (KHTML, like Gecko) Chrome/70.0.3538.25 Safari/537.36 Core/1.70.3741.400 QQBrowser/10.5.3863.400',
  'accept' => 'text/html,application/xhtml+xml,application/xml;q=0.9,image/webp,image/apng,*/*;q=0.8',
  'accept-encoding' => 'gzip, deflate, br',
  'accept-language' => 'zh-CN,zh;q=0.9',
  'cookie' => 'thinkphp_show_page_trace=0|0; thinkphp_show_page_trace=0|0',
)
[ info ] [ PARAM ] array (
)
[ info ] [ RUN ] app\admin\controller\Index->index[ G:\phpstudy\WWW\thinkphp5\application\admin\controller\Index.php ]
[ info ] [ LOG ] INIT File
---------------------------------------------------------------
[ 2020-03-02T14:55:02+08:00 ] 0.0.0.0 GET localhost/thinkphp5/public/admin/index
[运行时间：0.162634s] [吞吐率：6.15req/s] [内存消耗：1,500.36kb] [文件加载：44]
[ info ] [ LANG ] G:\phpstudy\WWW\thinkphp5\thinkphp\lang\zh-cn.php
[ info ] [ ROUTE ] array (
  'type' => 'module',
  'module' => 
  array (
    0 => 'admin',
    1 => 'index',
    2 => NULL,
  ),
)
[ info ] [ HEADER ] array (
  'host' => 'localhost',
  'connection' => 'keep-alive',
  'cache-control' => 'max-age=0',
  'upgrade-insecure-requests' => '1',
  'user-agent' => 'Mozilla/5.0 (Windows NT 10.0; WOW64) AppleWebKit/537.36 (KHTML, like Gecko) Chrome/70.0.3538.25 Safari/537.36 Core/1.70.3741.400 QQBrowser/10.5.3863.400',
  'accept' => 'text/html,application/xhtml+xml,application/xml;q=0.9,image/webp,image/apng,*/*;q=0.8',
  'accept-encoding' => 'gzip, deflate, br',
  'accept-language' => 'zh-CN,zh;q=0.9',
  'cookie' => 'thinkphp_show_page_trace=0|0; thinkphp_show_page_trace=0|0',
)
[ info ] [ PARAM ] array (
)
[ info ] [ LOG ] INIT File
[ error ] [4]语法错误: unexpected 'return' (T_RETURN)[G:\phpstudy\WWW\thinkphp5\application\admin\controller\Index.php:11]
---------------------------------------------------------------
[ 2020-03-02T15:14:14+08:00 ] 0.0.0.0 GET localhost/thinkphp5/public/admin/index
[运行时间：0.066049s] [吞吐率：15.14req/s] [内存消耗：1,494.60kb] [文件加载：45]
[ info ] [ LANG ] G:\phpstudy\WWW\thinkphp5\thinkphp\lang\zh-cn.php
[ info ] [ ROUTE ] array (
  'type' => 'module',
  'module' => 
  array (
    0 => 'admin',
    1 => 'index',
    2 => NULL,
  ),
)
[ info ] [ HEADER ] array (
  'host' => 'localhost',
  'connection' => 'keep-alive',
  'cache-control' => 'max-age=0',
  'upgrade-insecure-requests' => '1',
  'user-agent' => 'Mozilla/5.0 (Windows NT 10.0; WOW64) AppleWebKit/537.36 (KHTML, like Gecko) Chrome/70.0.3538.25 Safari/537.36 Core/1.70.3741.400 QQBrowser/10.5.3863.400',
  'accept' => 'text/html,application/xhtml+xml,application/xml;q=0.9,image/webp,image/apng,*/*;q=0.8',
  'accept-encoding' => 'gzip, deflate, br',
  'accept-language' => 'zh-CN,zh;q=0.9',
  'cookie' => 'thinkphp_show_page_trace=0|0; thinkphp_show_page_trace=0|0',
)
[ info ] [ PARAM ] array (
)
[ info ] [ RUN ] app\admin\controller\Index->index[ G:\phpstudy\WWW\thinkphp5\application\admin\controller\Index.php ]
[ info ] [ LOG ] INIT File
[ error ] [1]Call to undefined method app\admin\controller\Index::fetch()[G:\phpstudy\WWW\thinkphp5\application\admin\controller\Index.php:9]
---------------------------------------------------------------
[ 2020-03-02T15:14:57+08:00 ] 0.0.0.0 GET localhost/thinkphp5/public/admin/index
[运行时间：0.300698s] [吞吐率：3.33req/s] [内存消耗：1,764.12kb] [文件加载：50]
[ info ] [ LANG ] G:\phpstudy\WWW\thinkphp5\thinkphp\lang\zh-cn.php
[ info ] [ ROUTE ] array (
  'type' => 'module',
  'module' => 
  array (
    0 => 'admin',
    1 => 'index',
    2 => NULL,
  ),
)
[ info ] [ HEADER ] array (
  'host' => 'localhost',
  'connection' => 'keep-alive',
  'pragma' => 'no-cache',
  'cache-control' => 'no-cache',
  'upgrade-insecure-requests' => '1',
  'user-agent' => 'Mozilla/5.0 (Windows NT 10.0; WOW64) AppleWebKit/537.36 (KHTML, like Gecko) Chrome/70.0.3538.25 Safari/537.36 Core/1.70.3741.400 QQBrowser/10.5.3863.400',
  'accept' => 'text/html,application/xhtml+xml,application/xml;q=0.9,image/webp,image/apng,*/*;q=0.8',
  'accept-encoding' => 'gzip, deflate, br',
  'accept-language' => 'zh-CN,zh;q=0.9',
  'cookie' => 'thinkphp_show_page_trace=0|0; thinkphp_show_page_trace=0|0',
)
[ info ] [ PARAM ] array (
)
[ info ] [ RUN ] app\admin\controller\Index->index[ G:\phpstudy\WWW\thinkphp5\application\admin\controller\Index.php ]
[ info ] [ LOG ] INIT File
[ error ] [0]模板文件不存在:G:\phpstudy\WWW\thinkphp5\public/../application/admin\view\index\index.html[G:\phpstudy\WWW\thinkphp5\thinkphp\library\think\view\driver\Think.php:82]
---------------------------------------------------------------
[ 2020-03-02T15:15:23+08:00 ] 0.0.0.0 GET localhost/thinkphp5/public/admin/index
[运行时间：0.053484s] [吞吐率：18.70req/s] [内存消耗：1,763.94kb] [文件加载：50]
[ info ] [ LANG ] G:\phpstudy\WWW\thinkphp5\thinkphp\lang\zh-cn.php
[ info ] [ ROUTE ] array (
  'type' => 'module',
  'module' => 
  array (
    0 => 'admin',
    1 => 'index',
    2 => NULL,
  ),
)
[ info ] [ HEADER ] array (
  'host' => 'localhost',
  'connection' => 'keep-alive',
  'cache-control' => 'max-age=0',
  'upgrade-insecure-requests' => '1',
  'user-agent' => 'Mozilla/5.0 (Windows NT 10.0; WOW64) AppleWebKit/537.36 (KHTML, like Gecko) Chrome/70.0.3538.25 Safari/537.36 Core/1.70.3741.400 QQBrowser/10.5.3863.400',
  'accept' => 'text/html,application/xhtml+xml,application/xml;q=0.9,image/webp,image/apng,*/*;q=0.8',
  'accept-encoding' => 'gzip, deflate, br',
  'accept-language' => 'zh-CN,zh;q=0.9',
  'cookie' => 'thinkphp_show_page_trace=0|0; thinkphp_show_page_trace=0|0',
)
[ info ] [ PARAM ] array (
)
[ info ] [ RUN ] app\admin\controller\Index->index[ G:\phpstudy\WWW\thinkphp5\application\admin\controller\Index.php ]
[ info ] [ LOG ] INIT File
[ error ] [0]模板文件不存在:G:\phpstudy\WWW\thinkphp5\public/../application/admin\view\index\admin.html[G:\phpstudy\WWW\thinkphp5\thinkphp\library\think\view\driver\Think.php:82]
---------------------------------------------------------------
[ 2020-03-02T15:15:43+08:00 ] 0.0.0.0 GET localhost/thinkphp5/public/admin/index
[运行时间：0.053904s] [吞吐率：18.55req/s] [内存消耗：1,763.94kb] [文件加载：50]
[ info ] [ LANG ] G:\phpstudy\WWW\thinkphp5\thinkphp\lang\zh-cn.php
[ info ] [ ROUTE ] array (
  'type' => 'module',
  'module' => 
  array (
    0 => 'admin',
    1 => 'index',
    2 => NULL,
  ),
)
[ info ] [ HEADER ] array (
  'host' => 'localhost',
  'connection' => 'keep-alive',
  'cache-control' => 'max-age=0',
  'upgrade-insecure-requests' => '1',
  'user-agent' => 'Mozilla/5.0 (Windows NT 10.0; WOW64) AppleWebKit/537.36 (KHTML, like Gecko) Chrome/70.0.3538.25 Safari/537.36 Core/1.70.3741.400 QQBrowser/10.5.3863.400',
  'accept' => 'text/html,application/xhtml+xml,application/xml;q=0.9,image/webp,image/apng,*/*;q=0.8',
  'accept-encoding' => 'gzip, deflate, br',
  'accept-language' => 'zh-CN,zh;q=0.9',
  'cookie' => 'thinkphp_show_page_trace=0|0; thinkphp_show_page_trace=0|0',
)
[ info ] [ PARAM ] array (
)
[ info ] [ RUN ] app\admin\controller\Index->index[ G:\phpstudy\WWW\thinkphp5\application\admin\controller\Index.php ]
[ info ] [ LOG ] INIT File
[ error ] [0]模板文件不存在:G:\phpstudy\WWW\thinkphp5\public/../application/admin\view\index\admin.html[G:\phpstudy\WWW\thinkphp5\thinkphp\library\think\view\driver\Think.php:82]
---------------------------------------------------------------
[ 2020-03-02T15:16:24+08:00 ] 0.0.0.0 GET localhost/thinkphp5/public/admin/index
[运行时间：0.052219s] [吞吐率：19.15req/s] [内存消耗：1,763.56kb] [文件加载：50]
[ info ] [ LANG ] G:\phpstudy\WWW\thinkphp5\thinkphp\lang\zh-cn.php
[ info ] [ ROUTE ] array (
  'type' => 'module',
  'module' => 
  array (
    0 => 'admin',
    1 => 'index',
    2 => NULL,
  ),
)
[ info ] [ HEADER ] array (
  'host' => 'localhost',
  'connection' => 'keep-alive',
  'cache-control' => 'max-age=0',
  'upgrade-insecure-requests' => '1',
  'user-agent' => 'Mozilla/5.0 (Windows NT 10.0; WOW64) AppleWebKit/537.36 (KHTML, like Gecko) Chrome/70.0.3538.25 Safari/537.36 Core/1.70.3741.400 QQBrowser/10.5.3863.400',
  'accept' => 'text/html,application/xhtml+xml,application/xml;q=0.9,image/webp,image/apng,*/*;q=0.8',
  'accept-encoding' => 'gzip, deflate, br',
  'accept-language' => 'zh-CN,zh;q=0.9',
  'cookie' => 'thinkphp_show_page_trace=0|0; thinkphp_show_page_trace=0|0',
)
[ info ] [ PARAM ] array (
)
[ info ] [ RUN ] app\admin\controller\Index->index[ G:\phpstudy\WWW\thinkphp5\application\admin\controller\Index.php ]
[ info ] [ LOG ] INIT File
[ error ] [0]模板文件不存在:admin.html[G:\phpstudy\WWW\thinkphp5\thinkphp\library\think\view\driver\Think.php:82]
---------------------------------------------------------------
[ 2020-03-02T15:16:26+08:00 ] 0.0.0.0 GET localhost/thinkphp5/public/admin/index
[运行时间：0.069380s] [吞吐率：14.41req/s] [内存消耗：1,763.72kb] [文件加载：50]
[ info ] [ LANG ] G:\phpstudy\WWW\thinkphp5\thinkphp\lang\zh-cn.php
[ info ] [ ROUTE ] array (
  'type' => 'module',
  'module' => 
  array (
    0 => 'admin',
    1 => 'index',
    2 => NULL,
  ),
)
[ info ] [ HEADER ] array (
  'host' => 'localhost',
  'connection' => 'keep-alive',
  'pragma' => 'no-cache',
  'cache-control' => 'no-cache',
  'upgrade-insecure-requests' => '1',
  'user-agent' => 'Mozilla/5.0 (Windows NT 10.0; WOW64) AppleWebKit/537.36 (KHTML, like Gecko) Chrome/70.0.3538.25 Safari/537.36 Core/1.70.3741.400 QQBrowser/10.5.3863.400',
  'accept' => 'text/html,application/xhtml+xml,application/xml;q=0.9,image/webp,image/apng,*/*;q=0.8',
  'accept-encoding' => 'gzip, deflate, br',
  'accept-language' => 'zh-CN,zh;q=0.9',
  'cookie' => 'thinkphp_show_page_trace=0|0; thinkphp_show_page_trace=0|0',
)
[ info ] [ PARAM ] array (
)
[ info ] [ RUN ] app\admin\controller\Index->index[ G:\phpstudy\WWW\thinkphp5\application\admin\controller\Index.php ]
[ info ] [ LOG ] INIT File
[ error ] [0]模板文件不存在:admin.html[G:\phpstudy\WWW\thinkphp5\thinkphp\library\think\view\driver\Think.php:82]
---------------------------------------------------------------
[ 2020-03-02T15:16:26+08:00 ] 0.0.0.0 GET localhost/thinkphp5/public/admin/index
[运行时间：0.045206s] [吞吐率：22.12req/s] [内存消耗：1,763.56kb] [文件加载：50]
[ info ] [ LANG ] G:\phpstudy\WWW\thinkphp5\thinkphp\lang\zh-cn.php
[ info ] [ ROUTE ] array (
  'type' => 'module',
  'module' => 
  array (
    0 => 'admin',
    1 => 'index',
    2 => NULL,
  ),
)
[ info ] [ HEADER ] array (
  'host' => 'localhost',
  'connection' => 'keep-alive',
  'cache-control' => 'max-age=0',
  'upgrade-insecure-requests' => '1',
  'user-agent' => 'Mozilla/5.0 (Windows NT 10.0; WOW64) AppleWebKit/537.36 (KHTML, like Gecko) Chrome/70.0.3538.25 Safari/537.36 Core/1.70.3741.400 QQBrowser/10.5.3863.400',
  'accept' => 'text/html,application/xhtml+xml,application/xml;q=0.9,image/webp,image/apng,*/*;q=0.8',
  'accept-encoding' => 'gzip, deflate, br',
  'accept-language' => 'zh-CN,zh;q=0.9',
  'cookie' => 'thinkphp_show_page_trace=0|0; thinkphp_show_page_trace=0|0',
)
[ info ] [ PARAM ] array (
)
[ info ] [ RUN ] app\admin\controller\Index->index[ G:\phpstudy\WWW\thinkphp5\application\admin\controller\Index.php ]
[ info ] [ LOG ] INIT File
[ error ] [0]模板文件不存在:admin.html[G:\phpstudy\WWW\thinkphp5\thinkphp\library\think\view\driver\Think.php:82]
---------------------------------------------------------------
[ 2020-03-02T15:16:27+08:00 ] 0.0.0.0 GET localhost/thinkphp5/public/admin/index
[运行时间：0.070349s] [吞吐率：14.21req/s] [内存消耗：1,763.56kb] [文件加载：50]
[ info ] [ LANG ] G:\phpstudy\WWW\thinkphp5\thinkphp\lang\zh-cn.php
[ info ] [ ROUTE ] array (
  'type' => 'module',
  'module' => 
  array (
    0 => 'admin',
    1 => 'index',
    2 => NULL,
  ),
)
[ info ] [ HEADER ] array (
  'host' => 'localhost',
  'connection' => 'keep-alive',
  'cache-control' => 'max-age=0',
  'upgrade-insecure-requests' => '1',
  'user-agent' => 'Mozilla/5.0 (Windows NT 10.0; WOW64) AppleWebKit/537.36 (KHTML, like Gecko) Chrome/70.0.3538.25 Safari/537.36 Core/1.70.3741.400 QQBrowser/10.5.3863.400',
  'accept' => 'text/html,application/xhtml+xml,application/xml;q=0.9,image/webp,image/apng,*/*;q=0.8',
  'accept-encoding' => 'gzip, deflate, br',
  'accept-language' => 'zh-CN,zh;q=0.9',
  'cookie' => 'thinkphp_show_page_trace=0|0; thinkphp_show_page_trace=0|0',
)
[ info ] [ PARAM ] array (
)
[ info ] [ RUN ] app\admin\controller\Index->index[ G:\phpstudy\WWW\thinkphp5\application\admin\controller\Index.php ]
[ info ] [ LOG ] INIT File
[ error ] [0]模板文件不存在:admin.html[G:\phpstudy\WWW\thinkphp5\thinkphp\library\think\view\driver\Think.php:82]
---------------------------------------------------------------
[ 2020-03-02T15:16:27+08:00 ] 0.0.0.0 GET localhost/thinkphp5/public/admin/index
[运行时间：0.050820s] [吞吐率：19.68req/s] [内存消耗：1,763.56kb] [文件加载：50]
[ info ] [ LANG ] G:\phpstudy\WWW\thinkphp5\thinkphp\lang\zh-cn.php
[ info ] [ ROUTE ] array (
  'type' => 'module',
  'module' => 
  array (
    0 => 'admin',
    1 => 'index',
    2 => NULL,
  ),
)
[ info ] [ HEADER ] array (
  'host' => 'localhost',
  'connection' => 'keep-alive',
  'cache-control' => 'max-age=0',
  'upgrade-insecure-requests' => '1',
  'user-agent' => 'Mozilla/5.0 (Windows NT 10.0; WOW64) AppleWebKit/537.36 (KHTML, like Gecko) Chrome/70.0.3538.25 Safari/537.36 Core/1.70.3741.400 QQBrowser/10.5.3863.400',
  'accept' => 'text/html,application/xhtml+xml,application/xml;q=0.9,image/webp,image/apng,*/*;q=0.8',
  'accept-encoding' => 'gzip, deflate, br',
  'accept-language' => 'zh-CN,zh;q=0.9',
  'cookie' => 'thinkphp_show_page_trace=0|0; thinkphp_show_page_trace=0|0',
)
[ info ] [ PARAM ] array (
)
[ info ] [ RUN ] app\admin\controller\Index->index[ G:\phpstudy\WWW\thinkphp5\application\admin\controller\Index.php ]
[ info ] [ LOG ] INIT File
[ error ] [0]模板文件不存在:admin.html[G:\phpstudy\WWW\thinkphp5\thinkphp\library\think\view\driver\Think.php:82]
---------------------------------------------------------------
[ 2020-03-02T15:16:27+08:00 ] 0.0.0.0 GET localhost/thinkphp5/public/admin/index
[运行时间：0.052775s] [吞吐率：18.95req/s] [内存消耗：1,763.72kb] [文件加载：50]
[ info ] [ LANG ] G:\phpstudy\WWW\thinkphp5\thinkphp\lang\zh-cn.php
[ info ] [ ROUTE ] array (
  'type' => 'module',
  'module' => 
  array (
    0 => 'admin',
    1 => 'index',
    2 => NULL,
  ),
)
[ info ] [ HEADER ] array (
  'host' => 'localhost',
  'connection' => 'keep-alive',
  'pragma' => 'no-cache',
  'cache-control' => 'no-cache',
  'upgrade-insecure-requests' => '1',
  'user-agent' => 'Mozilla/5.0 (Windows NT 10.0; WOW64) AppleWebKit/537.36 (KHTML, like Gecko) Chrome/70.0.3538.25 Safari/537.36 Core/1.70.3741.400 QQBrowser/10.5.3863.400',
  'accept' => 'text/html,application/xhtml+xml,application/xml;q=0.9,image/webp,image/apng,*/*;q=0.8',
  'accept-encoding' => 'gzip, deflate, br',
  'accept-language' => 'zh-CN,zh;q=0.9',
  'cookie' => 'thinkphp_show_page_trace=0|0; thinkphp_show_page_trace=0|0',
)
[ info ] [ PARAM ] array (
)
[ info ] [ RUN ] app\admin\controller\Index->index[ G:\phpstudy\WWW\thinkphp5\application\admin\controller\Index.php ]
[ info ] [ LOG ] INIT File
[ error ] [0]模板文件不存在:admin.html[G:\phpstudy\WWW\thinkphp5\thinkphp\library\think\view\driver\Think.php:82]
---------------------------------------------------------------
[ 2020-03-02T15:16:28+08:00 ] 0.0.0.0 GET localhost/thinkphp5/public/admin/index
[运行时间：0.044956s] [吞吐率：22.24req/s] [内存消耗：1,763.56kb] [文件加载：50]
[ info ] [ LANG ] G:\phpstudy\WWW\thinkphp5\thinkphp\lang\zh-cn.php
[ info ] [ ROUTE ] array (
  'type' => 'module',
  'module' => 
  array (
    0 => 'admin',
    1 => 'index',
    2 => NULL,
  ),
)
[ info ] [ HEADER ] array (
  'host' => 'localhost',
  'connection' => 'keep-alive',
  'cache-control' => 'max-age=0',
  'upgrade-insecure-requests' => '1',
  'user-agent' => 'Mozilla/5.0 (Windows NT 10.0; WOW64) AppleWebKit/537.36 (KHTML, like Gecko) Chrome/70.0.3538.25 Safari/537.36 Core/1.70.3741.400 QQBrowser/10.5.3863.400',
  'accept' => 'text/html,application/xhtml+xml,application/xml;q=0.9,image/webp,image/apng,*/*;q=0.8',
  'accept-encoding' => 'gzip, deflate, br',
  'accept-language' => 'zh-CN,zh;q=0.9',
  'cookie' => 'thinkphp_show_page_trace=0|0; thinkphp_show_page_trace=0|0',
)
[ info ] [ PARAM ] array (
)
[ info ] [ RUN ] app\admin\controller\Index->index[ G:\phpstudy\WWW\thinkphp5\application\admin\controller\Index.php ]
[ info ] [ LOG ] INIT File
[ error ] [0]模板文件不存在:admin.html[G:\phpstudy\WWW\thinkphp5\thinkphp\library\think\view\driver\Think.php:82]
---------------------------------------------------------------
[ 2020-03-02T15:17:48+08:00 ] 0.0.0.0 GET localhost/thinkphp5/public/admin/index
[运行时间：0.064258s] [吞吐率：15.56req/s] [内存消耗：1,763.94kb] [文件加载：50]
[ info ] [ LANG ] G:\phpstudy\WWW\thinkphp5\thinkphp\lang\zh-cn.php
[ info ] [ ROUTE ] array (
  'type' => 'module',
  'module' => 
  array (
    0 => 'admin',
    1 => 'index',
    2 => NULL,
  ),
)
[ info ] [ HEADER ] array (
  'host' => 'localhost',
  'connection' => 'keep-alive',
  'cache-control' => 'max-age=0',
  'upgrade-insecure-requests' => '1',
  'user-agent' => 'Mozilla/5.0 (Windows NT 10.0; WOW64) AppleWebKit/537.36 (KHTML, like Gecko) Chrome/70.0.3538.25 Safari/537.36 Core/1.70.3741.400 QQBrowser/10.5.3863.400',
  'accept' => 'text/html,application/xhtml+xml,application/xml;q=0.9,image/webp,image/apng,*/*;q=0.8',
  'accept-encoding' => 'gzip, deflate, br',
  'accept-language' => 'zh-CN,zh;q=0.9',
  'cookie' => 'thinkphp_show_page_trace=0|0; thinkphp_show_page_trace=0|0',
)
[ info ] [ PARAM ] array (
)
[ info ] [ RUN ] app\admin\controller\Index->index[ G:\phpstudy\WWW\thinkphp5\application\admin\controller\Index.php ]
[ info ] [ LOG ] INIT File
[ error ] [0]模板文件不存在:G:\phpstudy\WWW\thinkphp5\public/../application/admin\view\index\admin.html[G:\phpstudy\WWW\thinkphp5\thinkphp\library\think\view\driver\Think.php:82]
---------------------------------------------------------------
[ 2020-03-02T15:19:03+08:00 ] 0.0.0.0 GET localhost/thinkphp5/public/admin/index
[运行时间：0.057805s] [吞吐率：17.30req/s] [内存消耗：1,763.91kb] [文件加载：50]
[ info ] [ LANG ] G:\phpstudy\WWW\thinkphp5\thinkphp\lang\zh-cn.php
[ info ] [ ROUTE ] array (
  'type' => 'module',
  'module' => 
  array (
    0 => 'admin',
    1 => 'index',
    2 => NULL,
  ),
)
[ info ] [ HEADER ] array (
  'host' => 'localhost',
  'connection' => 'keep-alive',
  'cache-control' => 'max-age=0',
  'upgrade-insecure-requests' => '1',
  'user-agent' => 'Mozilla/5.0 (Windows NT 10.0; WOW64) AppleWebKit/537.36 (KHTML, like Gecko) Chrome/70.0.3538.25 Safari/537.36 Core/1.70.3741.400 QQBrowser/10.5.3863.400',
  'accept' => 'text/html,application/xhtml+xml,application/xml;q=0.9,image/webp,image/apng,*/*;q=0.8',
  'accept-encoding' => 'gzip, deflate, br',
  'accept-language' => 'zh-CN,zh;q=0.9',
  'cookie' => 'thinkphp_show_page_trace=0|0; thinkphp_show_page_trace=0|0',
)
[ info ] [ PARAM ] array (
)
[ info ] [ RUN ] app\admin\controller\Index->index[ G:\phpstudy\WWW\thinkphp5\application\admin\controller\Index.php ]
[ info ] [ LOG ] INIT File
[ error ] [0]模板文件不存在:G:\phpstudy\WWW\thinkphp5\public/../application/admin\view\index\admin.html[G:\phpstudy\WWW\thinkphp5\thinkphp\library\think\view\driver\Think.php:82]
---------------------------------------------------------------
[ 2020-03-02T15:19:04+08:00 ] 0.0.0.0 GET localhost/thinkphp5/public/admin/index
[运行时间：0.055148s] [吞吐率：18.13req/s] [内存消耗：1,764.04kb] [文件加载：50]
[ info ] [ LANG ] G:\phpstudy\WWW\thinkphp5\thinkphp\lang\zh-cn.php
[ info ] [ ROUTE ] array (
  'type' => 'module',
  'module' => 
  array (
    0 => 'admin',
    1 => 'index',
    2 => NULL,
  ),
)
[ info ] [ HEADER ] array (
  'host' => 'localhost',
  'connection' => 'keep-alive',
  'pragma' => 'no-cache',
  'cache-control' => 'no-cache',
  'upgrade-insecure-requests' => '1',
  'user-agent' => 'Mozilla/5.0 (Windows NT 10.0; WOW64) AppleWebKit/537.36 (KHTML, like Gecko) Chrome/70.0.3538.25 Safari/537.36 Core/1.70.3741.400 QQBrowser/10.5.3863.400',
  'accept' => 'text/html,application/xhtml+xml,application/xml;q=0.9,image/webp,image/apng,*/*;q=0.8',
  'accept-encoding' => 'gzip, deflate, br',
  'accept-language' => 'zh-CN,zh;q=0.9',
  'cookie' => 'thinkphp_show_page_trace=0|0; thinkphp_show_page_trace=0|0',
)
[ info ] [ PARAM ] array (
)
[ info ] [ RUN ] app\admin\controller\Index->index[ G:\phpstudy\WWW\thinkphp5\application\admin\controller\Index.php ]
[ info ] [ LOG ] INIT File
[ error ] [0]模板文件不存在:G:\phpstudy\WWW\thinkphp5\public/../application/admin\view\index\admin.html[G:\phpstudy\WWW\thinkphp5\thinkphp\library\think\view\driver\Think.php:82]
---------------------------------------------------------------
[ 2020-03-02T15:19:57+08:00 ] 0.0.0.0 GET localhost/thinkphp5/public/admin/index
[运行时间：0.057445s] [吞吐率：17.41req/s] [内存消耗：1,763.94kb] [文件加载：50]
[ info ] [ LANG ] G:\phpstudy\WWW\thinkphp5\thinkphp\lang\zh-cn.php
[ info ] [ ROUTE ] array (
  'type' => 'module',
  'module' => 
  array (
    0 => 'admin',
    1 => 'index',
    2 => NULL,
  ),
)
[ info ] [ HEADER ] array (
  'host' => 'localhost',
  'connection' => 'keep-alive',
  'cache-control' => 'max-age=0',
  'upgrade-insecure-requests' => '1',
  'user-agent' => 'Mozilla/5.0 (Windows NT 10.0; WOW64) AppleWebKit/537.36 (KHTML, like Gecko) Chrome/70.0.3538.25 Safari/537.36 Core/1.70.3741.400 QQBrowser/10.5.3863.400',
  'accept' => 'text/html,application/xhtml+xml,application/xml;q=0.9,image/webp,image/apng,*/*;q=0.8',
  'accept-encoding' => 'gzip, deflate, br',
  'accept-language' => 'zh-CN,zh;q=0.9',
  'cookie' => 'thinkphp_show_page_trace=0|0; thinkphp_show_page_trace=0|0',
)
[ info ] [ PARAM ] array (
)
[ info ] [ RUN ] app\admin\controller\Index->index[ G:\phpstudy\WWW\thinkphp5\application\admin\controller\Index.php ]
[ info ] [ LOG ] INIT File
[ error ] [0]模板文件不存在:G:\phpstudy\WWW\thinkphp5\public/../application/admin\view\index\admin.html[G:\phpstudy\WWW\thinkphp5\thinkphp\library\think\view\driver\Think.php:82]
---------------------------------------------------------------
[ 2020-03-02T15:20:01+08:00 ] 0.0.0.0 GET localhost/thinkphp5/public/admin/index
[运行时间：0.062117s] [吞吐率：16.10req/s] [内存消耗：1,763.94kb] [文件加载：50]
[ info ] [ LANG ] G:\phpstudy\WWW\thinkphp5\thinkphp\lang\zh-cn.php
[ info ] [ ROUTE ] array (
  'type' => 'module',
  'module' => 
  array (
    0 => 'admin',
    1 => 'index',
    2 => NULL,
  ),
)
[ info ] [ HEADER ] array (
  'host' => 'localhost',
  'connection' => 'keep-alive',
  'cache-control' => 'max-age=0',
  'upgrade-insecure-requests' => '1',
  'user-agent' => 'Mozilla/5.0 (Windows NT 10.0; WOW64) AppleWebKit/537.36 (KHTML, like Gecko) Chrome/70.0.3538.25 Safari/537.36 Core/1.70.3741.400 QQBrowser/10.5.3863.400',
  'accept' => 'text/html,application/xhtml+xml,application/xml;q=0.9,image/webp,image/apng,*/*;q=0.8',
  'accept-encoding' => 'gzip, deflate, br',
  'accept-language' => 'zh-CN,zh;q=0.9',
  'cookie' => 'thinkphp_show_page_trace=0|0; thinkphp_show_page_trace=0|0',
)
[ info ] [ PARAM ] array (
)
[ info ] [ RUN ] app\admin\controller\Index->index[ G:\phpstudy\WWW\thinkphp5\application\admin\controller\Index.php ]
[ info ] [ LOG ] INIT File
[ error ] [0]模板文件不存在:G:\phpstudy\WWW\thinkphp5\public/../application/admin\view\index\admin.html[G:\phpstudy\WWW\thinkphp5\thinkphp\library\think\view\driver\Think.php:82]
---------------------------------------------------------------
[ 2020-03-02T15:20:17+08:00 ] 0.0.0.0 GET localhost/thinkphp5/public/admin/index
[运行时间：0.045505s] [吞吐率：21.98req/s] [内存消耗：1,763.88kb] [文件加载：50]
[ info ] [ LANG ] G:\phpstudy\WWW\thinkphp5\thinkphp\lang\zh-cn.php
[ info ] [ ROUTE ] array (
  'type' => 'module',
  'module' => 
  array (
    0 => 'admin',
    1 => 'index',
    2 => NULL,
  ),
)
[ info ] [ HEADER ] array (
  'host' => 'localhost',
  'connection' => 'keep-alive',
  'cache-control' => 'max-age=0',
  'upgrade-insecure-requests' => '1',
  'user-agent' => 'Mozilla/5.0 (Windows NT 10.0; WOW64) AppleWebKit/537.36 (KHTML, like Gecko) Chrome/70.0.3538.25 Safari/537.36 Core/1.70.3741.400 QQBrowser/10.5.3863.400',
  'accept' => 'text/html,application/xhtml+xml,application/xml;q=0.9,image/webp,image/apng,*/*;q=0.8',
  'accept-encoding' => 'gzip, deflate, br',
  'accept-language' => 'zh-CN,zh;q=0.9',
  'cookie' => 'thinkphp_show_page_trace=0|0; thinkphp_show_page_trace=0|0',
)
[ info ] [ PARAM ] array (
)
[ info ] [ RUN ] app\admin\controller\Index->index[ G:\phpstudy\WWW\thinkphp5\application\admin\controller\Index.php ]
[ info ] [ LOG ] INIT File
[ error ] [0]模板文件不存在:G:\phpstudy\WWW\thinkphp5\public/../application/admin\view\index\index.html[G:\phpstudy\WWW\thinkphp5\thinkphp\library\think\view\driver\Think.php:82]
---------------------------------------------------------------
[ 2020-03-02T15:20:30+08:00 ] 0.0.0.0 GET localhost/thinkphp5/public/admin/index
[运行时间：0.057438s] [吞吐率：17.41req/s] [内存消耗：1,763.98kb] [文件加载：50]
[ info ] [ LANG ] G:\phpstudy\WWW\thinkphp5\thinkphp\lang\zh-cn.php
[ info ] [ ROUTE ] array (
  'type' => 'module',
  'module' => 
  array (
    0 => 'admin',
    1 => 'index',
    2 => NULL,
  ),
)
[ info ] [ HEADER ] array (
  'host' => 'localhost',
  'connection' => 'keep-alive',
  'pragma' => 'no-cache',
  'cache-control' => 'no-cache',
  'upgrade-insecure-requests' => '1',
  'user-agent' => 'Mozilla/5.0 (Windows NT 10.0; WOW64) AppleWebKit/537.36 (KHTML, like Gecko) Chrome/70.0.3538.25 Safari/537.36 Core/1.70.3741.400 QQBrowser/10.5.3863.400',
  'accept' => 'text/html,application/xhtml+xml,application/xml;q=0.9,image/webp,image/apng,*/*;q=0.8',
  'accept-encoding' => 'gzip, deflate, br',
  'accept-language' => 'zh-CN,zh;q=0.9',
  'cookie' => 'thinkphp_show_page_trace=0|0; thinkphp_show_page_trace=0|0',
)
[ info ] [ PARAM ] array (
)
[ info ] [ RUN ] app\admin\controller\Index->index[ G:\phpstudy\WWW\thinkphp5\application\admin\controller\Index.php ]
[ info ] [ LOG ] INIT File
[ error ] [0]模板文件不存在:G:\phpstudy\WWW\thinkphp5\public/../application/admin\view\index\index.html[G:\phpstudy\WWW\thinkphp5\thinkphp\library\think\view\driver\Think.php:82]
---------------------------------------------------------------
[ 2020-03-02T15:20:33+08:00 ] 0.0.0.0 GET localhost/thinkphp5/public/admin/index
[运行时间：0.045270s] [吞吐率：22.09req/s] [内存消耗：1,763.88kb] [文件加载：50]
[ info ] [ LANG ] G:\phpstudy\WWW\thinkphp5\thinkphp\lang\zh-cn.php
[ info ] [ ROUTE ] array (
  'type' => 'module',
  'module' => 
  array (
    0 => 'admin',
    1 => 'index',
    2 => NULL,
  ),
)
[ info ] [ HEADER ] array (
  'host' => 'localhost',
  'connection' => 'keep-alive',
  'cache-control' => 'max-age=0',
  'upgrade-insecure-requests' => '1',
  'user-agent' => 'Mozilla/5.0 (Windows NT 10.0; WOW64) AppleWebKit/537.36 (KHTML, like Gecko) Chrome/70.0.3538.25 Safari/537.36 Core/1.70.3741.400 QQBrowser/10.5.3863.400',
  'accept' => 'text/html,application/xhtml+xml,application/xml;q=0.9,image/webp,image/apng,*/*;q=0.8',
  'accept-encoding' => 'gzip, deflate, br',
  'accept-language' => 'zh-CN,zh;q=0.9',
  'cookie' => 'thinkphp_show_page_trace=0|0; thinkphp_show_page_trace=0|0',
)
[ info ] [ PARAM ] array (
)
[ info ] [ RUN ] app\admin\controller\Index->index[ G:\phpstudy\WWW\thinkphp5\application\admin\controller\Index.php ]
[ info ] [ LOG ] INIT File
[ error ] [0]模板文件不存在:G:\phpstudy\WWW\thinkphp5\public/../application/admin\view\index\index.html[G:\phpstudy\WWW\thinkphp5\thinkphp\library\think\view\driver\Think.php:82]
---------------------------------------------------------------
[ 2020-03-02T15:20:34+08:00 ] 0.0.0.0 GET localhost/thinkphp5/public/admin/index
[运行时间：0.058919s] [吞吐率：16.97req/s] [内存消耗：1,763.88kb] [文件加载：50]
[ info ] [ LANG ] G:\phpstudy\WWW\thinkphp5\thinkphp\lang\zh-cn.php
[ info ] [ ROUTE ] array (
  'type' => 'module',
  'module' => 
  array (
    0 => 'admin',
    1 => 'index',
    2 => NULL,
  ),
)
[ info ] [ HEADER ] array (
  'host' => 'localhost',
  'connection' => 'keep-alive',
  'cache-control' => 'max-age=0',
  'upgrade-insecure-requests' => '1',
  'user-agent' => 'Mozilla/5.0 (Windows NT 10.0; WOW64) AppleWebKit/537.36 (KHTML, like Gecko) Chrome/70.0.3538.25 Safari/537.36 Core/1.70.3741.400 QQBrowser/10.5.3863.400',
  'accept' => 'text/html,application/xhtml+xml,application/xml;q=0.9,image/webp,image/apng,*/*;q=0.8',
  'accept-encoding' => 'gzip, deflate, br',
  'accept-language' => 'zh-CN,zh;q=0.9',
  'cookie' => 'thinkphp_show_page_trace=0|0; thinkphp_show_page_trace=0|0',
)
[ info ] [ PARAM ] array (
)
[ info ] [ RUN ] app\admin\controller\Index->index[ G:\phpstudy\WWW\thinkphp5\application\admin\controller\Index.php ]
[ info ] [ LOG ] INIT File
[ error ] [0]模板文件不存在:G:\phpstudy\WWW\thinkphp5\public/../application/admin\view\index\index.html[G:\phpstudy\WWW\thinkphp5\thinkphp\library\think\view\driver\Think.php:82]
---------------------------------------------------------------
[ 2020-03-02T15:20:34+08:00 ] 0.0.0.0 GET localhost/thinkphp5/public/admin/index
[运行时间：0.050101s] [吞吐率：19.96req/s] [内存消耗：1,763.88kb] [文件加载：50]
[ info ] [ LANG ] G:\phpstudy\WWW\thinkphp5\thinkphp\lang\zh-cn.php
[ info ] [ ROUTE ] array (
  'type' => 'module',
  'module' => 
  array (
    0 => 'admin',
    1 => 'index',
    2 => NULL,
  ),
)
[ info ] [ HEADER ] array (
  'host' => 'localhost',
  'connection' => 'keep-alive',
  'cache-control' => 'max-age=0',
  'upgrade-insecure-requests' => '1',
  'user-agent' => 'Mozilla/5.0 (Windows NT 10.0; WOW64) AppleWebKit/537.36 (KHTML, like Gecko) Chrome/70.0.3538.25 Safari/537.36 Core/1.70.3741.400 QQBrowser/10.5.3863.400',
  'accept' => 'text/html,application/xhtml+xml,application/xml;q=0.9,image/webp,image/apng,*/*;q=0.8',
  'accept-encoding' => 'gzip, deflate, br',
  'accept-language' => 'zh-CN,zh;q=0.9',
  'cookie' => 'thinkphp_show_page_trace=0|0; thinkphp_show_page_trace=0|0',
)
[ info ] [ PARAM ] array (
)
[ info ] [ RUN ] app\admin\controller\Index->index[ G:\phpstudy\WWW\thinkphp5\application\admin\controller\Index.php ]
[ info ] [ LOG ] INIT File
[ error ] [0]模板文件不存在:G:\phpstudy\WWW\thinkphp5\public/../application/admin\view\index\index.html[G:\phpstudy\WWW\thinkphp5\thinkphp\library\think\view\driver\Think.php:82]
---------------------------------------------------------------
[ 2020-03-02T15:20:35+08:00 ] 0.0.0.0 GET localhost/thinkphp5/public/admin/index
[运行时间：0.068929s] [吞吐率：14.51req/s] [内存消耗：1,763.98kb] [文件加载：50]
[ info ] [ LANG ] G:\phpstudy\WWW\thinkphp5\thinkphp\lang\zh-cn.php
[ info ] [ ROUTE ] array (
  'type' => 'module',
  'module' => 
  array (
    0 => 'admin',
    1 => 'index',
    2 => NULL,
  ),
)
[ info ] [ HEADER ] array (
  'host' => 'localhost',
  'connection' => 'keep-alive',
  'pragma' => 'no-cache',
  'cache-control' => 'no-cache',
  'upgrade-insecure-requests' => '1',
  'user-agent' => 'Mozilla/5.0 (Windows NT 10.0; WOW64) AppleWebKit/537.36 (KHTML, like Gecko) Chrome/70.0.3538.25 Safari/537.36 Core/1.70.3741.400 QQBrowser/10.5.3863.400',
  'accept' => 'text/html,application/xhtml+xml,application/xml;q=0.9,image/webp,image/apng,*/*;q=0.8',
  'accept-encoding' => 'gzip, deflate, br',
  'accept-language' => 'zh-CN,zh;q=0.9',
  'cookie' => 'thinkphp_show_page_trace=0|0; thinkphp_show_page_trace=0|0',
)
[ info ] [ PARAM ] array (
)
[ info ] [ RUN ] app\admin\controller\Index->index[ G:\phpstudy\WWW\thinkphp5\application\admin\controller\Index.php ]
[ info ] [ LOG ] INIT File
[ error ] [0]模板文件不存在:G:\phpstudy\WWW\thinkphp5\public/../application/admin\view\index\index.html[G:\phpstudy\WWW\thinkphp5\thinkphp\library\think\view\driver\Think.php:82]
---------------------------------------------------------------
[ 2020-03-02T15:20:35+08:00 ] 0.0.0.0 GET localhost/thinkphp5/public/admin/index
[运行时间：0.049633s] [吞吐率：20.15req/s] [内存消耗：1,763.88kb] [文件加载：50]
[ info ] [ LANG ] G:\phpstudy\WWW\thinkphp5\thinkphp\lang\zh-cn.php
[ info ] [ ROUTE ] array (
  'type' => 'module',
  'module' => 
  array (
    0 => 'admin',
    1 => 'index',
    2 => NULL,
  ),
)
[ info ] [ HEADER ] array (
  'host' => 'localhost',
  'connection' => 'keep-alive',
  'cache-control' => 'max-age=0',
  'upgrade-insecure-requests' => '1',
  'user-agent' => 'Mozilla/5.0 (Windows NT 10.0; WOW64) AppleWebKit/537.36 (KHTML, like Gecko) Chrome/70.0.3538.25 Safari/537.36 Core/1.70.3741.400 QQBrowser/10.5.3863.400',
  'accept' => 'text/html,application/xhtml+xml,application/xml;q=0.9,image/webp,image/apng,*/*;q=0.8',
  'accept-encoding' => 'gzip, deflate, br',
  'accept-language' => 'zh-CN,zh;q=0.9',
  'cookie' => 'thinkphp_show_page_trace=0|0; thinkphp_show_page_trace=0|0',
)
[ info ] [ PARAM ] array (
)
[ info ] [ RUN ] app\admin\controller\Index->index[ G:\phpstudy\WWW\thinkphp5\application\admin\controller\Index.php ]
[ info ] [ LOG ] INIT File
[ error ] [0]模板文件不存在:G:\phpstudy\WWW\thinkphp5\public/../application/admin\view\index\index.html[G:\phpstudy\WWW\thinkphp5\thinkphp\library\think\view\driver\Think.php:82]
---------------------------------------------------------------
[ 2020-03-02T15:20:35+08:00 ] 0.0.0.0 GET localhost/thinkphp5/public/admin/index
[运行时间：0.052676s] [吞吐率：18.98req/s] [内存消耗：1,763.88kb] [文件加载：50]
[ info ] [ LANG ] G:\phpstudy\WWW\thinkphp5\thinkphp\lang\zh-cn.php
[ info ] [ ROUTE ] array (
  'type' => 'module',
  'module' => 
  array (
    0 => 'admin',
    1 => 'index',
    2 => NULL,
  ),
)
[ info ] [ HEADER ] array (
  'host' => 'localhost',
  'connection' => 'keep-alive',
  'cache-control' => 'max-age=0',
  'upgrade-insecure-requests' => '1',
  'user-agent' => 'Mozilla/5.0 (Windows NT 10.0; WOW64) AppleWebKit/537.36 (KHTML, like Gecko) Chrome/70.0.3538.25 Safari/537.36 Core/1.70.3741.400 QQBrowser/10.5.3863.400',
  'accept' => 'text/html,application/xhtml+xml,application/xml;q=0.9,image/webp,image/apng,*/*;q=0.8',
  'accept-encoding' => 'gzip, deflate, br',
  'accept-language' => 'zh-CN,zh;q=0.9',
  'cookie' => 'thinkphp_show_page_trace=0|0; thinkphp_show_page_trace=0|0',
)
[ info ] [ PARAM ] array (
)
[ info ] [ RUN ] app\admin\controller\Index->index[ G:\phpstudy\WWW\thinkphp5\application\admin\controller\Index.php ]
[ info ] [ LOG ] INIT File
[ error ] [0]模板文件不存在:G:\phpstudy\WWW\thinkphp5\public/../application/admin\view\index\index.html[G:\phpstudy\WWW\thinkphp5\thinkphp\library\think\view\driver\Think.php:82]
---------------------------------------------------------------
[ 2020-03-02T15:20:36+08:00 ] 0.0.0.0 GET localhost/thinkphp5/public/admin/index
[运行时间：0.050803s] [吞吐率：19.68req/s] [内存消耗：1,763.88kb] [文件加载：50]
[ info ] [ LANG ] G:\phpstudy\WWW\thinkphp5\thinkphp\lang\zh-cn.php
[ info ] [ ROUTE ] array (
  'type' => 'module',
  'module' => 
  array (
    0 => 'admin',
    1 => 'index',
    2 => NULL,
  ),
)
[ info ] [ HEADER ] array (
  'host' => 'localhost',
  'connection' => 'keep-alive',
  'cache-control' => 'max-age=0',
  'upgrade-insecure-requests' => '1',
  'user-agent' => 'Mozilla/5.0 (Windows NT 10.0; WOW64) AppleWebKit/537.36 (KHTML, like Gecko) Chrome/70.0.3538.25 Safari/537.36 Core/1.70.3741.400 QQBrowser/10.5.3863.400',
  'accept' => 'text/html,application/xhtml+xml,application/xml;q=0.9,image/webp,image/apng,*/*;q=0.8',
  'accept-encoding' => 'gzip, deflate, br',
  'accept-language' => 'zh-CN,zh;q=0.9',
  'cookie' => 'thinkphp_show_page_trace=0|0; thinkphp_show_page_trace=0|0',
)
[ info ] [ PARAM ] array (
)
[ info ] [ RUN ] app\admin\controller\Index->index[ G:\phpstudy\WWW\thinkphp5\application\admin\controller\Index.php ]
[ info ] [ LOG ] INIT File
[ error ] [0]模板文件不存在:G:\phpstudy\WWW\thinkphp5\public/../application/admin\view\index\index.html[G:\phpstudy\WWW\thinkphp5\thinkphp\library\think\view\driver\Think.php:82]
---------------------------------------------------------------
[ 2020-03-02T15:20:36+08:00 ] 0.0.0.0 GET localhost/thinkphp5/public/admin/index
[运行时间：0.053008s] [吞吐率：18.87req/s] [内存消耗：1,763.98kb] [文件加载：50]
[ info ] [ LANG ] G:\phpstudy\WWW\thinkphp5\thinkphp\lang\zh-cn.php
[ info ] [ ROUTE ] array (
  'type' => 'module',
  'module' => 
  array (
    0 => 'admin',
    1 => 'index',
    2 => NULL,
  ),
)
[ info ] [ HEADER ] array (
  'host' => 'localhost',
  'connection' => 'keep-alive',
  'pragma' => 'no-cache',
  'cache-control' => 'no-cache',
  'upgrade-insecure-requests' => '1',
  'user-agent' => 'Mozilla/5.0 (Windows NT 10.0; WOW64) AppleWebKit/537.36 (KHTML, like Gecko) Chrome/70.0.3538.25 Safari/537.36 Core/1.70.3741.400 QQBrowser/10.5.3863.400',
  'accept' => 'text/html,application/xhtml+xml,application/xml;q=0.9,image/webp,image/apng,*/*;q=0.8',
  'accept-encoding' => 'gzip, deflate, br',
  'accept-language' => 'zh-CN,zh;q=0.9',
  'cookie' => 'thinkphp_show_page_trace=0|0; thinkphp_show_page_trace=0|0',
)
[ info ] [ PARAM ] array (
)
[ info ] [ RUN ] app\admin\controller\Index->index[ G:\phpstudy\WWW\thinkphp5\application\admin\controller\Index.php ]
[ info ] [ LOG ] INIT File
[ error ] [0]模板文件不存在:G:\phpstudy\WWW\thinkphp5\public/../application/admin\view\index\index.html[G:\phpstudy\WWW\thinkphp5\thinkphp\library\think\view\driver\Think.php:82]
---------------------------------------------------------------
[ 2020-03-02T15:20:36+08:00 ] 0.0.0.0 GET localhost/thinkphp5/public/admin/index
[运行时间：0.044814s] [吞吐率：22.31req/s] [内存消耗：1,763.88kb] [文件加载：50]
[ info ] [ LANG ] G:\phpstudy\WWW\thinkphp5\thinkphp\lang\zh-cn.php
[ info ] [ ROUTE ] array (
  'type' => 'module',
  'module' => 
  array (
    0 => 'admin',
    1 => 'index',
    2 => NULL,
  ),
)
[ info ] [ HEADER ] array (
  'host' => 'localhost',
  'connection' => 'keep-alive',
  'cache-control' => 'max-age=0',
  'upgrade-insecure-requests' => '1',
  'user-agent' => 'Mozilla/5.0 (Windows NT 10.0; WOW64) AppleWebKit/537.36 (KHTML, like Gecko) Chrome/70.0.3538.25 Safari/537.36 Core/1.70.3741.400 QQBrowser/10.5.3863.400',
  'accept' => 'text/html,application/xhtml+xml,application/xml;q=0.9,image/webp,image/apng,*/*;q=0.8',
  'accept-encoding' => 'gzip, deflate, br',
  'accept-language' => 'zh-CN,zh;q=0.9',
  'cookie' => 'thinkphp_show_page_trace=0|0; thinkphp_show_page_trace=0|0',
)
[ info ] [ PARAM ] array (
)
[ info ] [ RUN ] app\admin\controller\Index->index[ G:\phpstudy\WWW\thinkphp5\application\admin\controller\Index.php ]
[ info ] [ LOG ] INIT File
[ error ] [0]模板文件不存在:G:\phpstudy\WWW\thinkphp5\public/../application/admin\view\index\index.html[G:\phpstudy\WWW\thinkphp5\thinkphp\library\think\view\driver\Think.php:82]
---------------------------------------------------------------
[ 2020-03-02T15:20:37+08:00 ] 0.0.0.0 GET localhost/thinkphp5/public/admin/index
[运行时间：0.050166s] [吞吐率：19.93req/s] [内存消耗：1,763.88kb] [文件加载：50]
[ info ] [ LANG ] G:\phpstudy\WWW\thinkphp5\thinkphp\lang\zh-cn.php
[ info ] [ ROUTE ] array (
  'type' => 'module',
  'module' => 
  array (
    0 => 'admin',
    1 => 'index',
    2 => NULL,
  ),
)
[ info ] [ HEADER ] array (
  'host' => 'localhost',
  'connection' => 'keep-alive',
  'cache-control' => 'max-age=0',
  'upgrade-insecure-requests' => '1',
  'user-agent' => 'Mozilla/5.0 (Windows NT 10.0; WOW64) AppleWebKit/537.36 (KHTML, like Gecko) Chrome/70.0.3538.25 Safari/537.36 Core/1.70.3741.400 QQBrowser/10.5.3863.400',
  'accept' => 'text/html,application/xhtml+xml,application/xml;q=0.9,image/webp,image/apng,*/*;q=0.8',
  'accept-encoding' => 'gzip, deflate, br',
  'accept-language' => 'zh-CN,zh;q=0.9',
  'cookie' => 'thinkphp_show_page_trace=0|0; thinkphp_show_page_trace=0|0',
)
[ info ] [ PARAM ] array (
)
[ info ] [ RUN ] app\admin\controller\Index->index[ G:\phpstudy\WWW\thinkphp5\application\admin\controller\Index.php ]
[ info ] [ LOG ] INIT File
[ error ] [0]模板文件不存在:G:\phpstudy\WWW\thinkphp5\public/../application/admin\view\index\index.html[G:\phpstudy\WWW\thinkphp5\thinkphp\library\think\view\driver\Think.php:82]
---------------------------------------------------------------
[ 2020-03-02T15:20:37+08:00 ] 0.0.0.0 GET localhost/thinkphp5/public/admin/index
[运行时间：0.043802s] [吞吐率：22.83req/s] [内存消耗：1,763.88kb] [文件加载：50]
[ info ] [ LANG ] G:\phpstudy\WWW\thinkphp5\thinkphp\lang\zh-cn.php
[ info ] [ ROUTE ] array (
  'type' => 'module',
  'module' => 
  array (
    0 => 'admin',
    1 => 'index',
    2 => NULL,
  ),
)
[ info ] [ HEADER ] array (
  'host' => 'localhost',
  'connection' => 'keep-alive',
  'cache-control' => 'max-age=0',
  'upgrade-insecure-requests' => '1',
  'user-agent' => 'Mozilla/5.0 (Windows NT 10.0; WOW64) AppleWebKit/537.36 (KHTML, like Gecko) Chrome/70.0.3538.25 Safari/537.36 Core/1.70.3741.400 QQBrowser/10.5.3863.400',
  'accept' => 'text/html,application/xhtml+xml,application/xml;q=0.9,image/webp,image/apng,*/*;q=0.8',
  'accept-encoding' => 'gzip, deflate, br',
  'accept-language' => 'zh-CN,zh;q=0.9',
  'cookie' => 'thinkphp_show_page_trace=0|0; thinkphp_show_page_trace=0|0',
)
[ info ] [ PARAM ] array (
)
[ info ] [ RUN ] app\admin\controller\Index->index[ G:\phpstudy\WWW\thinkphp5\application\admin\controller\Index.php ]
[ info ] [ LOG ] INIT File
[ error ] [0]模板文件不存在:G:\phpstudy\WWW\thinkphp5\public/../application/admin\view\index\index.html[G:\phpstudy\WWW\thinkphp5\thinkphp\library\think\view\driver\Think.php:82]
---------------------------------------------------------------
[ 2020-03-02T15:20:38+08:00 ] 0.0.0.0 GET localhost/thinkphp5/public/admin/index
[运行时间：0.051486s] [吞吐率：19.42req/s] [内存消耗：1,763.98kb] [文件加载：50]
[ info ] [ LANG ] G:\phpstudy\WWW\thinkphp5\thinkphp\lang\zh-cn.php
[ info ] [ ROUTE ] array (
  'type' => 'module',
  'module' => 
  array (
    0 => 'admin',
    1 => 'index',
    2 => NULL,
  ),
)
[ info ] [ HEADER ] array (
  'host' => 'localhost',
  'connection' => 'keep-alive',
  'pragma' => 'no-cache',
  'cache-control' => 'no-cache',
  'upgrade-insecure-requests' => '1',
  'user-agent' => 'Mozilla/5.0 (Windows NT 10.0; WOW64) AppleWebKit/537.36 (KHTML, like Gecko) Chrome/70.0.3538.25 Safari/537.36 Core/1.70.3741.400 QQBrowser/10.5.3863.400',
  'accept' => 'text/html,application/xhtml+xml,application/xml;q=0.9,image/webp,image/apng,*/*;q=0.8',
  'accept-encoding' => 'gzip, deflate, br',
  'accept-language' => 'zh-CN,zh;q=0.9',
  'cookie' => 'thinkphp_show_page_trace=0|0; thinkphp_show_page_trace=0|0',
)
[ info ] [ PARAM ] array (
)
[ info ] [ RUN ] app\admin\controller\Index->index[ G:\phpstudy\WWW\thinkphp5\application\admin\controller\Index.php ]
[ info ] [ LOG ] INIT File
[ error ] [0]模板文件不存在:G:\phpstudy\WWW\thinkphp5\public/../application/admin\view\index\index.html[G:\phpstudy\WWW\thinkphp5\thinkphp\library\think\view\driver\Think.php:82]
---------------------------------------------------------------
[ 2020-03-02T15:21:22+08:00 ] 0.0.0.0 GET localhost/thinkphp5/public/admin/index
[运行时间：0.142735s] [吞吐率：7.01req/s] [内存消耗：1,880.89kb] [文件加载：50]
[ info ] [ LANG ] G:\phpstudy\WWW\thinkphp5\thinkphp\lang\zh-cn.php
[ info ] [ ROUTE ] array (
  'type' => 'module',
  'module' => 
  array (
    0 => 'admin',
    1 => 'index',
    2 => NULL,
  ),
)
[ info ] [ HEADER ] array (
  'host' => 'localhost',
  'connection' => 'keep-alive',
  'cache-control' => 'max-age=0',
  'upgrade-insecure-requests' => '1',
  'user-agent' => 'Mozilla/5.0 (Windows NT 10.0; WOW64) AppleWebKit/537.36 (KHTML, like Gecko) Chrome/70.0.3538.25 Safari/537.36 Core/1.70.3741.400 QQBrowser/10.5.3863.400',
  'accept' => 'text/html,application/xhtml+xml,application/xml;q=0.9,image/webp,image/apng,*/*;q=0.8',
  'accept-encoding' => 'gzip, deflate, br',
  'accept-language' => 'zh-CN,zh;q=0.9',
  'cookie' => 'thinkphp_show_page_trace=0|0; thinkphp_show_page_trace=0|0',
)
[ info ] [ PARAM ] array (
)
[ info ] [ RUN ] app\admin\controller\Index->index[ G:\phpstudy\WWW\thinkphp5\application\admin\controller\Index.php ]
[ info ] [ VIEW ] G:\phpstudy\WWW\thinkphp5\public/../application/admin\view\index\index.html [ array (
) ]
[ info ] [ LOG ] INIT File
---------------------------------------------------------------
[ 2020-03-02T15:21:49+08:00 ] 0.0.0.0 GET localhost/thinkphp5/public/admin/index
[运行时间：0.066248s] [吞吐率：15.09req/s] [内存消耗：1,743.46kb] [文件加载：48]
[ info ] [ LANG ] G:\phpstudy\WWW\thinkphp5\thinkphp\lang\zh-cn.php
[ info ] [ ROUTE ] array (
  'type' => 'module',
  'module' => 
  array (
    0 => 'admin',
    1 => 'index',
    2 => NULL,
  ),
)
[ info ] [ HEADER ] array (
  'host' => 'localhost',
  'connection' => 'keep-alive',
  'cache-control' => 'max-age=0',
  'upgrade-insecure-requests' => '1',
  'user-agent' => 'Mozilla/5.0 (Windows NT 10.0; WOW64) AppleWebKit/537.36 (KHTML, like Gecko) Chrome/70.0.3538.25 Safari/537.36 Core/1.70.3741.400 QQBrowser/10.5.3863.400',
  'accept' => 'text/html,application/xhtml+xml,application/xml;q=0.9,image/webp,image/apng,*/*;q=0.8',
  'accept-encoding' => 'gzip, deflate, br',
  'accept-language' => 'zh-CN,zh;q=0.9',
  'cookie' => 'thinkphp_show_page_trace=0|0; thinkphp_show_page_trace=0|0',
)
[ info ] [ PARAM ] array (
)
[ info ] [ RUN ] app\admin\controller\Index->index[ G:\phpstudy\WWW\thinkphp5\application\admin\controller\Index.php ]
[ info ] [ VIEW ] G:\phpstudy\WWW\thinkphp5\public/../application/admin\view\index\index.html [ array (
) ]
[ info ] [ LOG ] INIT File
---------------------------------------------------------------
[ 2020-03-02T16:10:19+08:00 ] 0.0.0.0 GET localhost/thinkphp5/public/admin/index
[运行时间：0.306840s] [吞吐率：3.26req/s] [内存消耗：2,853.18kb] [文件加载：58]
[ info ] [ LANG ] G:\phpstudy\WWW\thinkphp5\thinkphp\lang\zh-cn.php
[ info ] [ ROUTE ] array (
  'type' => 'module',
  'module' => 
  array (
    0 => 'admin',
    1 => 'index',
    2 => NULL,
  ),
)
[ info ] [ HEADER ] array (
  'host' => 'localhost',
  'connection' => 'keep-alive',
  'upgrade-insecure-requests' => '1',
  'user-agent' => 'Mozilla/5.0 (Windows NT 10.0; WOW64) AppleWebKit/537.36 (KHTML, like Gecko) Chrome/70.0.3538.25 Safari/537.36 Core/1.70.3741.400 QQBrowser/10.5.3863.400',
  'accept' => 'text/html,application/xhtml+xml,application/xml;q=0.9,image/webp,image/apng,*/*;q=0.8',
  'accept-encoding' => 'gzip, deflate, br',
  'accept-language' => 'zh-CN,zh;q=0.9',
  'cookie' => 'thinkphp_show_page_trace=0|0; thinkphp_show_page_trace=0|0',
)
[ info ] [ PARAM ] array (
)
[ info ] [ RUN ] app\admin\controller\Index->index[ G:\phpstudy\WWW\thinkphp5\application\admin\controller\Index.php ]
[ info ] [ DB ] INIT mysql
[ info ] [ LOG ] INIT File
[ sql ] [ DB ] CONNECT:[ UseTime:0.041801s ] mysql:host=127.0.0.1;dbname=car;charset=utf8
[ sql ] [ SQL ] SHOW COLUMNS FROM `car_admin` [ RunTime:0.043284s ]
[ sql ] [ SQL ] SELECT * FROM `car_admin` WHERE  `id` = 0 [ RunTime:0.031918s ]
[ error ] [1]Call to a member function all() on a non-object[G:\phpstudy\WWW\thinkphp5\application\admin\controller\Index.php:12]
---------------------------------------------------------------
[ 2020-03-02T16:11:26+08:00 ] 0.0.0.0 GET localhost/thinkphp5/public/admin/index
[运行时间：0.115916s] [吞吐率：8.63req/s] [内存消耗：2,820.82kb] [文件加载：55]
[ info ] [ LANG ] G:\phpstudy\WWW\thinkphp5\thinkphp\lang\zh-cn.php
[ info ] [ ROUTE ] array (
  'type' => 'module',
  'module' => 
  array (
    0 => 'admin',
    1 => 'index',
    2 => NULL,
  ),
)
[ info ] [ HEADER ] array (
  'host' => 'localhost',
  'connection' => 'keep-alive',
  'cache-control' => 'max-age=0',
  'upgrade-insecure-requests' => '1',
  'user-agent' => 'Mozilla/5.0 (Windows NT 10.0; WOW64) AppleWebKit/537.36 (KHTML, like Gecko) Chrome/70.0.3538.25 Safari/537.36 Core/1.70.3741.400 QQBrowser/10.5.3863.400',
  'accept' => 'text/html,application/xhtml+xml,application/xml;q=0.9,image/webp,image/apng,*/*;q=0.8',
  'accept-encoding' => 'gzip, deflate, br',
  'accept-language' => 'zh-CN,zh;q=0.9',
  'cookie' => 'thinkphp_show_page_trace=0|0; thinkphp_show_page_trace=0|0',
)
[ info ] [ PARAM ] array (
)
[ info ] [ RUN ] app\admin\controller\Index->index[ G:\phpstudy\WWW\thinkphp5\application\admin\controller\Index.php ]
[ info ] [ DB ] INIT mysql
[ info ] [ VIEW ] G:\phpstudy\WWW\thinkphp5\public/../application/admin\view\index\index.html [ array (
) ]
[ info ] [ LOG ] INIT File
[ sql ] [ DB ] CONNECT:[ UseTime:0.001195s ] mysql:host=127.0.0.1;dbname=car;charset=utf8
[ sql ] [ SQL ] SHOW COLUMNS FROM `car_admin` [ RunTime:0.020451s ]
[ sql ] [ SQL ] SELECT * FROM `car_admin` LIMIT 1 [ RunTime:0.000617s ]
---------------------------------------------------------------
[ 2020-03-02T16:12:10+08:00 ] 0.0.0.0 GET localhost/thinkphp5/public/admin/index
[运行时间：0.080319s] [吞吐率：12.45req/s] [内存消耗：2,821.30kb] [文件加载：55]
[ info ] [ LANG ] G:\phpstudy\WWW\thinkphp5\thinkphp\lang\zh-cn.php
[ info ] [ ROUTE ] array (
  'type' => 'module',
  'module' => 
  array (
    0 => 'admin',
    1 => 'index',
    2 => NULL,
  ),
)
[ info ] [ HEADER ] array (
  'host' => 'localhost',
  'connection' => 'keep-alive',
  'cache-control' => 'max-age=0',
  'upgrade-insecure-requests' => '1',
  'user-agent' => 'Mozilla/5.0 (Windows NT 10.0; WOW64) AppleWebKit/537.36 (KHTML, like Gecko) Chrome/70.0.3538.25 Safari/537.36 Core/1.70.3741.400 QQBrowser/10.5.3863.400',
  'accept' => 'text/html,application/xhtml+xml,application/xml;q=0.9,image/webp,image/apng,*/*;q=0.8',
  'accept-encoding' => 'gzip, deflate, br',
  'accept-language' => 'zh-CN,zh;q=0.9',
  'cookie' => 'thinkphp_show_page_trace=0|0; thinkphp_show_page_trace=0|0',
)
[ info ] [ PARAM ] array (
)
[ info ] [ RUN ] app\admin\controller\Index->index[ G:\phpstudy\WWW\thinkphp5\application\admin\controller\Index.php ]
[ info ] [ DB ] INIT mysql
[ info ] [ VIEW ] G:\phpstudy\WWW\thinkphp5\public/../application/admin\view\index\index.html [ array (
) ]
[ info ] [ LOG ] INIT File
[ sql ] [ DB ] CONNECT:[ UseTime:0.001232s ] mysql:host=127.0.0.1;dbname=car;charset=utf8
[ sql ] [ SQL ] SHOW COLUMNS FROM `car_admin` [ RunTime:0.021054s ]
[ sql ] [ SQL ] SELECT * FROM `car_admin` [ RunTime:0.000597s ]
---------------------------------------------------------------
[ 2020-03-02T16:17:04+08:00 ] 0.0.0.0 GET localhost/thinkphp5/public/admin/index
[运行时间：0.120808s] [吞吐率：8.28req/s] [内存消耗：2,823.97kb] [文件加载：55]
[ info ] [ LANG ] G:\phpstudy\WWW\thinkphp5\thinkphp\lang\zh-cn.php
[ info ] [ ROUTE ] array (
  'type' => 'module',
  'module' => 
  array (
    0 => 'admin',
    1 => 'index',
    2 => NULL,
  ),
)
[ info ] [ HEADER ] array (
  'host' => 'localhost',
  'connection' => 'keep-alive',
  'cache-control' => 'max-age=0',
  'upgrade-insecure-requests' => '1',
  'user-agent' => 'Mozilla/5.0 (Windows NT 10.0; WOW64) AppleWebKit/537.36 (KHTML, like Gecko) Chrome/70.0.3538.25 Safari/537.36 Core/1.70.3741.400 QQBrowser/10.5.3863.400',
  'accept' => 'text/html,application/xhtml+xml,application/xml;q=0.9,image/webp,image/apng,*/*;q=0.8',
  'accept-encoding' => 'gzip, deflate, br',
  'accept-language' => 'zh-CN,zh;q=0.9',
  'cookie' => 'thinkphp_show_page_trace=0|0; thinkphp_show_page_trace=0|0',
)
[ info ] [ PARAM ] array (
)
[ info ] [ RUN ] app\admin\controller\Index->index[ G:\phpstudy\WWW\thinkphp5\application\admin\controller\Index.php ]
[ info ] [ DB ] INIT mysql
[ info ] [ VIEW ] G:\phpstudy\WWW\thinkphp5\public/../application/admin\view\index\index.html [ array (
) ]
[ info ] [ LOG ] INIT File
[ sql ] [ DB ] CONNECT:[ UseTime:0.011358s ] mysql:host=127.0.0.1;dbname=car;charset=utf8
[ sql ] [ SQL ] SHOW COLUMNS FROM `car_admin` [ RunTime:0.021500s ]
[ sql ] [ SQL ] SELECT * FROM `car_admin` WHERE  `username` = 'admin' LIMIT 1 [ RunTime:0.000807s ]
---------------------------------------------------------------
[ 2020-03-02T16:17:12+08:00 ] 0.0.0.0 GET localhost/thinkphp5/public/admin/index
[运行时间：0.152983s] [吞吐率：6.54req/s] [内存消耗：2,823.97kb] [文件加载：55]
[ info ] [ LANG ] G:\phpstudy\WWW\thinkphp5\thinkphp\lang\zh-cn.php
[ info ] [ ROUTE ] array (
  'type' => 'module',
  'module' => 
  array (
    0 => 'admin',
    1 => 'index',
    2 => NULL,
  ),
)
[ info ] [ HEADER ] array (
  'host' => 'localhost',
  'connection' => 'keep-alive',
  'cache-control' => 'max-age=0',
  'upgrade-insecure-requests' => '1',
  'user-agent' => 'Mozilla/5.0 (Windows NT 10.0; WOW64) AppleWebKit/537.36 (KHTML, like Gecko) Chrome/70.0.3538.25 Safari/537.36 Core/1.70.3741.400 QQBrowser/10.5.3863.400',
  'accept' => 'text/html,application/xhtml+xml,application/xml;q=0.9,image/webp,image/apng,*/*;q=0.8',
  'accept-encoding' => 'gzip, deflate, br',
  'accept-language' => 'zh-CN,zh;q=0.9',
  'cookie' => 'thinkphp_show_page_trace=0|0; thinkphp_show_page_trace=0|0',
)
[ info ] [ PARAM ] array (
)
[ info ] [ RUN ] app\admin\controller\Index->index[ G:\phpstudy\WWW\thinkphp5\application\admin\controller\Index.php ]
[ info ] [ DB ] INIT mysql
[ info ] [ VIEW ] G:\phpstudy\WWW\thinkphp5\public/../application/admin\view\index\index.html [ array (
) ]
[ info ] [ LOG ] INIT File
[ sql ] [ DB ] CONNECT:[ UseTime:0.001223s ] mysql:host=127.0.0.1;dbname=car;charset=utf8
[ sql ] [ SQL ] SHOW COLUMNS FROM `car_admin` [ RunTime:0.026779s ]
[ sql ] [ SQL ] SELECT * FROM `car_admin` WHERE  `username` = 'admin' LIMIT 1 [ RunTime:0.000738s ]
---------------------------------------------------------------
[ 2020-03-02T16:17:56+08:00 ] 0.0.0.0 GET localhost/thinkphp5/public/admin/index
[运行时间：0.077294s] [吞吐率：12.94req/s] [内存消耗：2,824.46kb] [文件加载：55]
[ info ] [ LANG ] G:\phpstudy\WWW\thinkphp5\thinkphp\lang\zh-cn.php
[ info ] [ ROUTE ] array (
  'type' => 'module',
  'module' => 
  array (
    0 => 'admin',
    1 => 'index',
    2 => NULL,
  ),
)
[ info ] [ HEADER ] array (
  'host' => 'localhost',
  'connection' => 'keep-alive',
  'pragma' => 'no-cache',
  'cache-control' => 'no-cache',
  'upgrade-insecure-requests' => '1',
  'user-agent' => 'Mozilla/5.0 (Windows NT 10.0; WOW64) AppleWebKit/537.36 (KHTML, like Gecko) Chrome/70.0.3538.25 Safari/537.36 Core/1.70.3741.400 QQBrowser/10.5.3863.400',
  'accept' => 'text/html,application/xhtml+xml,application/xml;q=0.9,image/webp,image/apng,*/*;q=0.8',
  'accept-encoding' => 'gzip, deflate, br',
  'accept-language' => 'zh-CN,zh;q=0.9',
  'cookie' => 'thinkphp_show_page_trace=0|0; thinkphp_show_page_trace=0|0',
)
[ info ] [ PARAM ] array (
)
[ info ] [ RUN ] app\admin\controller\Index->index[ G:\phpstudy\WWW\thinkphp5\application\admin\controller\Index.php ]
[ info ] [ DB ] INIT mysql
[ info ] [ VIEW ] G:\phpstudy\WWW\thinkphp5\public/../application/admin\view\index\index.html [ array (
) ]
[ info ] [ LOG ] INIT File
[ sql ] [ DB ] CONNECT:[ UseTime:0.001161s ] mysql:host=127.0.0.1;dbname=car;charset=utf8
[ sql ] [ SQL ] SHOW COLUMNS FROM `car_admin` [ RunTime:0.019879s ]
[ sql ] [ SQL ] SELECT * FROM `car_admin` WHERE  `username` = 'admin' LIMIT 1 [ RunTime:0.000654s ]
---------------------------------------------------------------
[ 2020-03-02T16:19:30+08:00 ] 0.0.0.0 GET localhost/thinkphp5/public/admin/index
[运行时间：0.091407s] [吞吐率：10.94req/s] [内存消耗：2,824.63kb] [文件加载：55]
[ info ] [ LANG ] G:\phpstudy\WWW\thinkphp5\thinkphp\lang\zh-cn.php
[ info ] [ ROUTE ] array (
  'type' => 'module',
  'module' => 
  array (
    0 => 'admin',
    1 => 'index',
    2 => NULL,
  ),
)
[ info ] [ HEADER ] array (
  'host' => 'localhost',
  'connection' => 'keep-alive',
  'cache-control' => 'max-age=0',
  'upgrade-insecure-requests' => '1',
  'user-agent' => 'Mozilla/5.0 (Windows NT 10.0; WOW64) AppleWebKit/537.36 (KHTML, like Gecko) Chrome/70.0.3538.25 Safari/537.36 Core/1.70.3741.400 QQBrowser/10.5.3863.400',
  'accept' => 'text/html,application/xhtml+xml,application/xml;q=0.9,image/webp,image/apng,*/*;q=0.8',
  'accept-encoding' => 'gzip, deflate, br',
  'accept-language' => 'zh-CN,zh;q=0.9',
  'cookie' => 'thinkphp_show_page_trace=0|0; thinkphp_show_page_trace=0|0',
)
[ info ] [ PARAM ] array (
)
[ info ] [ RUN ] app\admin\controller\Index->index[ G:\phpstudy\WWW\thinkphp5\application\admin\controller\Index.php ]
[ info ] [ DB ] INIT mysql
[ info ] [ VIEW ] G:\phpstudy\WWW\thinkphp5\public/../application/admin\view\index\index.html [ array (
) ]
[ info ] [ LOG ] INIT File
[ sql ] [ DB ] CONNECT:[ UseTime:0.001274s ] mysql:host=127.0.0.1;dbname=car;charset=utf8
[ sql ] [ SQL ] SHOW COLUMNS FROM `car_admin` [ RunTime:0.019859s ]
[ sql ] [ SQL ] SELECT * FROM `car_admin` WHERE  `username` = 'admin' LIMIT 1 [ RunTime:0.000792s ]
---------------------------------------------------------------
[ 2020-03-02T16:20:19+08:00 ] 0.0.0.0 GET localhost/thinkphp5/public/index/index
[运行时间：0.076967s] [吞吐率：12.99req/s] [内存消耗：1,460.54kb] [文件加载：41]
[ info ] [ LANG ] G:\phpstudy\WWW\thinkphp5\thinkphp\lang\zh-cn.php
[ info ] [ ROUTE ] array (
  'type' => 'module',
  'module' => 
  array (
    0 => 'index',
    1 => 'index',
    2 => NULL,
  ),
)
[ info ] [ HEADER ] array (
  'host' => 'localhost',
  'connection' => 'keep-alive',
  'upgrade-insecure-requests' => '1',
  'user-agent' => 'Mozilla/5.0 (Windows NT 10.0; WOW64) AppleWebKit/537.36 (KHTML, like Gecko) Chrome/70.0.3538.25 Safari/537.36 Core/1.70.3741.400 QQBrowser/10.5.3863.400',
  'accept' => 'text/html,application/xhtml+xml,application/xml;q=0.9,image/webp,image/apng,*/*;q=0.8',
  'accept-encoding' => 'gzip, deflate, br',
  'accept-language' => 'zh-CN,zh;q=0.9',
  'cookie' => 'thinkphp_show_page_trace=0|0',
)
[ info ] [ PARAM ] array (
)
[ info ] [ RUN ] app\index\controller\Index->index[ G:\phpstudy\WWW\thinkphp5\application\index\controller\Index.php ]
[ info ] [ LOG ] INIT File
---------------------------------------------------------------
[ 2020-03-02T16:20:37+08:00 ] 0.0.0.0 GET localhost/thinkphp5/public/admin/index1
[运行时间：0.086187s] [吞吐率：11.60req/s] [内存消耗：1,485.96kb] [文件加载：44]
[ info ] [ LANG ] G:\phpstudy\WWW\thinkphp5\thinkphp\lang\zh-cn.php
[ info ] [ ROUTE ] array (
  'type' => 'module',
  'module' => 
  array (
    0 => 'admin',
    1 => 'index1',
    2 => NULL,
  ),
)
[ info ] [ HEADER ] array (
  'host' => 'localhost',
  'connection' => 'keep-alive',
  'upgrade-insecure-requests' => '1',
  'user-agent' => 'Mozilla/5.0 (Windows NT 10.0; WOW64) AppleWebKit/537.36 (KHTML, like Gecko) Chrome/70.0.3538.25 Safari/537.36 Core/1.70.3741.400 QQBrowser/10.5.3863.400',
  'accept' => 'text/html,application/xhtml+xml,application/xml;q=0.9,image/webp,image/apng,*/*;q=0.8',
  'accept-encoding' => 'gzip, deflate, br',
  'accept-language' => 'zh-CN,zh;q=0.9',
  'cookie' => 'thinkphp_show_page_trace=0|0; thinkphp_show_page_trace=0|0',
)
[ info ] [ PARAM ] array (
)
[ info ] [ LOG ] INIT File
---------------------------------------------------------------
[ 2020-03-02T16:20:44+08:00 ] 0.0.0.0 GET localhost/thinkphp5/public/admin/index
[运行时间：0.095481s] [吞吐率：10.47req/s] [内存消耗：2,824.42kb] [文件加载：55]
[ info ] [ LANG ] G:\phpstudy\WWW\thinkphp5\thinkphp\lang\zh-cn.php
[ info ] [ ROUTE ] array (
  'type' => 'module',
  'module' => 
  array (
    0 => 'admin',
    1 => 'index',
    2 => NULL,
  ),
)
[ info ] [ HEADER ] array (
  'host' => 'localhost',
  'connection' => 'keep-alive',
  'upgrade-insecure-requests' => '1',
  'user-agent' => 'Mozilla/5.0 (Windows NT 10.0; WOW64) AppleWebKit/537.36 (KHTML, like Gecko) Chrome/70.0.3538.25 Safari/537.36 Core/1.70.3741.400 QQBrowser/10.5.3863.400',
  'accept' => 'text/html,application/xhtml+xml,application/xml;q=0.9,image/webp,image/apng,*/*;q=0.8',
  'accept-encoding' => 'gzip, deflate, br',
  'accept-language' => 'zh-CN,zh;q=0.9',
  'cookie' => 'thinkphp_show_page_trace=0|0; thinkphp_show_page_trace=0|0',
)
[ info ] [ PARAM ] array (
)
[ info ] [ RUN ] app\admin\controller\Index->index[ G:\phpstudy\WWW\thinkphp5\application\admin\controller\Index.php ]
[ info ] [ DB ] INIT mysql
[ info ] [ VIEW ] G:\phpstudy\WWW\thinkphp5\public/../application/admin\view\index\index.html [ array (
) ]
[ info ] [ LOG ] INIT File
[ sql ] [ DB ] CONNECT:[ UseTime:0.011338s ] mysql:host=127.0.0.1;dbname=car;charset=utf8
[ sql ] [ SQL ] SHOW COLUMNS FROM `car_admin` [ RunTime:0.020049s ]
[ sql ] [ SQL ] SELECT * FROM `car_admin` WHERE  `username` = 'admin' LIMIT 1 [ RunTime:0.000685s ]
---------------------------------------------------------------
[ 2020-03-02T16:21:02+08:00 ] 0.0.0.0 GET localhost/thinkphp5/public/admin/index
[运行时间：0.112898s] [吞吐率：8.86req/s] [内存消耗：2,824.38kb] [文件加载：55]
[ info ] [ LANG ] G:\phpstudy\WWW\thinkphp5\thinkphp\lang\zh-cn.php
[ info ] [ ROUTE ] array (
  'type' => 'module',
  'module' => 
  array (
    0 => 'admin',
    1 => 'index',
    2 => NULL,
  ),
)
[ info ] [ HEADER ] array (
  'host' => 'localhost',
  'connection' => 'keep-alive',
  'cache-control' => 'max-age=0',
  'upgrade-insecure-requests' => '1',
  'user-agent' => 'Mozilla/5.0 (Windows NT 10.0; WOW64) AppleWebKit/537.36 (KHTML, like Gecko) Chrome/70.0.3538.25 Safari/537.36 Core/1.70.3741.400 QQBrowser/10.5.3863.400',
  'accept' => 'text/html,application/xhtml+xml,application/xml;q=0.9,image/webp,image/apng,*/*;q=0.8',
  'accept-encoding' => 'gzip, deflate, br',
  'accept-language' => 'zh-CN,zh;q=0.9',
  'cookie' => 'thinkphp_show_page_trace=0|0; thinkphp_show_page_trace=0|0',
)
[ info ] [ PARAM ] array (
)
[ info ] [ RUN ] app\admin\controller\Index->index[ G:\phpstudy\WWW\thinkphp5\application\admin\controller\Index.php ]
[ info ] [ DB ] INIT mysql
[ info ] [ VIEW ] G:\phpstudy\WWW\thinkphp5\public/../application/admin\view\index\index.html [ array (
) ]
[ info ] [ LOG ] INIT File
[ sql ] [ DB ] CONNECT:[ UseTime:0.011838s ] mysql:host=127.0.0.1;dbname=car;charset=utf8
[ sql ] [ SQL ] SHOW COLUMNS FROM `car_admin` [ RunTime:0.023812s ]
[ sql ] [ SQL ] SELECT * FROM `car_admin` WHERE  `username` = 'admin' LIMIT 1 [ RunTime:0.000946s ]
---------------------------------------------------------------
[ 2020-03-02T16:21:46+08:00 ] 0.0.0.0 GET localhost/thinkphp5/public/admin/hello
[运行时间：0.041399s] [吞吐率：24.16req/s] [内存消耗：1,486.09kb] [文件加载：44]
[ info ] [ LANG ] G:\phpstudy\WWW\thinkphp5\thinkphp\lang\zh-cn.php
[ info ] [ ROUTE ] array (
  'type' => 'module',
  'module' => 
  array (
    0 => 'admin',
    1 => 'hello',
    2 => NULL,
  ),
)
[ info ] [ HEADER ] array (
  'host' => 'localhost',
  'connection' => 'keep-alive',
  'upgrade-insecure-requests' => '1',
  'user-agent' => 'Mozilla/5.0 (Windows NT 10.0; WOW64) AppleWebKit/537.36 (KHTML, like Gecko) Chrome/70.0.3538.25 Safari/537.36 Core/1.70.3741.400 QQBrowser/10.5.3863.400',
  'accept' => 'text/html,application/xhtml+xml,application/xml;q=0.9,image/webp,image/apng,*/*;q=0.8',
  'accept-encoding' => 'gzip, deflate, br',
  'accept-language' => 'zh-CN,zh;q=0.9',
  'cookie' => 'thinkphp_show_page_trace=0|0; thinkphp_show_page_trace=0|0',
)
[ info ] [ PARAM ] array (
)
[ info ] [ LOG ] INIT File
---------------------------------------------------------------
[ 2020-03-02T16:21:55+08:00 ] 0.0.0.0 GET localhost/thinkphp5/public/admin/index/hello
[运行时间：0.056172s] [吞吐率：17.80req/s] [内存消耗：1,762.27kb] [文件加载：50]
[ info ] [ LANG ] G:\phpstudy\WWW\thinkphp5\thinkphp\lang\zh-cn.php
[ info ] [ ROUTE ] array (
  'type' => 'module',
  'module' => 
  array (
    0 => 'admin',
    1 => 'index',
    2 => 'hello',
  ),
)
[ info ] [ HEADER ] array (
  'host' => 'localhost',
  'connection' => 'keep-alive',
  'upgrade-insecure-requests' => '1',
  'user-agent' => 'Mozilla/5.0 (Windows NT 10.0; WOW64) AppleWebKit/537.36 (KHTML, like Gecko) Chrome/70.0.3538.25 Safari/537.36 Core/1.70.3741.400 QQBrowser/10.5.3863.400',
  'accept' => 'text/html,application/xhtml+xml,application/xml;q=0.9,image/webp,image/apng,*/*;q=0.8',
  'accept-encoding' => 'gzip, deflate, br',
  'accept-language' => 'zh-CN,zh;q=0.9',
  'cookie' => 'thinkphp_show_page_trace=0|0; thinkphp_show_page_trace=0|0',
)
[ info ] [ PARAM ] array (
)
[ info ] [ LOG ] INIT File
---------------------------------------------------------------
[ 2020-03-02T16:22:03+08:00 ] 0.0.0.0 GET localhost/thinkphp5/public/admin/index/hello/1
[运行时间：0.063577s] [吞吐率：15.73req/s] [内存消耗：1,762.41kb] [文件加载：50]
[ info ] [ LANG ] G:\phpstudy\WWW\thinkphp5\thinkphp\lang\zh-cn.php
[ info ] [ ROUTE ] array (
  'type' => 'module',
  'module' => 
  array (
    0 => 'admin',
    1 => 'index',
    2 => 'hello',
  ),
)
[ info ] [ HEADER ] array (
  'host' => 'localhost',
  'connection' => 'keep-alive',
  'upgrade-insecure-requests' => '1',
  'user-agent' => 'Mozilla/5.0 (Windows NT 10.0; WOW64) AppleWebKit/537.36 (KHTML, like Gecko) Chrome/70.0.3538.25 Safari/537.36 Core/1.70.3741.400 QQBrowser/10.5.3863.400',
  'accept' => 'text/html,application/xhtml+xml,application/xml;q=0.9,image/webp,image/apng,*/*;q=0.8',
  'accept-encoding' => 'gzip, deflate, br',
  'accept-language' => 'zh-CN,zh;q=0.9',
  'cookie' => 'thinkphp_show_page_trace=0|0; thinkphp_show_page_trace=0|0; thinkphp_show_page_trace=0|0',
)
[ info ] [ PARAM ] array (
)
[ info ] [ LOG ] INIT File
---------------------------------------------------------------
[ 2020-03-02T16:22:33+08:00 ] 0.0.0.0 GET localhost/thinkphp5/public/index/hello/1
[运行时间：0.049135s] [吞吐率：20.35req/s] [内存消耗：1,486.02kb] [文件加载：44]
[ info ] [ LANG ] G:\phpstudy\WWW\thinkphp5\thinkphp\lang\zh-cn.php
[ info ] [ ROUTE ] array (
  'type' => 'module',
  'module' => 
  array (
    0 => 'index',
    1 => 'hello',
    2 => '1',
  ),
)
[ info ] [ HEADER ] array (
  'host' => 'localhost',
  'connection' => 'keep-alive',
  'upgrade-insecure-requests' => '1',
  'user-agent' => 'Mozilla/5.0 (Windows NT 10.0; WOW64) AppleWebKit/537.36 (KHTML, like Gecko) Chrome/70.0.3538.25 Safari/537.36 Core/1.70.3741.400 QQBrowser/10.5.3863.400',
  'accept' => 'text/html,application/xhtml+xml,application/xml;q=0.9,image/webp,image/apng,*/*;q=0.8',
  'accept-encoding' => 'gzip, deflate, br',
  'accept-language' => 'zh-CN,zh;q=0.9',
  'cookie' => 'thinkphp_show_page_trace=0|0; thinkphp_show_page_trace=0|0',
)
[ info ] [ PARAM ] array (
)
[ info ] [ LOG ] INIT File
---------------------------------------------------------------
[ 2020-03-02T16:22:39+08:00 ] 0.0.0.0 GET localhost/thinkphp5/public/index/index/1
[运行时间：0.062210s] [吞吐率：16.07req/s] [内存消耗：1,482.05kb] [文件加载：44]
[ info ] [ LANG ] G:\phpstudy\WWW\thinkphp5\thinkphp\lang\zh-cn.php
[ info ] [ ROUTE ] array (
  'type' => 'module',
  'module' => 
  array (
    0 => 'index',
    1 => 'index',
    2 => '1',
  ),
)
[ info ] [ HEADER ] array (
  'host' => 'localhost',
  'connection' => 'keep-alive',
  'upgrade-insecure-requests' => '1',
  'user-agent' => 'Mozilla/5.0 (Windows NT 10.0; WOW64) AppleWebKit/537.36 (KHTML, like Gecko) Chrome/70.0.3538.25 Safari/537.36 Core/1.70.3741.400 QQBrowser/10.5.3863.400',
  'accept' => 'text/html,application/xhtml+xml,application/xml;q=0.9,image/webp,image/apng,*/*;q=0.8',
  'accept-encoding' => 'gzip, deflate, br',
  'accept-language' => 'zh-CN,zh;q=0.9',
  'cookie' => 'thinkphp_show_page_trace=0|0; thinkphp_show_page_trace=0|0',
)
[ info ] [ PARAM ] array (
)
[ info ] [ LOG ] INIT File
---------------------------------------------------------------
[ 2020-03-02T16:22:45+08:00 ] 0.0.0.0 GET localhost/thinkphp5/public/index/index/hello
[运行时间：0.050205s] [吞吐率：19.92req/s] [内存消耗：1,477.03kb] [文件加载：43]
[ info ] [ LANG ] G:\phpstudy\WWW\thinkphp5\thinkphp\lang\zh-cn.php
[ info ] [ ROUTE ] array (
  'type' => 'module',
  'module' => 
  array (
    0 => 'index',
    1 => 'index',
    2 => 'hello',
  ),
)
[ info ] [ HEADER ] array (
  'host' => 'localhost',
  'connection' => 'keep-alive',
  'upgrade-insecure-requests' => '1',
  'user-agent' => 'Mozilla/5.0 (Windows NT 10.0; WOW64) AppleWebKit/537.36 (KHTML, like Gecko) Chrome/70.0.3538.25 Safari/537.36 Core/1.70.3741.400 QQBrowser/10.5.3863.400',
  'accept' => 'text/html,application/xhtml+xml,application/xml;q=0.9,image/webp,image/apng,*/*;q=0.8',
  'accept-encoding' => 'gzip, deflate, br',
  'accept-language' => 'zh-CN,zh;q=0.9',
  'cookie' => 'thinkphp_show_page_trace=0|0; thinkphp_show_page_trace=0|0; thinkphp_show_page_trace=0|0',
)
[ info ] [ PARAM ] array (
)
[ info ] [ LOG ] INIT File
[ error ] [0]方法参数错误:id[G:\phpstudy\WWW\thinkphp5\thinkphp\library\think\App.php:431]
---------------------------------------------------------------
[ 2020-03-02T16:22:51+08:00 ] 0.0.0.0 GET localhost/thinkphp5/public/index/index/hello/1
[运行时间：0.046666s] [吞吐率：21.43req/s] [内存消耗：1,477.00kb] [文件加载：43]
[ info ] [ LANG ] G:\phpstudy\WWW\thinkphp5\thinkphp\lang\zh-cn.php
[ info ] [ ROUTE ] array (
  'type' => 'module',
  'module' => 
  array (
    0 => 'index',
    1 => 'index',
    2 => 'hello',
  ),
)
[ info ] [ HEADER ] array (
  'host' => 'localhost',
  'connection' => 'keep-alive',
  'upgrade-insecure-requests' => '1',
  'user-agent' => 'Mozilla/5.0 (Windows NT 10.0; WOW64) AppleWebKit/537.36 (KHTML, like Gecko) Chrome/70.0.3538.25 Safari/537.36 Core/1.70.3741.400 QQBrowser/10.5.3863.400',
  'accept' => 'text/html,application/xhtml+xml,application/xml;q=0.9,image/webp,image/apng,*/*;q=0.8',
  'accept-encoding' => 'gzip, deflate, br',
  'accept-language' => 'zh-CN,zh;q=0.9',
  'cookie' => 'thinkphp_show_page_trace=0|0; thinkphp_show_page_trace=0|0; thinkphp_show_page_trace=0|0',
)
[ info ] [ PARAM ] array (
)
[ info ] [ LOG ] INIT File
[ error ] [0]方法参数错误:id[G:\phpstudy\WWW\thinkphp5\thinkphp\library\think\App.php:431]
---------------------------------------------------------------
[ 2020-03-02T16:23:28+08:00 ] 0.0.0.0 GET localhost/thinkphp5/public/index/index/hello
[运行时间：0.046342s] [吞吐率：21.58req/s] [内存消耗：1,477.04kb] [文件加载：43]
[ info ] [ LANG ] G:\phpstudy\WWW\thinkphp5\thinkphp\lang\zh-cn.php
[ info ] [ ROUTE ] array (
  'type' => 'module',
  'module' => 
  array (
    0 => 'index',
    1 => 'index',
    2 => 'hello',
  ),
)
[ info ] [ HEADER ] array (
  'host' => 'localhost',
  'connection' => 'keep-alive',
  'upgrade-insecure-requests' => '1',
  'user-agent' => 'Mozilla/5.0 (Windows NT 10.0; WOW64) AppleWebKit/537.36 (KHTML, like Gecko) Chrome/70.0.3538.25 Safari/537.36 Core/1.70.3741.400 QQBrowser/10.5.3863.400',
  'accept' => 'text/html,application/xhtml+xml,application/xml;q=0.9,image/webp,image/apng,*/*;q=0.8',
  'accept-encoding' => 'gzip, deflate, br',
  'accept-language' => 'zh-CN,zh;q=0.9',
  'cookie' => 'thinkphp_show_page_trace=0|0; thinkphp_show_page_trace=0|0; thinkphp_show_page_trace=0|0; thinkphp_show_page_trace=0|0',
)
[ info ] [ PARAM ] array (
)
[ info ] [ LOG ] INIT File
[ error ] [0]方法参数错误:id[G:\phpstudy\WWW\thinkphp5\thinkphp\library\think\App.php:431]
---------------------------------------------------------------
[ 2020-03-02T16:28:26+08:00 ] 0.0.0.0 GET localhost/thinkphp5/public/index/index/hello
[运行时间：0.053707s] [吞吐率：18.62req/s] [内存消耗：1,477.23kb] [文件加载：43]
[ info ] [ LANG ] G:\phpstudy\WWW\thinkphp5\thinkphp\lang\zh-cn.php
[ info ] [ ROUTE ] array (
  'type' => 'module',
  'module' => 
  array (
    0 => 'index',
    1 => 'index',
    2 => 'hello',
  ),
)
[ info ] [ HEADER ] array (
  'host' => 'localhost',
  'connection' => 'keep-alive',
  'upgrade-insecure-requests' => '1',
  'user-agent' => 'Mozilla/5.0 (Windows NT 10.0; WOW64) AppleWebKit/537.36 (KHTML, like Gecko) Chrome/70.0.3538.25 Safari/537.36 Core/1.70.3741.400 QQBrowser/10.5.3863.400',
  'accept' => 'text/html,application/xhtml+xml,application/xml;q=0.9,image/webp,image/apng,*/*;q=0.8',
  'accept-encoding' => 'gzip, deflate, br',
  'accept-language' => 'zh-CN,zh;q=0.9',
  'cookie' => 'thinkphp_show_page_trace=0|0; thinkphp_show_page_trace=0|0; thinkphp_show_page_trace=0|0; thinkphp_show_page_trace=0|0',
)
[ info ] [ PARAM ] array (
)
[ info ] [ LOG ] INIT File
[ error ] [0]方法参数错误:id[G:\phpstudy\WWW\thinkphp5\thinkphp\library\think\App.php:431]
---------------------------------------------------------------
[ 2020-03-02T16:28:31+08:00 ] 0.0.0.0 GET localhost/thinkphp5/public/index/index
[运行时间：0.048017s] [吞吐率：20.83req/s] [内存消耗：1,494.95kb] [文件加载：45]
[ info ] [ LANG ] G:\phpstudy\WWW\thinkphp5\thinkphp\lang\zh-cn.php
[ info ] [ ROUTE ] array (
  'type' => 'module',
  'module' => 
  array (
    0 => 'index',
    1 => 'index',
    2 => NULL,
  ),
)
[ info ] [ HEADER ] array (
  'host' => 'localhost',
  'connection' => 'keep-alive',
  'upgrade-insecure-requests' => '1',
  'user-agent' => 'Mozilla/5.0 (Windows NT 10.0; WOW64) AppleWebKit/537.36 (KHTML, like Gecko) Chrome/70.0.3538.25 Safari/537.36 Core/1.70.3741.400 QQBrowser/10.5.3863.400',
  'accept' => 'text/html,application/xhtml+xml,application/xml;q=0.9,image/webp,image/apng,*/*;q=0.8',
  'accept-encoding' => 'gzip, deflate, br',
  'accept-language' => 'zh-CN,zh;q=0.9',
  'cookie' => 'thinkphp_show_page_trace=0|0; thinkphp_show_page_trace=0|0; thinkphp_show_page_trace=0|0',
)
[ info ] [ PARAM ] array (
)
[ info ] [ RUN ] app\index\controller\Index->index[ G:\phpstudy\WWW\thinkphp5\application\index\controller\Index.php ]
[ info ] [ LOG ] INIT File
[ error ] [1]Call to undefined method app\index\controller\Index::fetch()[G:\phpstudy\WWW\thinkphp5\application\index\controller\Index.php:10]
---------------------------------------------------------------
[ 2020-03-02T16:28:56+08:00 ] 0.0.0.0 GET localhost/thinkphp5/public/index/index
[运行时间：0.040109s] [吞吐率：24.93req/s] [内存消耗：1,494.46kb] [文件加载：45]
[ info ] [ LANG ] G:\phpstudy\WWW\thinkphp5\thinkphp\lang\zh-cn.php
[ info ] [ ROUTE ] array (
  'type' => 'module',
  'module' => 
  array (
    0 => 'index',
    1 => 'index',
    2 => NULL,
  ),
)
[ info ] [ HEADER ] array (
  'host' => 'localhost',
  'connection' => 'keep-alive',
  'cache-control' => 'max-age=0',
  'upgrade-insecure-requests' => '1',
  'user-agent' => 'Mozilla/5.0 (Windows NT 10.0; WOW64) AppleWebKit/537.36 (KHTML, like Gecko) Chrome/70.0.3538.25 Safari/537.36 Core/1.70.3741.400 QQBrowser/10.5.3863.400',
  'accept' => 'text/html,application/xhtml+xml,application/xml;q=0.9,image/webp,image/apng,*/*;q=0.8',
  'accept-encoding' => 'gzip, deflate, br',
  'accept-language' => 'zh-CN,zh;q=0.9',
  'cookie' => 'thinkphp_show_page_trace=0|0; thinkphp_show_page_trace=0|0; thinkphp_show_page_trace=0|0',
)
[ info ] [ PARAM ] array (
)
[ info ] [ LOG ] INIT File
[ error ] [1]Class 'think\controller' not found[G:\phpstudy\WWW\thinkphp5\application\index\controller\Index.php:7]
---------------------------------------------------------------
[ 2020-03-02T16:29:14+08:00 ] 0.0.0.0 GET localhost/thinkphp5/public/index/index
[运行时间：0.053168s] [吞吐率：18.81req/s] [内存消耗：1,764.47kb] [文件加载：50]
[ info ] [ LANG ] G:\phpstudy\WWW\thinkphp5\thinkphp\lang\zh-cn.php
[ info ] [ ROUTE ] array (
  'type' => 'module',
  'module' => 
  array (
    0 => 'index',
    1 => 'index',
    2 => NULL,
  ),
)
[ info ] [ HEADER ] array (
  'host' => 'localhost',
  'connection' => 'keep-alive',
  'cache-control' => 'max-age=0',
  'upgrade-insecure-requests' => '1',
  'user-agent' => 'Mozilla/5.0 (Windows NT 10.0; WOW64) AppleWebKit/537.36 (KHTML, like Gecko) Chrome/70.0.3538.25 Safari/537.36 Core/1.70.3741.400 QQBrowser/10.5.3863.400',
  'accept' => 'text/html,application/xhtml+xml,application/xml;q=0.9,image/webp,image/apng,*/*;q=0.8',
  'accept-encoding' => 'gzip, deflate, br',
  'accept-language' => 'zh-CN,zh;q=0.9',
  'cookie' => 'thinkphp_show_page_trace=0|0; thinkphp_show_page_trace=0|0; thinkphp_show_page_trace=0|0',
)
[ info ] [ PARAM ] array (
)
[ info ] [ RUN ] app\index\controller\Index->index[ G:\phpstudy\WWW\thinkphp5\application\index\controller\Index.php ]
[ info ] [ LOG ] INIT File
[ error ] [0]模板文件不存在:G:\phpstudy\WWW\thinkphp5\public/../application/index\view\index\index.html[G:\phpstudy\WWW\thinkphp5\thinkphp\library\think\view\driver\Think.php:82]
---------------------------------------------------------------
[ 2020-03-02T16:29:41+08:00 ] 0.0.0.0 GET localhost/thinkphp5/public/index/index
[运行时间：0.048566s] [吞吐率：20.59req/s] [内存消耗：1,881.44kb] [文件加载：50]
[ info ] [ LANG ] G:\phpstudy\WWW\thinkphp5\thinkphp\lang\zh-cn.php
[ info ] [ ROUTE ] array (
  'type' => 'module',
  'module' => 
  array (
    0 => 'index',
    1 => 'index',
    2 => NULL,
  ),
)
[ info ] [ HEADER ] array (
  'host' => 'localhost',
  'connection' => 'keep-alive',
  'cache-control' => 'max-age=0',
  'upgrade-insecure-requests' => '1',
  'user-agent' => 'Mozilla/5.0 (Windows NT 10.0; WOW64) AppleWebKit/537.36 (KHTML, like Gecko) Chrome/70.0.3538.25 Safari/537.36 Core/1.70.3741.400 QQBrowser/10.5.3863.400',
  'accept' => 'text/html,application/xhtml+xml,application/xml;q=0.9,image/webp,image/apng,*/*;q=0.8',
  'accept-encoding' => 'gzip, deflate, br',
  'accept-language' => 'zh-CN,zh;q=0.9',
  'cookie' => 'thinkphp_show_page_trace=0|0; thinkphp_show_page_trace=0|0; thinkphp_show_page_trace=0|0',
)
[ info ] [ PARAM ] array (
)
[ info ] [ RUN ] app\index\controller\Index->index[ G:\phpstudy\WWW\thinkphp5\application\index\controller\Index.php ]
[ info ] [ VIEW ] G:\phpstudy\WWW\thinkphp5\public/../application/index\view\index\index.html [ array (
) ]
[ info ] [ LOG ] INIT File
---------------------------------------------------------------
[ 2020-03-02T16:30:02+08:00 ] 0.0.0.0 GET localhost/thinkphp5/public/
[运行时间：0.051407s] [吞吐率：19.45req/s] [内存消耗：1,743.50kb] [文件加载：48]
[ info ] [ LANG ] G:\phpstudy\WWW\thinkphp5\thinkphp\lang\zh-cn.php
[ info ] [ ROUTE ] array (
  'type' => 'module',
  'module' => 
  array (
    0 => '',
    1 => NULL,
    2 => NULL,
  ),
)
[ info ] [ HEADER ] array (
  'host' => 'localhost',
  'connection' => 'keep-alive',
  'upgrade-insecure-requests' => '1',
  'user-agent' => 'Mozilla/5.0 (Windows NT 10.0; WOW64) AppleWebKit/537.36 (KHTML, like Gecko) Chrome/70.0.3538.25 Safari/537.36 Core/1.70.3741.400 QQBrowser/10.5.3863.400',
  'accept' => 'text/html,application/xhtml+xml,application/xml;q=0.9,image/webp,image/apng,*/*;q=0.8',
  'accept-encoding' => 'gzip, deflate, br',
  'accept-language' => 'zh-CN,zh;q=0.9',
  'cookie' => 'thinkphp_show_page_trace=0|0',
)
[ info ] [ PARAM ] array (
)
[ info ] [ RUN ] app\index\controller\Index->index[ G:\phpstudy\WWW\thinkphp5\application\index\controller\Index.php ]
[ info ] [ VIEW ] G:\phpstudy\WWW\thinkphp5\public/../application/index\view\index\index.html [ array (
) ]
[ info ] [ LOG ] INIT File
