---------------------------------------------------------------
[ 2020-03-14T19:07:02+08:00 ] 0.0.0.0 GET localhost/tpshop/public/admin
[运行时间：0.692040s] [吞吐率：1.45req/s] [内存消耗：1,808.59kb] [文件加载：52]
[ info ] [ LANG ] D:\phpStudy\WWW\tpshop\thinkphp\lang\zh-cn.php
[ info ] [ ROUTE ] array (
  'type' => 'module',
  'module' => 
  array (
    0 => 'admin',
    1 => NULL,
    2 => NULL,
  ),
)
[ info ] [ HEADER ] array (
  'host' => 'localhost',
  'connection' => 'keep-alive',
  'upgrade-insecure-requests' => '1',
  'user-agent' => 'Mozilla/5.0 (Windows NT 6.1) AppleWebKit/537.36 (KHTML, like Gecko) Chrome/63.0.3239.132 Safari/537.36',
  'accept' => 'text/html,application/xhtml+xml,application/xml;q=0.9,image/webp,image/apng,*/*;q=0.8',
  'accept-encoding' => 'gzip, deflate, br',
  'accept-language' => 'zh-CN,zh;q=0.9',
  'cookie' => 'pgv_pvi=4871092224',
)
[ info ] [ PARAM ] array (
)
[ info ] [ RUN ] app\admin\controller\Index->index[ D:\phpStudy\WWW\tpshop\application\admin\controller\Index.php ]
[ info ] [ VIEW ] D:\phpStudy\WWW\tpshop\public/../application/admin\view\index\index.html [ array (
) ]
[ info ] [ LOG ] INIT File
---------------------------------------------------------------
[ 2020-03-14T19:07:02+08:00 ] 0.0.0.0 GET localhost/tpshop/public/admin
[运行时间：0.692040s] [吞吐率：1.45req/s] [内存消耗：1,808.59kb] [文件加载：52]
[ info ] [ LANG ] D:\phpStudy\WWW\tpshop\thinkphp\lang\zh-cn.php
[ info ] [ ROUTE ] array (
  'type' => 'module',
  'module' => 
  array (
    0 => 'admin',
    1 => NULL,
    2 => NULL,
  ),
)
[ info ] [ HEADER ] array (
  'host' => 'localhost',
  'connection' => 'keep-alive',
  'upgrade-insecure-requests' => '1',
  'user-agent' => 'Mozilla/5.0 (Windows NT 6.1) AppleWebKit/537.36 (KHTML, like Gecko) Chrome/63.0.3239.132 Safari/537.36',
  'accept' => 'text/html,application/xhtml+xml,application/xml;q=0.9,image/webp,image/apng,*/*;q=0.8',
  'accept-encoding' => 'gzip, deflate, br',
  'accept-language' => 'zh-CN,zh;q=0.9',
  'cookie' => 'pgv_pvi=4871092224',
)
[ info ] [ PARAM ] array (
)
[ info ] [ RUN ] app\admin\controller\Index->index[ D:\phpStudy\WWW\tpshop\application\admin\controller\Index.php ]
[ info ] [ VIEW ] D:\phpStudy\WWW\tpshop\public/../application/admin\view\index\index.html [ array (
) ]
[ info ] [ LOG ] INIT File
---------------------------------------------------------------
[ 2020-03-14T19:07:02+08:00 ] 0.0.0.0 GET localhost/tpshop/public/admin/index/welcome.html
[运行时间：0.078004s] [吞吐率：12.82req/s] [内存消耗：1,751.84kb] [文件加载：51]
[ info ] [ LANG ] D:\phpStudy\WWW\tpshop\thinkphp\lang\zh-cn.php
[ info ] [ ROUTE ] array (
  'type' => 'module',
  'module' => 
  array (
    0 => 'admin',
    1 => 'index',
    2 => 'welcome',
  ),
)
[ info ] [ HEADER ] array (
  'host' => 'localhost',
  'connection' => 'keep-alive',
  'upgrade-insecure-requests' => '1',
  'user-agent' => 'Mozilla/5.0 (Windows NT 6.1) AppleWebKit/537.36 (KHTML, like Gecko) Chrome/63.0.3239.132 Safari/537.36',
  'accept' => 'text/html,application/xhtml+xml,application/xml;q=0.9,image/webp,image/apng,*/*;q=0.8',
  'referer' => 'http://localhost/tpshop/public/admin',
  'accept-encoding' => 'gzip, deflate, br',
  'accept-language' => 'zh-CN,zh;q=0.9',
  'cookie' => 'pgv_pvi=4871092224',
)
[ info ] [ PARAM ] array (
)
[ info ] [ RUN ] app\admin\controller\Index->welcome[ D:\phpStudy\WWW\tpshop\application\admin\controller\Index.php ]
[ info ] [ VIEW ] D:\phpStudy\WWW\tpshop\public/../application/admin\view\index\welcome.html [ array (
) ]
[ info ] [ LOG ] INIT File
---------------------------------------------------------------
[ 2020-03-14T19:07:13+08:00 ] 0.0.0.0 GET localhost/tpshop/public/admin/admin/index.html
[运行时间：0.082005s] [吞吐率：12.19req/s] [内存消耗：1,743.17kb] [文件加载：50]
[ info ] [ LANG ] D:\phpStudy\WWW\tpshop\thinkphp\lang\zh-cn.php
[ info ] [ ROUTE ] array (
  'type' => 'module',
  'module' => 
  array (
    0 => 'admin',
    1 => 'admin',
    2 => 'index',
  ),
)
[ info ] [ HEADER ] array (
  'host' => 'localhost',
  'connection' => 'keep-alive',
  'upgrade-insecure-requests' => '1',
  'user-agent' => 'Mozilla/5.0 (Windows NT 6.1) AppleWebKit/537.36 (KHTML, like Gecko) Chrome/63.0.3239.132 Safari/537.36',
  'accept' => 'text/html,application/xhtml+xml,application/xml;q=0.9,image/webp,image/apng,*/*;q=0.8',
  'referer' => 'http://localhost/tpshop/public/admin',
  'accept-encoding' => 'gzip, deflate, br',
  'accept-language' => 'zh-CN,zh;q=0.9',
  'cookie' => 'thinkphp_show_page_trace=0|0; pgv_pvi=4871092224',
)
[ info ] [ PARAM ] array (
)
[ info ] [ RUN ] app\admin\controller\Admin->index[ D:\phpStudy\WWW\tpshop\application\admin\controller\Admin.php ]
[ info ] [ VIEW ] D:\phpStudy\WWW\tpshop\public/../application/admin\view\admin\index.html [ array (
) ]
[ info ] [ LOG ] INIT File
---------------------------------------------------------------
[ 2020-03-14T19:07:15+08:00 ] 0.0.0.0 GET localhost/tpshop/public/admin/role/index.html
[运行时间：0.207012s] [吞吐率：4.83req/s] [内存消耗：1,747.77kb] [文件加载：51]
[ info ] [ LANG ] D:\phpStudy\WWW\tpshop\thinkphp\lang\zh-cn.php
[ info ] [ ROUTE ] array (
  'type' => 'module',
  'module' => 
  array (
    0 => 'admin',
    1 => 'role',
    2 => 'index',
  ),
)
[ info ] [ HEADER ] array (
  'host' => 'localhost',
  'connection' => 'keep-alive',
  'upgrade-insecure-requests' => '1',
  'user-agent' => 'Mozilla/5.0 (Windows NT 6.1) AppleWebKit/537.36 (KHTML, like Gecko) Chrome/63.0.3239.132 Safari/537.36',
  'accept' => 'text/html,application/xhtml+xml,application/xml;q=0.9,image/webp,image/apng,*/*;q=0.8',
  'referer' => 'http://localhost/tpshop/public/admin',
  'accept-encoding' => 'gzip, deflate, br',
  'accept-language' => 'zh-CN,zh;q=0.9',
  'cookie' => 'thinkphp_show_page_trace=0|0; pgv_pvi=4871092224',
)
[ info ] [ PARAM ] array (
)
[ info ] [ RUN ] app\admin\controller\Role->index[ D:\phpStudy\WWW\tpshop\application\admin\controller\Role.php ]
[ info ] [ VIEW ] D:\phpStudy\WWW\tpshop\public/../application/admin\view\role\index.html [ array (
) ]
[ info ] [ LOG ] INIT File
---------------------------------------------------------------
[ 2020-03-14T19:07:39+08:00 ] 0.0.0.0 GET localhost/tpshop/public/admin
[运行时间：0.818046s] [吞吐率：1.22req/s] [内存消耗：1,956.16kb] [文件加载：54]
[ info ] [ LANG ] D:\phpStudy\WWW\tpshop\thinkphp\lang\zh-cn.php
[ info ] [ ROUTE ] array (
  'type' => 'module',
  'module' => 
  array (
    0 => 'admin',
    1 => NULL,
    2 => NULL,
  ),
)
[ info ] [ HEADER ] array (
  'host' => 'localhost',
  'connection' => 'keep-alive',
  'cache-control' => 'max-age=0',
  'upgrade-insecure-requests' => '1',
  'user-agent' => 'Mozilla/5.0 (Windows NT 6.1) AppleWebKit/537.36 (KHTML, like Gecko) Chrome/63.0.3239.132 Safari/537.36',
  'accept' => 'text/html,application/xhtml+xml,application/xml;q=0.9,image/webp,image/apng,*/*;q=0.8',
  'accept-encoding' => 'gzip, deflate, br',
  'accept-language' => 'zh-CN,zh;q=0.9',
  'cookie' => 'thinkphp_show_page_trace=0|0; pgv_pvi=4871092224',
)
[ info ] [ PARAM ] array (
)
[ info ] [ RUN ] app\admin\controller\Index->index[ D:\phpStudy\WWW\tpshop\application\admin\controller\Index.php ]
[ info ] [ VIEW ] D:\phpStudy\WWW\tpshop\public/../application/admin\view\index\index.html [ array (
) ]
[ info ] [ LOG ] INIT File
---------------------------------------------------------------
[ 2020-03-14T19:07:40+08:00 ] 0.0.0.0 GET localhost/tpshop/public/admin/index/welcome.html
[运行时间：0.038002s] [吞吐率：26.31req/s] [内存消耗：1,753.38kb] [文件加载：51]
[ info ] [ LANG ] D:\phpStudy\WWW\tpshop\thinkphp\lang\zh-cn.php
[ info ] [ ROUTE ] array (
  'type' => 'module',
  'module' => 
  array (
    0 => 'admin',
    1 => 'index',
    2 => 'welcome',
  ),
)
[ info ] [ HEADER ] array (
  'host' => 'localhost',
  'connection' => 'keep-alive',
  'upgrade-insecure-requests' => '1',
  'user-agent' => 'Mozilla/5.0 (Windows NT 6.1) AppleWebKit/537.36 (KHTML, like Gecko) Chrome/63.0.3239.132 Safari/537.36',
  'accept' => 'text/html,application/xhtml+xml,application/xml;q=0.9,image/webp,image/apng,*/*;q=0.8',
  'referer' => 'http://localhost/tpshop/public/admin',
  'accept-encoding' => 'gzip, deflate, br',
  'accept-language' => 'zh-CN,zh;q=0.9',
  'cookie' => 'thinkphp_show_page_trace=0|0; thinkphp_show_page_trace=0|0; pgv_pvi=4871092224',
)
[ info ] [ PARAM ] array (
)
[ info ] [ RUN ] app\admin\controller\Index->welcome[ D:\phpStudy\WWW\tpshop\application\admin\controller\Index.php ]
[ info ] [ VIEW ] D:\phpStudy\WWW\tpshop\public/../application/admin\view\index\welcome.html [ array (
) ]
[ info ] [ LOG ] INIT File
---------------------------------------------------------------
[ 2020-03-14T19:07:48+08:00 ] 0.0.0.0 GET localhost/tpshop/public/admin/database/index.html
[运行时间：0.048002s] [吞吐率：20.83req/s] [内存消耗：1,965.84kb] [文件加载：53]
[ info ] [ LANG ] D:\phpStudy\WWW\tpshop\thinkphp\lang\zh-cn.php
[ info ] [ ROUTE ] array (
  'type' => 'module',
  'module' => 
  array (
    0 => 'admin',
    1 => 'database',
    2 => 'index',
  ),
)
[ info ] [ HEADER ] array (
  'host' => 'localhost',
  'connection' => 'keep-alive',
  'upgrade-insecure-requests' => '1',
  'user-agent' => 'Mozilla/5.0 (Windows NT 6.1) AppleWebKit/537.36 (KHTML, like Gecko) Chrome/63.0.3239.132 Safari/537.36',
  'accept' => 'text/html,application/xhtml+xml,application/xml;q=0.9,image/webp,image/apng,*/*;q=0.8',
  'referer' => 'http://localhost/tpshop/public/admin',
  'accept-encoding' => 'gzip, deflate, br',
  'accept-language' => 'zh-CN,zh;q=0.9',
  'cookie' => 'thinkphp_show_page_trace=0|0; pgv_pvi=4871092224',
)
[ info ] [ PARAM ] array (
)
[ info ] [ RUN ] app\admin\controller\Database->index[ D:\phpStudy\WWW\tpshop\application\admin\controller\Database.php ]
[ info ] [ VIEW ] D:\phpStudy\WWW\tpshop\public/../application/admin\view\database\index.html [ array (
) ]
[ info ] [ LOG ] INIT File
---------------------------------------------------------------
[ 2020-03-14T19:07:48+08:00 ] 0.0.0.0 GET localhost/tpshop/public/static/admin/lib/jquery/jquery.min.js
[运行时间：0.193011s] [吞吐率：5.18req/s] [内存消耗：1,479.63kb] [文件加载：43]
[ info ] [ LANG ] D:\phpStudy\WWW\tpshop\thinkphp\lang\zh-cn.php
[ info ] [ ROUTE ] array (
  'type' => 'module',
  'module' => 
  array (
    0 => 'static',
    1 => 'admin',
    2 => 'lib',
  ),
)
[ info ] [ HEADER ] array (
  'host' => 'localhost',
  'connection' => 'keep-alive',
  'user-agent' => 'Mozilla/5.0 (Windows NT 6.1) AppleWebKit/537.36 (KHTML, like Gecko) Chrome/63.0.3239.132 Safari/537.36',
  'accept' => '*/*',
  'referer' => 'http://localhost/tpshop/public/admin/database/index.html',
  'accept-encoding' => 'gzip, deflate, br',
  'accept-language' => 'zh-CN,zh;q=0.9',
  'cookie' => 'thinkphp_show_page_trace=0|0; pgv_pvi=4871092224',
)
[ info ] [ PARAM ] array (
  'jquery' => 'jquery.min.js',
)
[ info ] [ LOG ] INIT File
---------------------------------------------------------------
[ 2020-03-14T19:07:52+08:00 ] 0.0.0.0 GET localhost/tpshop/public/admin/database/lst.html?page=1&limit=10
[运行时间：3.478199s] [吞吐率：0.29req/s] [内存消耗：1,885.53kb] [文件加载：50]
[ info ] [ LANG ] D:\phpStudy\WWW\tpshop\thinkphp\lang\zh-cn.php
[ info ] [ ROUTE ] array (
  'type' => 'module',
  'module' => 
  array (
    0 => 'admin',
    1 => 'database',
    2 => 'lst',
  ),
)
[ info ] [ HEADER ] array (
  'host' => 'localhost',
  'connection' => 'keep-alive',
  'accept' => 'application/json, text/javascript, */*; q=0.01',
  'x-requested-with' => 'XMLHttpRequest',
  'user-agent' => 'Mozilla/5.0 (Windows NT 6.1) AppleWebKit/537.36 (KHTML, like Gecko) Chrome/63.0.3239.132 Safari/537.36',
  'referer' => 'http://localhost/tpshop/public/admin/database/index.html',
  'accept-encoding' => 'gzip, deflate, br',
  'accept-language' => 'zh-CN,zh;q=0.9',
  'cookie' => 'thinkphp_show_page_trace=0|0; thinkphp_show_page_trace=0|0; pgv_pvi=4871092224',
)
[ info ] [ PARAM ] array (
  'page' => '1',
  'limit' => '10',
)
[ info ] [ RUN ] app\admin\controller\Database->lst[ D:\phpStudy\WWW\tpshop\application\admin\controller\Database.php ]
[ info ] [ DB ] INIT mysql
[ info ] [ LOG ] INIT File
[ sql ] [ DB ] CONNECT:[ UseTime:0.110006s ] mysql:host=127.0.0.1;dbname=tpshop;charset=utf8
[ sql ] [ SQL ] show tables from tpshop [ RunTime:3.143180s ]
---------------------------------------------------------------
[ 2020-03-14T19:09:22+08:00 ] 0.0.0.0 GET localhost/tpshop/public/admin/database/index.html
[运行时间：0.039002s] [吞吐率：25.64req/s] [内存消耗：1,815.28kb] [文件加载：51]
[ info ] [ LANG ] D:\phpStudy\WWW\tpshop\thinkphp\lang\zh-cn.php
[ info ] [ ROUTE ] array (
  'type' => 'module',
  'module' => 
  array (
    0 => 'admin',
    1 => 'database',
    2 => 'index',
  ),
)
[ info ] [ HEADER ] array (
  'host' => 'localhost',
  'connection' => 'keep-alive',
  'cache-control' => 'max-age=0',
  'upgrade-insecure-requests' => '1',
  'user-agent' => 'Mozilla/5.0 (Windows NT 6.1) AppleWebKit/537.36 (KHTML, like Gecko) Chrome/63.0.3239.132 Safari/537.36',
  'accept' => 'text/html,application/xhtml+xml,application/xml;q=0.9,image/webp,image/apng,*/*;q=0.8',
  'referer' => 'http://localhost/tpshop/public/admin',
  'accept-encoding' => 'gzip, deflate, br',
  'accept-language' => 'zh-CN,zh;q=0.9',
  'cookie' => 'thinkphp_show_page_trace=0|0; thinkphp_show_page_trace=0|0; pgv_pvi=4871092224',
)
[ info ] [ PARAM ] array (
)
[ info ] [ RUN ] app\admin\controller\Database->index[ D:\phpStudy\WWW\tpshop\application\admin\controller\Database.php ]
[ info ] [ VIEW ] D:\phpStudy\WWW\tpshop\public/../application/admin\view\database\index.html [ array (
) ]
[ info ] [ LOG ] INIT File
---------------------------------------------------------------
[ 2020-03-14T19:09:22+08:00 ] 0.0.0.0 GET localhost/tpshop/public/static/admin/lib/jquery/jquery.min.js
[运行时间：0.041002s] [吞吐率：24.39req/s] [内存消耗：1,479.64kb] [文件加载：43]
[ info ] [ LANG ] D:\phpStudy\WWW\tpshop\thinkphp\lang\zh-cn.php
[ info ] [ ROUTE ] array (
  'type' => 'module',
  'module' => 
  array (
    0 => 'static',
    1 => 'admin',
    2 => 'lib',
  ),
)
[ info ] [ HEADER ] array (
  'host' => 'localhost',
  'connection' => 'keep-alive',
  'user-agent' => 'Mozilla/5.0 (Windows NT 6.1) AppleWebKit/537.36 (KHTML, like Gecko) Chrome/63.0.3239.132 Safari/537.36',
  'accept' => '*/*',
  'referer' => 'http://localhost/tpshop/public/admin/database/index.html',
  'accept-encoding' => 'gzip, deflate, br',
  'accept-language' => 'zh-CN,zh;q=0.9',
  'cookie' => 'thinkphp_show_page_trace=0|0; pgv_pvi=4871092224',
)
[ info ] [ PARAM ] array (
  'jquery' => 'jquery.min.js',
)
[ info ] [ LOG ] INIT File
---------------------------------------------------------------
[ 2020-03-14T19:09:23+08:00 ] 0.0.0.0 GET localhost/tpshop/public/admin/database/lst.html?page=1&limit=10
[运行时间：1.076061s] [吞吐率：0.93req/s] [内存消耗：1,895.54kb] [文件加载：50]
[ info ] [ LANG ] D:\phpStudy\WWW\tpshop\thinkphp\lang\zh-cn.php
[ info ] [ ROUTE ] array (
  'type' => 'module',
  'module' => 
  array (
    0 => 'admin',
    1 => 'database',
    2 => 'lst',
  ),
)
[ info ] [ HEADER ] array (
  'host' => 'localhost',
  'connection' => 'keep-alive',
  'accept' => 'application/json, text/javascript, */*; q=0.01',
  'x-requested-with' => 'XMLHttpRequest',
  'user-agent' => 'Mozilla/5.0 (Windows NT 6.1) AppleWebKit/537.36 (KHTML, like Gecko) Chrome/63.0.3239.132 Safari/537.36',
  'referer' => 'http://localhost/tpshop/public/admin/database/index.html',
  'accept-encoding' => 'gzip, deflate, br',
  'accept-language' => 'zh-CN,zh;q=0.9',
  'cookie' => 'thinkphp_show_page_trace=0|0; thinkphp_show_page_trace=0|0; pgv_pvi=4871092224',
)
[ info ] [ PARAM ] array (
  'page' => '1',
  'limit' => '10',
)
[ info ] [ RUN ] app\admin\controller\Database->lst[ D:\phpStudy\WWW\tpshop\application\admin\controller\Database.php ]
[ info ] [ DB ] INIT mysql
[ info ] [ LOG ] INIT File
[ sql ] [ DB ] CONNECT:[ UseTime:0.001000s ] mysql:host=127.0.0.1;dbname=tpshop;charset=utf8
[ sql ] [ SQL ] show tables from tpshop [ RunTime:0.001000s ]
[ sql ] [ SQL ] show table status from tpshop like 'tp_admin' [ RunTime:1.027059s ]
[ sql ] [ SQL ] show table status from tpshop like 'tp_admin_log' [ RunTime:0.002000s ]
[ sql ] [ SQL ] show table status from tpshop like 'tp_auth' [ RunTime:0.001000s ]
[ sql ] [ SQL ] show table status from tpshop like 'tp_back_up' [ RunTime:0.001000s ]
[ sql ] [ SQL ] show table status from tpshop like 'tp_role' [ RunTime:0.001000s ]
---------------------------------------------------------------
[ 2020-03-14T19:10:15+08:00 ] 0.0.0.0 GET localhost/tpshop/public/admin/database/dict.html
[运行时间：0.243014s] [吞吐率：4.11req/s] [内存消耗：1,899.95kb] [文件加载：52]
[ info ] [ LANG ] D:\phpStudy\WWW\tpshop\thinkphp\lang\zh-cn.php
[ info ] [ ROUTE ] array (
  'type' => 'module',
  'module' => 
  array (
    0 => 'admin',
    1 => 'database',
    2 => 'dict',
  ),
)
[ info ] [ HEADER ] array (
  'host' => 'localhost',
  'connection' => 'keep-alive',
  'upgrade-insecure-requests' => '1',
  'user-agent' => 'Mozilla/5.0 (Windows NT 6.1) AppleWebKit/537.36 (KHTML, like Gecko) Chrome/63.0.3239.132 Safari/537.36',
  'accept' => 'text/html,application/xhtml+xml,application/xml;q=0.9,image/webp,image/apng,*/*;q=0.8',
  'referer' => 'http://localhost/tpshop/public/admin/database/index.html',
  'accept-encoding' => 'gzip, deflate, br',
  'accept-language' => 'zh-CN,zh;q=0.9',
  'cookie' => 'thinkphp_show_page_trace=0|0; thinkphp_show_page_trace=0|0; pgv_pvi=4871092224',
)
[ info ] [ PARAM ] array (
)
[ info ] [ RUN ] app\admin\controller\Database->dict[ D:\phpStudy\WWW\tpshop\application\admin\controller\Database.php ]
[ info ] [ VIEW ] D:\phpStudy\WWW\tpshop\public/../application/admin\view\database\dict.html [ array (
) ]
[ info ] [ LOG ] INIT File
---------------------------------------------------------------
[ 2020-03-14T19:11:56+08:00 ] 0.0.0.0 GET localhost/tpshop/public/admin/database/index.html
[运行时间：0.042002s] [吞吐率：23.81req/s] [内存消耗：1,815.24kb] [文件加载：51]
[ info ] [ LANG ] D:\phpStudy\WWW\tpshop\thinkphp\lang\zh-cn.php
[ info ] [ ROUTE ] array (
  'type' => 'module',
  'module' => 
  array (
    0 => 'admin',
    1 => 'database',
    2 => 'index',
  ),
)
[ info ] [ HEADER ] array (
  'host' => 'localhost',
  'connection' => 'keep-alive',
  'cache-control' => 'max-age=0',
  'upgrade-insecure-requests' => '1',
  'user-agent' => 'Mozilla/5.0 (Windows NT 6.1) AppleWebKit/537.36 (KHTML, like Gecko) Chrome/63.0.3239.132 Safari/537.36',
  'accept' => 'text/html,application/xhtml+xml,application/xml;q=0.9,image/webp,image/apng,*/*;q=0.8',
  'referer' => 'http://localhost/tpshop/public/admin',
  'accept-encoding' => 'gzip, deflate, br',
  'accept-language' => 'zh-CN,zh;q=0.9',
  'cookie' => 'thinkphp_show_page_trace=0|0; thinkphp_show_page_trace=0|0; pgv_pvi=4871092224',
)
[ info ] [ PARAM ] array (
)
[ info ] [ RUN ] app\admin\controller\Database->index[ D:\phpStudy\WWW\tpshop\application\admin\controller\Database.php ]
[ info ] [ VIEW ] D:\phpStudy\WWW\tpshop\public/../application/admin\view\database\index.html [ array (
) ]
[ info ] [ LOG ] INIT File
---------------------------------------------------------------
[ 2020-03-14T19:11:56+08:00 ] 0.0.0.0 GET localhost/tpshop/public/admin/database/lst.html?page=1&limit=10
[运行时间：0.097006s] [吞吐率：10.31req/s] [内存消耗：1,895.54kb] [文件加载：50]
[ info ] [ LANG ] D:\phpStudy\WWW\tpshop\thinkphp\lang\zh-cn.php
[ info ] [ ROUTE ] array (
  'type' => 'module',
  'module' => 
  array (
    0 => 'admin',
    1 => 'database',
    2 => 'lst',
  ),
)
[ info ] [ HEADER ] array (
  'host' => 'localhost',
  'connection' => 'keep-alive',
  'accept' => 'application/json, text/javascript, */*; q=0.01',
  'x-requested-with' => 'XMLHttpRequest',
  'user-agent' => 'Mozilla/5.0 (Windows NT 6.1) AppleWebKit/537.36 (KHTML, like Gecko) Chrome/63.0.3239.132 Safari/537.36',
  'referer' => 'http://localhost/tpshop/public/admin/database/index.html',
  'accept-encoding' => 'gzip, deflate, br',
  'accept-language' => 'zh-CN,zh;q=0.9',
  'cookie' => 'thinkphp_show_page_trace=0|0; thinkphp_show_page_trace=0|0; pgv_pvi=4871092224',
)
[ info ] [ PARAM ] array (
  'page' => '1',
  'limit' => '10',
)
[ info ] [ RUN ] app\admin\controller\Database->lst[ D:\phpStudy\WWW\tpshop\application\admin\controller\Database.php ]
[ info ] [ DB ] INIT mysql
[ info ] [ LOG ] INIT File
[ sql ] [ DB ] CONNECT:[ UseTime:0.010000s ] mysql:host=127.0.0.1;dbname=tpshop;charset=utf8
[ sql ] [ SQL ] show tables from tpshop [ RunTime:0.001000s ]
[ sql ] [ SQL ] show table status from tpshop like 'tp_admin' [ RunTime:0.001000s ]
[ sql ] [ SQL ] show table status from tpshop like 'tp_admin_log' [ RunTime:0.001001s ]
[ sql ] [ SQL ] show table status from tpshop like 'tp_auth' [ RunTime:0.000000s ]
[ sql ] [ SQL ] show table status from tpshop like 'tp_back_up' [ RunTime:0.002001s ]
[ sql ] [ SQL ] show table status from tpshop like 'tp_role' [ RunTime:0.001000s ]
---------------------------------------------------------------
[ 2020-03-14T19:11:59+08:00 ] 0.0.0.0 POST localhost/tpshop/public/admin/database/optimize.html?table=tp_admin_log
[运行时间：0.108006s] [吞吐率：9.26req/s] [内存消耗：1,886.49kb] [文件加载：50]
[ info ] [ LANG ] D:\phpStudy\WWW\tpshop\thinkphp\lang\zh-cn.php
[ info ] [ ROUTE ] array (
  'type' => 'module',
  'module' => 
  array (
    0 => 'admin',
    1 => 'database',
    2 => 'optimize',
  ),
)
[ info ] [ HEADER ] array (
  'host' => 'localhost',
  'connection' => 'keep-alive',
  'content-length' => '0',
  'accept' => '*/*',
  'origin' => 'http://localhost',
  'x-requested-with' => 'XMLHttpRequest',
  'user-agent' => 'Mozilla/5.0 (Windows NT 6.1) AppleWebKit/537.36 (KHTML, like Gecko) Chrome/63.0.3239.132 Safari/537.36',
  'referer' => 'http://localhost/tpshop/public/admin/database/index.html',
  'accept-encoding' => 'gzip, deflate, br',
  'accept-language' => 'zh-CN,zh;q=0.9',
  'cookie' => 'thinkphp_show_page_trace=0|0; thinkphp_show_page_trace=0|0; pgv_pvi=4871092224',
)
[ info ] [ PARAM ] array (
  'table' => 'tp_admin_log',
)
[ info ] [ RUN ] app\admin\controller\Database->optimize[ D:\phpStudy\WWW\tpshop\application\admin\controller\Database.php ]
[ info ] [ DB ] INIT mysql
[ info ] [ LOG ] INIT File
[ sql ] [ DB ] CONNECT:[ UseTime:0.001000s ] mysql:host=127.0.0.1;dbname=tpshop;charset=utf8
[ sql ] [ SQL ] OPTIMIZE TABLE `tp_admin_log` [ RunTime:0.069004s ]
---------------------------------------------------------------
[ 2020-03-14T19:11:59+08:00 ] 0.0.0.0 GET localhost/tpshop/public/admin/database/lst.html?page=1&limit=10
[运行时间：0.050003s] [吞吐率：20.00req/s] [内存消耗：1,895.55kb] [文件加载：50]
[ info ] [ LANG ] D:\phpStudy\WWW\tpshop\thinkphp\lang\zh-cn.php
[ info ] [ ROUTE ] array (
  'type' => 'module',
  'module' => 
  array (
    0 => 'admin',
    1 => 'database',
    2 => 'lst',
  ),
)
[ info ] [ HEADER ] array (
  'host' => 'localhost',
  'connection' => 'keep-alive',
  'accept' => 'application/json, text/javascript, */*; q=0.01',
  'x-requested-with' => 'XMLHttpRequest',
  'user-agent' => 'Mozilla/5.0 (Windows NT 6.1) AppleWebKit/537.36 (KHTML, like Gecko) Chrome/63.0.3239.132 Safari/537.36',
  'referer' => 'http://localhost/tpshop/public/admin/database/index.html',
  'accept-encoding' => 'gzip, deflate, br',
  'accept-language' => 'zh-CN,zh;q=0.9',
  'cookie' => 'thinkphp_show_page_trace=0|0; thinkphp_show_page_trace=0|0; pgv_pvi=4871092224',
)
[ info ] [ PARAM ] array (
  'page' => '1',
  'limit' => '10',
)
[ info ] [ RUN ] app\admin\controller\Database->lst[ D:\phpStudy\WWW\tpshop\application\admin\controller\Database.php ]
[ info ] [ DB ] INIT mysql
[ info ] [ LOG ] INIT File
[ sql ] [ DB ] CONNECT:[ UseTime:0.001000s ] mysql:host=127.0.0.1;dbname=tpshop;charset=utf8
[ sql ] [ SQL ] show tables from tpshop [ RunTime:0.000000s ]
[ sql ] [ SQL ] show table status from tpshop like 'tp_admin' [ RunTime:0.001000s ]
[ sql ] [ SQL ] show table status from tpshop like 'tp_admin_log' [ RunTime:0.002000s ]
[ sql ] [ SQL ] show table status from tpshop like 'tp_auth' [ RunTime:0.001000s ]
[ sql ] [ SQL ] show table status from tpshop like 'tp_back_up' [ RunTime:0.001000s ]
[ sql ] [ SQL ] show table status from tpshop like 'tp_role' [ RunTime:0.001000s ]
---------------------------------------------------------------
[ 2020-03-14T19:12:06+08:00 ] 0.0.0.0 POST localhost/tpshop/public/admin/database/repair.html?table=tp_admin_log
[运行时间：0.058004s] [吞吐率：17.24req/s] [内存消耗：1,886.45kb] [文件加载：50]
[ info ] [ LANG ] D:\phpStudy\WWW\tpshop\thinkphp\lang\zh-cn.php
[ info ] [ ROUTE ] array (
  'type' => 'module',
  'module' => 
  array (
    0 => 'admin',
    1 => 'database',
    2 => 'repair',
  ),
)
[ info ] [ HEADER ] array (
  'host' => 'localhost',
  'connection' => 'keep-alive',
  'content-length' => '0',
  'accept' => '*/*',
  'origin' => 'http://localhost',
  'x-requested-with' => 'XMLHttpRequest',
  'user-agent' => 'Mozilla/5.0 (Windows NT 6.1) AppleWebKit/537.36 (KHTML, like Gecko) Chrome/63.0.3239.132 Safari/537.36',
  'referer' => 'http://localhost/tpshop/public/admin/database/index.html',
  'accept-encoding' => 'gzip, deflate, br',
  'accept-language' => 'zh-CN,zh;q=0.9',
  'cookie' => 'thinkphp_show_page_trace=0|0; thinkphp_show_page_trace=0|0; pgv_pvi=4871092224',
)
[ info ] [ PARAM ] array (
  'table' => 'tp_admin_log',
)
[ info ] [ RUN ] app\admin\controller\Database->repair[ D:\phpStudy\WWW\tpshop\application\admin\controller\Database.php ]
[ info ] [ DB ] INIT mysql
[ info ] [ LOG ] INIT File
[ sql ] [ DB ] CONNECT:[ UseTime:0.010000s ] mysql:host=127.0.0.1;dbname=tpshop;charset=utf8
[ sql ] [ SQL ] REPAIR TABLE `tp_admin_log` [ RunTime:0.006000s ]
---------------------------------------------------------------
[ 2020-03-14T19:12:06+08:00 ] 0.0.0.0 GET localhost/tpshop/public/admin/database/lst.html?page=1&limit=10
[运行时间：0.048002s] [吞吐率：20.83req/s] [内存消耗：1,895.55kb] [文件加载：50]
[ info ] [ LANG ] D:\phpStudy\WWW\tpshop\thinkphp\lang\zh-cn.php
[ info ] [ ROUTE ] array (
  'type' => 'module',
  'module' => 
  array (
    0 => 'admin',
    1 => 'database',
    2 => 'lst',
  ),
)
[ info ] [ HEADER ] array (
  'host' => 'localhost',
  'connection' => 'keep-alive',
  'accept' => 'application/json, text/javascript, */*; q=0.01',
  'x-requested-with' => 'XMLHttpRequest',
  'user-agent' => 'Mozilla/5.0 (Windows NT 6.1) AppleWebKit/537.36 (KHTML, like Gecko) Chrome/63.0.3239.132 Safari/537.36',
  'referer' => 'http://localhost/tpshop/public/admin/database/index.html',
  'accept-encoding' => 'gzip, deflate, br',
  'accept-language' => 'zh-CN,zh;q=0.9',
  'cookie' => 'thinkphp_show_page_trace=0|0; thinkphp_show_page_trace=0|0; pgv_pvi=4871092224',
)
[ info ] [ PARAM ] array (
  'page' => '1',
  'limit' => '10',
)
[ info ] [ RUN ] app\admin\controller\Database->lst[ D:\phpStudy\WWW\tpshop\application\admin\controller\Database.php ]
[ info ] [ DB ] INIT mysql
[ info ] [ LOG ] INIT File
[ sql ] [ DB ] CONNECT:[ UseTime:0.001000s ] mysql:host=127.0.0.1;dbname=tpshop;charset=utf8
[ sql ] [ SQL ] show tables from tpshop [ RunTime:0.000000s ]
[ sql ] [ SQL ] show table status from tpshop like 'tp_admin' [ RunTime:0.000000s ]
[ sql ] [ SQL ] show table status from tpshop like 'tp_admin_log' [ RunTime:0.002000s ]
[ sql ] [ SQL ] show table status from tpshop like 'tp_auth' [ RunTime:0.001000s ]
[ sql ] [ SQL ] show table status from tpshop like 'tp_back_up' [ RunTime:0.001000s ]
[ sql ] [ SQL ] show table status from tpshop like 'tp_role' [ RunTime:0.001000s ]
---------------------------------------------------------------
[ 2020-03-14T19:12:09+08:00 ] 0.0.0.0 GET localhost/tpshop/public/admin/database/dict.html
[运行时间：0.039003s] [吞吐率：25.64req/s] [内存消耗：1,753.92kb] [文件加载：50]
[ info ] [ LANG ] D:\phpStudy\WWW\tpshop\thinkphp\lang\zh-cn.php
[ info ] [ ROUTE ] array (
  'type' => 'module',
  'module' => 
  array (
    0 => 'admin',
    1 => 'database',
    2 => 'dict',
  ),
)
[ info ] [ HEADER ] array (
  'host' => 'localhost',
  'connection' => 'keep-alive',
  'upgrade-insecure-requests' => '1',
  'user-agent' => 'Mozilla/5.0 (Windows NT 6.1) AppleWebKit/537.36 (KHTML, like Gecko) Chrome/63.0.3239.132 Safari/537.36',
  'accept' => 'text/html,application/xhtml+xml,application/xml;q=0.9,image/webp,image/apng,*/*;q=0.8',
  'referer' => 'http://localhost/tpshop/public/admin/database/index.html',
  'accept-encoding' => 'gzip, deflate, br',
  'accept-language' => 'zh-CN,zh;q=0.9',
  'cookie' => 'thinkphp_show_page_trace=0|0; thinkphp_show_page_trace=0|0; pgv_pvi=4871092224',
)
[ info ] [ PARAM ] array (
)
[ info ] [ RUN ] app\admin\controller\Database->dict[ D:\phpStudy\WWW\tpshop\application\admin\controller\Database.php ]
[ info ] [ VIEW ] D:\phpStudy\WWW\tpshop\public/../application/admin\view\database\dict.html [ array (
) ]
[ info ] [ LOG ] INIT File
---------------------------------------------------------------
[ 2020-03-14T19:12:50+08:00 ] 0.0.0.0 GET localhost/tpshop/public/admin/database/dict.html
[运行时间：0.036002s] [吞吐率：27.78req/s] [内存消耗：1,753.92kb] [文件加载：50]
[ info ] [ LANG ] D:\phpStudy\WWW\tpshop\thinkphp\lang\zh-cn.php
[ info ] [ ROUTE ] array (
  'type' => 'module',
  'module' => 
  array (
    0 => 'admin',
    1 => 'database',
    2 => 'dict',
  ),
)
[ info ] [ HEADER ] array (
  'host' => 'localhost',
  'connection' => 'keep-alive',
  'upgrade-insecure-requests' => '1',
  'user-agent' => 'Mozilla/5.0 (Windows NT 6.1) AppleWebKit/537.36 (KHTML, like Gecko) Chrome/63.0.3239.132 Safari/537.36',
  'accept' => 'text/html,application/xhtml+xml,application/xml;q=0.9,image/webp,image/apng,*/*;q=0.8',
  'referer' => 'http://localhost/tpshop/public/admin/database/index.html',
  'accept-encoding' => 'gzip, deflate, br',
  'accept-language' => 'zh-CN,zh;q=0.9',
  'cookie' => 'thinkphp_show_page_trace=0|0; thinkphp_show_page_trace=0|0; pgv_pvi=4871092224',
)
[ info ] [ PARAM ] array (
)
[ info ] [ RUN ] app\admin\controller\Database->dict[ D:\phpStudy\WWW\tpshop\application\admin\controller\Database.php ]
[ info ] [ VIEW ] D:\phpStudy\WWW\tpshop\public/../application/admin\view\database\dict.html [ array (
) ]
[ info ] [ LOG ] INIT File
---------------------------------------------------------------
[ 2020-03-14T19:22:35+08:00 ] 0.0.0.0 GET localhost/tpshop/public/admin/database/index.html
[运行时间：0.046002s] [吞吐率：21.74req/s] [内存消耗：1,966.67kb] [文件加载：53]
[ info ] [ LANG ] D:\phpStudy\WWW\tpshop\thinkphp\lang\zh-cn.php
[ info ] [ ROUTE ] array (
  'type' => 'module',
  'module' => 
  array (
    0 => 'admin',
    1 => 'database',
    2 => 'index',
  ),
)
[ info ] [ HEADER ] array (
  'host' => 'localhost',
  'connection' => 'keep-alive',
  'cache-control' => 'max-age=0',
  'upgrade-insecure-requests' => '1',
  'user-agent' => 'Mozilla/5.0 (Windows NT 6.1) AppleWebKit/537.36 (KHTML, like Gecko) Chrome/63.0.3239.132 Safari/537.36',
  'accept' => 'text/html,application/xhtml+xml,application/xml;q=0.9,image/webp,image/apng,*/*;q=0.8',
  'referer' => 'http://localhost/tpshop/public/admin',
  'accept-encoding' => 'gzip, deflate, br',
  'accept-language' => 'zh-CN,zh;q=0.9',
  'cookie' => 'thinkphp_show_page_trace=0|0; thinkphp_show_page_trace=0|0; pgv_pvi=4871092224',
)
[ info ] [ PARAM ] array (
)
[ info ] [ RUN ] app\admin\controller\Database->index[ D:\phpStudy\WWW\tpshop\application\admin\controller\Database.php ]
[ info ] [ VIEW ] D:\phpStudy\WWW\tpshop\public/../application/admin\view\database\index.html [ array (
) ]
[ info ] [ LOG ] INIT File
---------------------------------------------------------------
[ 2020-03-14T19:22:35+08:00 ] 0.0.0.0 GET localhost/tpshop/public/admin/database/lst.html?page=1&limit=10
[运行时间：0.051003s] [吞吐率：19.61req/s] [内存消耗：1,895.55kb] [文件加载：50]
[ info ] [ LANG ] D:\phpStudy\WWW\tpshop\thinkphp\lang\zh-cn.php
[ info ] [ ROUTE ] array (
  'type' => 'module',
  'module' => 
  array (
    0 => 'admin',
    1 => 'database',
    2 => 'lst',
  ),
)
[ info ] [ HEADER ] array (
  'host' => 'localhost',
  'connection' => 'keep-alive',
  'accept' => 'application/json, text/javascript, */*; q=0.01',
  'x-requested-with' => 'XMLHttpRequest',
  'user-agent' => 'Mozilla/5.0 (Windows NT 6.1) AppleWebKit/537.36 (KHTML, like Gecko) Chrome/63.0.3239.132 Safari/537.36',
  'referer' => 'http://localhost/tpshop/public/admin/database/index.html',
  'accept-encoding' => 'gzip, deflate, br',
  'accept-language' => 'zh-CN,zh;q=0.9',
  'cookie' => 'thinkphp_show_page_trace=0|0; thinkphp_show_page_trace=0|0; pgv_pvi=4871092224',
)
[ info ] [ PARAM ] array (
  'page' => '1',
  'limit' => '10',
)
[ info ] [ RUN ] app\admin\controller\Database->lst[ D:\phpStudy\WWW\tpshop\application\admin\controller\Database.php ]
[ info ] [ DB ] INIT mysql
[ info ] [ LOG ] INIT File
[ sql ] [ DB ] CONNECT:[ UseTime:0.001000s ] mysql:host=127.0.0.1;dbname=tpshop;charset=utf8
[ sql ] [ SQL ] show tables from tpshop [ RunTime:0.001000s ]
[ sql ] [ SQL ] show table status from tpshop like 'tp_admin' [ RunTime:0.001000s ]
[ sql ] [ SQL ] show table status from tpshop like 'tp_admin_log' [ RunTime:0.001000s ]
[ sql ] [ SQL ] show table status from tpshop like 'tp_auth' [ RunTime:0.000000s ]
[ sql ] [ SQL ] show table status from tpshop like 'tp_back_up' [ RunTime:0.001001s ]
[ sql ] [ SQL ] show table status from tpshop like 'tp_role' [ RunTime:0.002000s ]
---------------------------------------------------------------
[ 2020-03-14T19:22:37+08:00 ] 0.0.0.0 GET localhost/tpshop/public/admin/database/dict.html
[运行时间：0.048002s] [吞吐率：20.83req/s] [内存消耗：1,900.05kb] [文件加载：52]
[ info ] [ LANG ] D:\phpStudy\WWW\tpshop\thinkphp\lang\zh-cn.php
[ info ] [ ROUTE ] array (
  'type' => 'module',
  'module' => 
  array (
    0 => 'admin',
    1 => 'database',
    2 => 'dict',
  ),
)
[ info ] [ HEADER ] array (
  'host' => 'localhost',
  'connection' => 'keep-alive',
  'upgrade-insecure-requests' => '1',
  'user-agent' => 'Mozilla/5.0 (Windows NT 6.1) AppleWebKit/537.36 (KHTML, like Gecko) Chrome/63.0.3239.132 Safari/537.36',
  'accept' => 'text/html,application/xhtml+xml,application/xml;q=0.9,image/webp,image/apng,*/*;q=0.8',
  'referer' => 'http://localhost/tpshop/public/admin/database/index.html',
  'accept-encoding' => 'gzip, deflate, br',
  'accept-language' => 'zh-CN,zh;q=0.9',
  'cookie' => 'thinkphp_show_page_trace=0|0; thinkphp_show_page_trace=0|0; pgv_pvi=4871092224',
)
[ info ] [ PARAM ] array (
)
[ info ] [ RUN ] app\admin\controller\Database->dict[ D:\phpStudy\WWW\tpshop\application\admin\controller\Database.php ]
[ info ] [ VIEW ] D:\phpStudy\WWW\tpshop\public/../application/admin\view\database\dict.html [ array (
) ]
[ info ] [ LOG ] INIT File
---------------------------------------------------------------
[ 2020-03-14T19:22:58+08:00 ] 0.0.0.0 GET localhost/tpshop/public/admin/database/dict.html
[运行时间：0.047003s] [吞吐率：21.28req/s] [内存消耗：1,753.92kb] [文件加载：50]
[ info ] [ LANG ] D:\phpStudy\WWW\tpshop\thinkphp\lang\zh-cn.php
[ info ] [ ROUTE ] array (
  'type' => 'module',
  'module' => 
  array (
    0 => 'admin',
    1 => 'database',
    2 => 'dict',
  ),
)
[ info ] [ HEADER ] array (
  'host' => 'localhost',
  'connection' => 'keep-alive',
  'upgrade-insecure-requests' => '1',
  'user-agent' => 'Mozilla/5.0 (Windows NT 6.1) AppleWebKit/537.36 (KHTML, like Gecko) Chrome/63.0.3239.132 Safari/537.36',
  'accept' => 'text/html,application/xhtml+xml,application/xml;q=0.9,image/webp,image/apng,*/*;q=0.8',
  'referer' => 'http://localhost/tpshop/public/admin/database/index.html',
  'accept-encoding' => 'gzip, deflate, br',
  'accept-language' => 'zh-CN,zh;q=0.9',
  'cookie' => 'thinkphp_show_page_trace=0|0; thinkphp_show_page_trace=0|0; pgv_pvi=4871092224',
)
[ info ] [ PARAM ] array (
)
[ info ] [ RUN ] app\admin\controller\Database->dict[ D:\phpStudy\WWW\tpshop\application\admin\controller\Database.php ]
[ info ] [ VIEW ] D:\phpStudy\WWW\tpshop\public/../application/admin\view\database\dict.html [ array (
) ]
[ info ] [ LOG ] INIT File
---------------------------------------------------------------
[ 2020-03-14T19:23:01+08:00 ] 0.0.0.0 GET localhost/tpshop/public/admin/database/dict.html
[运行时间：0.047003s] [吞吐率：21.28req/s] [内存消耗：1,753.92kb] [文件加载：50]
[ info ] [ LANG ] D:\phpStudy\WWW\tpshop\thinkphp\lang\zh-cn.php
[ info ] [ ROUTE ] array (
  'type' => 'module',
  'module' => 
  array (
    0 => 'admin',
    1 => 'database',
    2 => 'dict',
  ),
)
[ info ] [ HEADER ] array (
  'host' => 'localhost',
  'connection' => 'keep-alive',
  'upgrade-insecure-requests' => '1',
  'user-agent' => 'Mozilla/5.0 (Windows NT 6.1) AppleWebKit/537.36 (KHTML, like Gecko) Chrome/63.0.3239.132 Safari/537.36',
  'accept' => 'text/html,application/xhtml+xml,application/xml;q=0.9,image/webp,image/apng,*/*;q=0.8',
  'referer' => 'http://localhost/tpshop/public/admin/database/index.html',
  'accept-encoding' => 'gzip, deflate, br',
  'accept-language' => 'zh-CN,zh;q=0.9',
  'cookie' => 'thinkphp_show_page_trace=0|0; thinkphp_show_page_trace=0|0; pgv_pvi=4871092224',
)
[ info ] [ PARAM ] array (
)
[ info ] [ RUN ] app\admin\controller\Database->dict[ D:\phpStudy\WWW\tpshop\application\admin\controller\Database.php ]
[ info ] [ VIEW ] D:\phpStudy\WWW\tpshop\public/../application/admin\view\database\dict.html [ array (
) ]
[ info ] [ LOG ] INIT File
---------------------------------------------------------------
[ 2020-03-14T19:23:22+08:00 ] 0.0.0.0 GET localhost/tpshop/public/admin/database/index.html
[运行时间：0.038002s] [吞吐率：26.31req/s] [内存消耗：1,966.68kb] [文件加载：53]
[ info ] [ LANG ] D:\phpStudy\WWW\tpshop\thinkphp\lang\zh-cn.php
[ info ] [ ROUTE ] array (
  'type' => 'module',
  'module' => 
  array (
    0 => 'admin',
    1 => 'database',
    2 => 'index',
  ),
)
[ info ] [ HEADER ] array (
  'host' => 'localhost',
  'connection' => 'keep-alive',
  'cache-control' => 'max-age=0',
  'upgrade-insecure-requests' => '1',
  'user-agent' => 'Mozilla/5.0 (Windows NT 6.1) AppleWebKit/537.36 (KHTML, like Gecko) Chrome/63.0.3239.132 Safari/537.36',
  'accept' => 'text/html,application/xhtml+xml,application/xml;q=0.9,image/webp,image/apng,*/*;q=0.8',
  'referer' => 'http://localhost/tpshop/public/admin',
  'accept-encoding' => 'gzip, deflate, br',
  'accept-language' => 'zh-CN,zh;q=0.9',
  'cookie' => 'thinkphp_show_page_trace=0|0; thinkphp_show_page_trace=0|0; pgv_pvi=4871092224',
)
[ info ] [ PARAM ] array (
)
[ info ] [ RUN ] app\admin\controller\Database->index[ D:\phpStudy\WWW\tpshop\application\admin\controller\Database.php ]
[ info ] [ VIEW ] D:\phpStudy\WWW\tpshop\public/../application/admin\view\database\index.html [ array (
) ]
[ info ] [ LOG ] INIT File
---------------------------------------------------------------
[ 2020-03-14T19:23:22+08:00 ] 0.0.0.0 GET localhost/tpshop/public/admin/database/lst.html?page=1&limit=10
[运行时间：0.066003s] [吞吐率：15.15req/s] [内存消耗：1,895.55kb] [文件加载：50]
[ info ] [ LANG ] D:\phpStudy\WWW\tpshop\thinkphp\lang\zh-cn.php
[ info ] [ ROUTE ] array (
  'type' => 'module',
  'module' => 
  array (
    0 => 'admin',
    1 => 'database',
    2 => 'lst',
  ),
)
[ info ] [ HEADER ] array (
  'host' => 'localhost',
  'connection' => 'keep-alive',
  'accept' => 'application/json, text/javascript, */*; q=0.01',
  'x-requested-with' => 'XMLHttpRequest',
  'user-agent' => 'Mozilla/5.0 (Windows NT 6.1) AppleWebKit/537.36 (KHTML, like Gecko) Chrome/63.0.3239.132 Safari/537.36',
  'referer' => 'http://localhost/tpshop/public/admin/database/index.html',
  'accept-encoding' => 'gzip, deflate, br',
  'accept-language' => 'zh-CN,zh;q=0.9',
  'cookie' => 'thinkphp_show_page_trace=0|0; thinkphp_show_page_trace=0|0; pgv_pvi=4871092224',
)
[ info ] [ PARAM ] array (
  'page' => '1',
  'limit' => '10',
)
[ info ] [ RUN ] app\admin\controller\Database->lst[ D:\phpStudy\WWW\tpshop\application\admin\controller\Database.php ]
[ info ] [ DB ] INIT mysql
[ info ] [ LOG ] INIT File
[ sql ] [ DB ] CONNECT:[ UseTime:0.010001s ] mysql:host=127.0.0.1;dbname=tpshop;charset=utf8
[ sql ] [ SQL ] show tables from tpshop [ RunTime:0.001000s ]
[ sql ] [ SQL ] show table status from tpshop like 'tp_admin' [ RunTime:0.001000s ]
[ sql ] [ SQL ] show table status from tpshop like 'tp_admin_log' [ RunTime:0.002000s ]
[ sql ] [ SQL ] show table status from tpshop like 'tp_auth' [ RunTime:0.001000s ]
[ sql ] [ SQL ] show table status from tpshop like 'tp_back_up' [ RunTime:0.001000s ]
[ sql ] [ SQL ] show table status from tpshop like 'tp_role' [ RunTime:0.001000s ]
---------------------------------------------------------------
[ 2020-03-14T19:23:24+08:00 ] 0.0.0.0 GET localhost/tpshop/public/admin/database/dict.html
[运行时间：0.039002s] [吞吐率：25.64req/s] [内存消耗：1,753.92kb] [文件加载：50]
[ info ] [ LANG ] D:\phpStudy\WWW\tpshop\thinkphp\lang\zh-cn.php
[ info ] [ ROUTE ] array (
  'type' => 'module',
  'module' => 
  array (
    0 => 'admin',
    1 => 'database',
    2 => 'dict',
  ),
)
[ info ] [ HEADER ] array (
  'host' => 'localhost',
  'connection' => 'keep-alive',
  'upgrade-insecure-requests' => '1',
  'user-agent' => 'Mozilla/5.0 (Windows NT 6.1) AppleWebKit/537.36 (KHTML, like Gecko) Chrome/63.0.3239.132 Safari/537.36',
  'accept' => 'text/html,application/xhtml+xml,application/xml;q=0.9,image/webp,image/apng,*/*;q=0.8',
  'referer' => 'http://localhost/tpshop/public/admin/database/index.html',
  'accept-encoding' => 'gzip, deflate, br',
  'accept-language' => 'zh-CN,zh;q=0.9',
  'cookie' => 'thinkphp_show_page_trace=0|0; thinkphp_show_page_trace=0|0; pgv_pvi=4871092224',
)
[ info ] [ PARAM ] array (
)
[ info ] [ RUN ] app\admin\controller\Database->dict[ D:\phpStudy\WWW\tpshop\application\admin\controller\Database.php ]
[ info ] [ VIEW ] D:\phpStudy\WWW\tpshop\public/../application/admin\view\database\dict.html [ array (
) ]
[ info ] [ LOG ] INIT File
---------------------------------------------------------------
[ 2020-03-14T19:32:59+08:00 ] 0.0.0.0 GET localhost/tpshop/public/admin/database/index.html
[运行时间：0.045002s] [吞吐率：22.22req/s] [内存消耗：1,966.78kb] [文件加载：53]
[ info ] [ LANG ] D:\phpStudy\WWW\tpshop\thinkphp\lang\zh-cn.php
[ info ] [ ROUTE ] array (
  'type' => 'module',
  'module' => 
  array (
    0 => 'admin',
    1 => 'database',
    2 => 'index',
  ),
)
[ info ] [ HEADER ] array (
  'host' => 'localhost',
  'connection' => 'keep-alive',
  'cache-control' => 'max-age=0',
  'upgrade-insecure-requests' => '1',
  'user-agent' => 'Mozilla/5.0 (Windows NT 6.1) AppleWebKit/537.36 (KHTML, like Gecko) Chrome/63.0.3239.132 Safari/537.36',
  'accept' => 'text/html,application/xhtml+xml,application/xml;q=0.9,image/webp,image/apng,*/*;q=0.8',
  'referer' => 'http://localhost/tpshop/public/admin',
  'accept-encoding' => 'gzip, deflate, br',
  'accept-language' => 'zh-CN,zh;q=0.9',
  'cookie' => 'thinkphp_show_page_trace=0|0; thinkphp_show_page_trace=0|0; pgv_pvi=4871092224',
)
[ info ] [ PARAM ] array (
)
[ info ] [ RUN ] app\admin\controller\Database->index[ D:\phpStudy\WWW\tpshop\application\admin\controller\Database.php ]
[ info ] [ VIEW ] D:\phpStudy\WWW\tpshop\public/../application/admin\view\database\index.html [ array (
) ]
[ info ] [ LOG ] INIT File
---------------------------------------------------------------
[ 2020-03-14T19:33:00+08:00 ] 0.0.0.0 GET localhost/tpshop/public/admin/database/lst.html?page=1&limit=10
[运行时间：0.362020s] [吞吐率：2.76req/s] [内存消耗：1,895.55kb] [文件加载：50]
[ info ] [ LANG ] D:\phpStudy\WWW\tpshop\thinkphp\lang\zh-cn.php
[ info ] [ ROUTE ] array (
  'type' => 'module',
  'module' => 
  array (
    0 => 'admin',
    1 => 'database',
    2 => 'lst',
  ),
)
[ info ] [ HEADER ] array (
  'host' => 'localhost',
  'connection' => 'keep-alive',
  'accept' => 'application/json, text/javascript, */*; q=0.01',
  'x-requested-with' => 'XMLHttpRequest',
  'user-agent' => 'Mozilla/5.0 (Windows NT 6.1) AppleWebKit/537.36 (KHTML, like Gecko) Chrome/63.0.3239.132 Safari/537.36',
  'referer' => 'http://localhost/tpshop/public/admin/database/index.html',
  'accept-encoding' => 'gzip, deflate, br',
  'accept-language' => 'zh-CN,zh;q=0.9',
  'cookie' => 'thinkphp_show_page_trace=0|0; thinkphp_show_page_trace=0|0; pgv_pvi=4871092224',
)
[ info ] [ PARAM ] array (
  'page' => '1',
  'limit' => '10',
)
[ info ] [ RUN ] app\admin\controller\Database->lst[ D:\phpStudy\WWW\tpshop\application\admin\controller\Database.php ]
[ info ] [ DB ] INIT mysql
[ info ] [ LOG ] INIT File
[ sql ] [ DB ] CONNECT:[ UseTime:0.001000s ] mysql:host=127.0.0.1;dbname=tpshop;charset=utf8
[ sql ] [ SQL ] show tables from tpshop [ RunTime:0.309018s ]
[ sql ] [ SQL ] show table status from tpshop like 'tp_admin' [ RunTime:0.002000s ]
[ sql ] [ SQL ] show table status from tpshop like 'tp_admin_log' [ RunTime:0.001000s ]
[ sql ] [ SQL ] show table status from tpshop like 'tp_auth' [ RunTime:0.002000s ]
[ sql ] [ SQL ] show table status from tpshop like 'tp_back_up' [ RunTime:0.001000s ]
[ sql ] [ SQL ] show table status from tpshop like 'tp_role' [ RunTime:0.001000s ]
---------------------------------------------------------------
[ 2020-03-14T19:33:01+08:00 ] 0.0.0.0 GET localhost/tpshop/public/admin/database/dict.html
[运行时间：0.052003s] [吞吐率：19.23req/s] [内存消耗：1,900.29kb] [文件加载：52]
[ info ] [ LANG ] D:\phpStudy\WWW\tpshop\thinkphp\lang\zh-cn.php
[ info ] [ ROUTE ] array (
  'type' => 'module',
  'module' => 
  array (
    0 => 'admin',
    1 => 'database',
    2 => 'dict',
  ),
)
[ info ] [ HEADER ] array (
  'host' => 'localhost',
  'connection' => 'keep-alive',
  'upgrade-insecure-requests' => '1',
  'user-agent' => 'Mozilla/5.0 (Windows NT 6.1) AppleWebKit/537.36 (KHTML, like Gecko) Chrome/63.0.3239.132 Safari/537.36',
  'accept' => 'text/html,application/xhtml+xml,application/xml;q=0.9,image/webp,image/apng,*/*;q=0.8',
  'referer' => 'http://localhost/tpshop/public/admin/database/index.html',
  'accept-encoding' => 'gzip, deflate, br',
  'accept-language' => 'zh-CN,zh;q=0.9',
  'cookie' => 'thinkphp_show_page_trace=0|0; thinkphp_show_page_trace=0|0; pgv_pvi=4871092224',
)
[ info ] [ PARAM ] array (
)
[ info ] [ RUN ] app\admin\controller\Database->dict[ D:\phpStudy\WWW\tpshop\application\admin\controller\Database.php ]
[ info ] [ VIEW ] D:\phpStudy\WWW\tpshop\public/../application/admin\view\database\dict.html [ array (
) ]
[ info ] [ LOG ] INIT File
---------------------------------------------------------------
[ 2020-03-14T19:39:40+08:00 ] 0.0.0.0 GET localhost/tpshop/public/admin/database/index.html
[运行时间：0.254015s] [吞吐率：3.94req/s] [内存消耗：1,966.95kb] [文件加载：53]
[ info ] [ LANG ] D:\phpStudy\WWW\tpshop\thinkphp\lang\zh-cn.php
[ info ] [ ROUTE ] array (
  'type' => 'module',
  'module' => 
  array (
    0 => 'admin',
    1 => 'database',
    2 => 'index',
  ),
)
[ info ] [ HEADER ] array (
  'host' => 'localhost',
  'connection' => 'keep-alive',
  'cache-control' => 'max-age=0',
  'upgrade-insecure-requests' => '1',
  'user-agent' => 'Mozilla/5.0 (Windows NT 6.1) AppleWebKit/537.36 (KHTML, like Gecko) Chrome/63.0.3239.132 Safari/537.36',
  'accept' => 'text/html,application/xhtml+xml,application/xml;q=0.9,image/webp,image/apng,*/*;q=0.8',
  'referer' => 'http://localhost/tpshop/public/admin',
  'accept-encoding' => 'gzip, deflate, br',
  'accept-language' => 'zh-CN,zh;q=0.9',
  'cookie' => 'thinkphp_show_page_trace=0|0; thinkphp_show_page_trace=0|0; pgv_pvi=4871092224',
)
[ info ] [ PARAM ] array (
)
[ info ] [ RUN ] app\admin\controller\Database->index[ D:\phpStudy\WWW\tpshop\application\admin\controller\Database.php ]
[ info ] [ VIEW ] D:\phpStudy\WWW\tpshop\public/../application/admin\view\database\index.html [ array (
) ]
[ info ] [ LOG ] INIT File
---------------------------------------------------------------
[ 2020-03-14T19:39:40+08:00 ] 0.0.0.0 GET localhost/tpshop/public/admin/database/lst.html?page=1&limit=10
[运行时间：0.123007s] [吞吐率：8.13req/s] [内存消耗：1,895.55kb] [文件加载：50]
[ info ] [ LANG ] D:\phpStudy\WWW\tpshop\thinkphp\lang\zh-cn.php
[ info ] [ ROUTE ] array (
  'type' => 'module',
  'module' => 
  array (
    0 => 'admin',
    1 => 'database',
    2 => 'lst',
  ),
)
[ info ] [ HEADER ] array (
  'host' => 'localhost',
  'connection' => 'keep-alive',
  'accept' => 'application/json, text/javascript, */*; q=0.01',
  'x-requested-with' => 'XMLHttpRequest',
  'user-agent' => 'Mozilla/5.0 (Windows NT 6.1) AppleWebKit/537.36 (KHTML, like Gecko) Chrome/63.0.3239.132 Safari/537.36',
  'referer' => 'http://localhost/tpshop/public/admin/database/index.html',
  'accept-encoding' => 'gzip, deflate, br',
  'accept-language' => 'zh-CN,zh;q=0.9',
  'cookie' => 'thinkphp_show_page_trace=0|0; thinkphp_show_page_trace=0|0; pgv_pvi=4871092224',
)
[ info ] [ PARAM ] array (
  'page' => '1',
  'limit' => '10',
)
[ info ] [ RUN ] app\admin\controller\Database->lst[ D:\phpStudy\WWW\tpshop\application\admin\controller\Database.php ]
[ info ] [ DB ] INIT mysql
[ info ] [ LOG ] INIT File
[ sql ] [ DB ] CONNECT:[ UseTime:0.011000s ] mysql:host=127.0.0.1;dbname=tpshop;charset=utf8
[ sql ] [ SQL ] show tables from tpshop [ RunTime:0.001000s ]
[ sql ] [ SQL ] show table status from tpshop like 'tp_admin' [ RunTime:0.001000s ]
[ sql ] [ SQL ] show table status from tpshop like 'tp_admin_log' [ RunTime:0.001000s ]
[ sql ] [ SQL ] show table status from tpshop like 'tp_auth' [ RunTime:0.002000s ]
[ sql ] [ SQL ] show table status from tpshop like 'tp_back_up' [ RunTime:0.002000s ]
[ sql ] [ SQL ] show table status from tpshop like 'tp_role' [ RunTime:0.002000s ]
---------------------------------------------------------------
[ 2020-03-14T19:39:41+08:00 ] 0.0.0.0 GET localhost/tpshop/public/admin/database/dict.html
[运行时间：0.068004s] [吞吐率：14.71req/s] [内存消耗：1,753.98kb] [文件加载：50]
[ info ] [ LANG ] D:\phpStudy\WWW\tpshop\thinkphp\lang\zh-cn.php
[ info ] [ ROUTE ] array (
  'type' => 'module',
  'module' => 
  array (
    0 => 'admin',
    1 => 'database',
    2 => 'dict',
  ),
)
[ info ] [ HEADER ] array (
  'host' => 'localhost',
  'connection' => 'keep-alive',
  'upgrade-insecure-requests' => '1',
  'user-agent' => 'Mozilla/5.0 (Windows NT 6.1) AppleWebKit/537.36 (KHTML, like Gecko) Chrome/63.0.3239.132 Safari/537.36',
  'accept' => 'text/html,application/xhtml+xml,application/xml;q=0.9,image/webp,image/apng,*/*;q=0.8',
  'referer' => 'http://localhost/tpshop/public/admin/database/index.html',
  'accept-encoding' => 'gzip, deflate, br',
  'accept-language' => 'zh-CN,zh;q=0.9',
  'cookie' => 'thinkphp_show_page_trace=0|0; thinkphp_show_page_trace=0|0; pgv_pvi=4871092224',
)
[ info ] [ PARAM ] array (
)
[ info ] [ RUN ] app\admin\controller\Database->dict[ D:\phpStudy\WWW\tpshop\application\admin\controller\Database.php ]
[ info ] [ VIEW ] D:\phpStudy\WWW\tpshop\public/../application/admin\view\database\dict.html [ array (
) ]
[ info ] [ LOG ] INIT File
---------------------------------------------------------------
[ 2020-03-14T19:39:46+08:00 ] 0.0.0.0 GET localhost/tpshop/public/admin/database/dict.html
[运行时间：0.053003s] [吞吐率：18.87req/s] [内存消耗：1,753.98kb] [文件加载：50]
[ info ] [ LANG ] D:\phpStudy\WWW\tpshop\thinkphp\lang\zh-cn.php
[ info ] [ ROUTE ] array (
  'type' => 'module',
  'module' => 
  array (
    0 => 'admin',
    1 => 'database',
    2 => 'dict',
  ),
)
[ info ] [ HEADER ] array (
  'host' => 'localhost',
  'connection' => 'keep-alive',
  'upgrade-insecure-requests' => '1',
  'user-agent' => 'Mozilla/5.0 (Windows NT 6.1) AppleWebKit/537.36 (KHTML, like Gecko) Chrome/63.0.3239.132 Safari/537.36',
  'accept' => 'text/html,application/xhtml+xml,application/xml;q=0.9,image/webp,image/apng,*/*;q=0.8',
  'referer' => 'http://localhost/tpshop/public/admin/database/index.html',
  'accept-encoding' => 'gzip, deflate, br',
  'accept-language' => 'zh-CN,zh;q=0.9',
  'cookie' => 'thinkphp_show_page_trace=0|0; thinkphp_show_page_trace=0|0; pgv_pvi=4871092224',
)
[ info ] [ PARAM ] array (
)
[ info ] [ RUN ] app\admin\controller\Database->dict[ D:\phpStudy\WWW\tpshop\application\admin\controller\Database.php ]
[ info ] [ VIEW ] D:\phpStudy\WWW\tpshop\public/../application/admin\view\database\dict.html [ array (
) ]
[ info ] [ LOG ] INIT File
---------------------------------------------------------------
[ 2020-03-14T19:39:48+08:00 ] 0.0.0.0 GET localhost/tpshop/public/admin/database/dict.html
[运行时间：0.051002s] [吞吐率：19.61req/s] [内存消耗：1,753.98kb] [文件加载：50]
[ info ] [ LANG ] D:\phpStudy\WWW\tpshop\thinkphp\lang\zh-cn.php
[ info ] [ ROUTE ] array (
  'type' => 'module',
  'module' => 
  array (
    0 => 'admin',
    1 => 'database',
    2 => 'dict',
  ),
)
[ info ] [ HEADER ] array (
  'host' => 'localhost',
  'connection' => 'keep-alive',
  'upgrade-insecure-requests' => '1',
  'user-agent' => 'Mozilla/5.0 (Windows NT 6.1) AppleWebKit/537.36 (KHTML, like Gecko) Chrome/63.0.3239.132 Safari/537.36',
  'accept' => 'text/html,application/xhtml+xml,application/xml;q=0.9,image/webp,image/apng,*/*;q=0.8',
  'referer' => 'http://localhost/tpshop/public/admin/database/index.html',
  'accept-encoding' => 'gzip, deflate, br',
  'accept-language' => 'zh-CN,zh;q=0.9',
  'cookie' => 'thinkphp_show_page_trace=0|0; thinkphp_show_page_trace=0|0; pgv_pvi=4871092224',
)
[ info ] [ PARAM ] array (
)
[ info ] [ RUN ] app\admin\controller\Database->dict[ D:\phpStudy\WWW\tpshop\application\admin\controller\Database.php ]
[ info ] [ VIEW ] D:\phpStudy\WWW\tpshop\public/../application/admin\view\database\dict.html [ array (
) ]
[ info ] [ LOG ] INIT File
---------------------------------------------------------------
[ 2020-03-14T19:39:51+08:00 ] 0.0.0.0 GET localhost/tpshop/public/admin/database/dict.html
[运行时间：0.054003s] [吞吐率：18.52req/s] [内存消耗：1,753.98kb] [文件加载：50]
[ info ] [ LANG ] D:\phpStudy\WWW\tpshop\thinkphp\lang\zh-cn.php
[ info ] [ ROUTE ] array (
  'type' => 'module',
  'module' => 
  array (
    0 => 'admin',
    1 => 'database',
    2 => 'dict',
  ),
)
[ info ] [ HEADER ] array (
  'host' => 'localhost',
  'connection' => 'keep-alive',
  'upgrade-insecure-requests' => '1',
  'user-agent' => 'Mozilla/5.0 (Windows NT 6.1) AppleWebKit/537.36 (KHTML, like Gecko) Chrome/63.0.3239.132 Safari/537.36',
  'accept' => 'text/html,application/xhtml+xml,application/xml;q=0.9,image/webp,image/apng,*/*;q=0.8',
  'referer' => 'http://localhost/tpshop/public/admin/database/index.html',
  'accept-encoding' => 'gzip, deflate, br',
  'accept-language' => 'zh-CN,zh;q=0.9',
  'cookie' => 'thinkphp_show_page_trace=0|0; thinkphp_show_page_trace=0|0; pgv_pvi=4871092224',
)
[ info ] [ PARAM ] array (
)
[ info ] [ RUN ] app\admin\controller\Database->dict[ D:\phpStudy\WWW\tpshop\application\admin\controller\Database.php ]
[ info ] [ VIEW ] D:\phpStudy\WWW\tpshop\public/../application/admin\view\database\dict.html [ array (
) ]
[ info ] [ LOG ] INIT File
---------------------------------------------------------------
[ 2020-03-14T19:45:21+08:00 ] 0.0.0.0 GET localhost/tpshop/public/admin/database/index.html
[运行时间：0.046003s] [吞吐率：21.74req/s] [内存消耗：1,966.95kb] [文件加载：53]
[ info ] [ LANG ] D:\phpStudy\WWW\tpshop\thinkphp\lang\zh-cn.php
[ info ] [ ROUTE ] array (
  'type' => 'module',
  'module' => 
  array (
    0 => 'admin',
    1 => 'database',
    2 => 'index',
  ),
)
[ info ] [ HEADER ] array (
  'host' => 'localhost',
  'connection' => 'keep-alive',
  'cache-control' => 'max-age=0',
  'upgrade-insecure-requests' => '1',
  'user-agent' => 'Mozilla/5.0 (Windows NT 6.1) AppleWebKit/537.36 (KHTML, like Gecko) Chrome/63.0.3239.132 Safari/537.36',
  'accept' => 'text/html,application/xhtml+xml,application/xml;q=0.9,image/webp,image/apng,*/*;q=0.8',
  'referer' => 'http://localhost/tpshop/public/admin',
  'accept-encoding' => 'gzip, deflate, br',
  'accept-language' => 'zh-CN,zh;q=0.9',
  'cookie' => 'thinkphp_show_page_trace=0|0; thinkphp_show_page_trace=0|0; pgv_pvi=4871092224',
)
[ info ] [ PARAM ] array (
)
[ info ] [ RUN ] app\admin\controller\Database->index[ D:\phpStudy\WWW\tpshop\application\admin\controller\Database.php ]
[ info ] [ VIEW ] D:\phpStudy\WWW\tpshop\public/../application/admin\view\database\index.html [ array (
) ]
[ info ] [ LOG ] INIT File
---------------------------------------------------------------
[ 2020-03-14T19:45:21+08:00 ] 0.0.0.0 GET localhost/tpshop/public/admin/database/lst.html?page=1&limit=10
[运行时间：0.048003s] [吞吐率：20.83req/s] [内存消耗：1,895.55kb] [文件加载：50]
[ info ] [ LANG ] D:\phpStudy\WWW\tpshop\thinkphp\lang\zh-cn.php
[ info ] [ ROUTE ] array (
  'type' => 'module',
  'module' => 
  array (
    0 => 'admin',
    1 => 'database',
    2 => 'lst',
  ),
)
[ info ] [ HEADER ] array (
  'host' => 'localhost',
  'connection' => 'keep-alive',
  'accept' => 'application/json, text/javascript, */*; q=0.01',
  'x-requested-with' => 'XMLHttpRequest',
  'user-agent' => 'Mozilla/5.0 (Windows NT 6.1) AppleWebKit/537.36 (KHTML, like Gecko) Chrome/63.0.3239.132 Safari/537.36',
  'referer' => 'http://localhost/tpshop/public/admin/database/index.html',
  'accept-encoding' => 'gzip, deflate, br',
  'accept-language' => 'zh-CN,zh;q=0.9',
  'cookie' => 'thinkphp_show_page_trace=0|0; thinkphp_show_page_trace=0|0; pgv_pvi=4871092224',
)
[ info ] [ PARAM ] array (
  'page' => '1',
  'limit' => '10',
)
[ info ] [ RUN ] app\admin\controller\Database->lst[ D:\phpStudy\WWW\tpshop\application\admin\controller\Database.php ]
[ info ] [ DB ] INIT mysql
[ info ] [ LOG ] INIT File
[ sql ] [ DB ] CONNECT:[ UseTime:0.001000s ] mysql:host=127.0.0.1;dbname=tpshop;charset=utf8
[ sql ] [ SQL ] show tables from tpshop [ RunTime:0.001001s ]
[ sql ] [ SQL ] show table status from tpshop like 'tp_admin' [ RunTime:0.001000s ]
[ sql ] [ SQL ] show table status from tpshop like 'tp_admin_log' [ RunTime:0.001000s ]
[ sql ] [ SQL ] show table status from tpshop like 'tp_auth' [ RunTime:0.001000s ]
[ sql ] [ SQL ] show table status from tpshop like 'tp_back_up' [ RunTime:0.001000s ]
[ sql ] [ SQL ] show table status from tpshop like 'tp_role' [ RunTime:0.001000s ]
---------------------------------------------------------------
[ 2020-03-14T19:45:23+08:00 ] 0.0.0.0 GET localhost/tpshop/public/admin/database/dict.html
[运行时间：0.042003s] [吞吐率：23.81req/s] [内存消耗：1,753.98kb] [文件加载：50]
[ info ] [ LANG ] D:\phpStudy\WWW\tpshop\thinkphp\lang\zh-cn.php
[ info ] [ ROUTE ] array (
  'type' => 'module',
  'module' => 
  array (
    0 => 'admin',
    1 => 'database',
    2 => 'dict',
  ),
)
[ info ] [ HEADER ] array (
  'host' => 'localhost',
  'connection' => 'keep-alive',
  'upgrade-insecure-requests' => '1',
  'user-agent' => 'Mozilla/5.0 (Windows NT 6.1) AppleWebKit/537.36 (KHTML, like Gecko) Chrome/63.0.3239.132 Safari/537.36',
  'accept' => 'text/html,application/xhtml+xml,application/xml;q=0.9,image/webp,image/apng,*/*;q=0.8',
  'referer' => 'http://localhost/tpshop/public/admin/database/index.html',
  'accept-encoding' => 'gzip, deflate, br',
  'accept-language' => 'zh-CN,zh;q=0.9',
  'cookie' => 'thinkphp_show_page_trace=0|0; thinkphp_show_page_trace=0|0; pgv_pvi=4871092224',
)
[ info ] [ PARAM ] array (
)
[ info ] [ RUN ] app\admin\controller\Database->dict[ D:\phpStudy\WWW\tpshop\application\admin\controller\Database.php ]
[ info ] [ VIEW ] D:\phpStudy\WWW\tpshop\public/../application/admin\view\database\dict.html [ array (
) ]
[ info ] [ LOG ] INIT File
---------------------------------------------------------------
[ 2020-03-14T19:45:25+08:00 ] 0.0.0.0 GET localhost/tpshop/public/admin/database/dict.html
[运行时间：0.040002s] [吞吐率：25.00req/s] [内存消耗：1,753.98kb] [文件加载：50]
[ info ] [ LANG ] D:\phpStudy\WWW\tpshop\thinkphp\lang\zh-cn.php
[ info ] [ ROUTE ] array (
  'type' => 'module',
  'module' => 
  array (
    0 => 'admin',
    1 => 'database',
    2 => 'dict',
  ),
)
[ info ] [ HEADER ] array (
  'host' => 'localhost',
  'connection' => 'keep-alive',
  'upgrade-insecure-requests' => '1',
  'user-agent' => 'Mozilla/5.0 (Windows NT 6.1) AppleWebKit/537.36 (KHTML, like Gecko) Chrome/63.0.3239.132 Safari/537.36',
  'accept' => 'text/html,application/xhtml+xml,application/xml;q=0.9,image/webp,image/apng,*/*;q=0.8',
  'referer' => 'http://localhost/tpshop/public/admin/database/index.html',
  'accept-encoding' => 'gzip, deflate, br',
  'accept-language' => 'zh-CN,zh;q=0.9',
  'cookie' => 'thinkphp_show_page_trace=0|0; thinkphp_show_page_trace=0|0; pgv_pvi=4871092224',
)
[ info ] [ PARAM ] array (
)
[ info ] [ RUN ] app\admin\controller\Database->dict[ D:\phpStudy\WWW\tpshop\application\admin\controller\Database.php ]
[ info ] [ VIEW ] D:\phpStudy\WWW\tpshop\public/../application/admin\view\database\dict.html [ array (
) ]
[ info ] [ LOG ] INIT File
---------------------------------------------------------------
[ 2020-03-14T19:56:32+08:00 ] 0.0.0.0 POST localhost/tpshop/public/admin/database/optimize.html?table=tp_admin_log
[运行时间：1.954112s] [吞吐率：0.51req/s] [内存消耗：1,886.49kb] [文件加载：50]
[ info ] [ LANG ] D:\phpStudy\WWW\tpshop\thinkphp\lang\zh-cn.php
[ info ] [ ROUTE ] array (
  'type' => 'module',
  'module' => 
  array (
    0 => 'admin',
    1 => 'database',
    2 => 'optimize',
  ),
)
[ info ] [ HEADER ] array (
  'host' => 'localhost',
  'connection' => 'keep-alive',
  'content-length' => '0',
  'accept' => '*/*',
  'origin' => 'http://localhost',
  'x-requested-with' => 'XMLHttpRequest',
  'user-agent' => 'Mozilla/5.0 (Windows NT 6.1) AppleWebKit/537.36 (KHTML, like Gecko) Chrome/63.0.3239.132 Safari/537.36',
  'referer' => 'http://localhost/tpshop/public/admin/database/index.html',
  'accept-encoding' => 'gzip, deflate, br',
  'accept-language' => 'zh-CN,zh;q=0.9',
  'cookie' => 'thinkphp_show_page_trace=0|0; thinkphp_show_page_trace=0|0; pgv_pvi=4871092224',
)
[ info ] [ PARAM ] array (
  'table' => 'tp_admin_log',
)
[ info ] [ RUN ] app\admin\controller\Database->optimize[ D:\phpStudy\WWW\tpshop\application\admin\controller\Database.php ]
[ info ] [ DB ] INIT mysql
[ info ] [ LOG ] INIT File
[ sql ] [ DB ] CONNECT:[ UseTime:0.011001s ] mysql:host=127.0.0.1;dbname=tpshop;charset=utf8
[ sql ] [ SQL ] OPTIMIZE TABLE `tp_admin_log` [ RunTime:1.894108s ]
---------------------------------------------------------------
[ 2020-03-14T19:56:32+08:00 ] 0.0.0.0 GET localhost/tpshop/public/admin/database/lst.html?page=1&limit=10
[运行时间：0.098005s] [吞吐率：10.20req/s] [内存消耗：1,895.55kb] [文件加载：50]
[ info ] [ LANG ] D:\phpStudy\WWW\tpshop\thinkphp\lang\zh-cn.php
[ info ] [ ROUTE ] array (
  'type' => 'module',
  'module' => 
  array (
    0 => 'admin',
    1 => 'database',
    2 => 'lst',
  ),
)
[ info ] [ HEADER ] array (
  'host' => 'localhost',
  'connection' => 'keep-alive',
  'accept' => 'application/json, text/javascript, */*; q=0.01',
  'x-requested-with' => 'XMLHttpRequest',
  'user-agent' => 'Mozilla/5.0 (Windows NT 6.1) AppleWebKit/537.36 (KHTML, like Gecko) Chrome/63.0.3239.132 Safari/537.36',
  'referer' => 'http://localhost/tpshop/public/admin/database/index.html',
  'accept-encoding' => 'gzip, deflate, br',
  'accept-language' => 'zh-CN,zh;q=0.9',
  'cookie' => 'thinkphp_show_page_trace=0|0; thinkphp_show_page_trace=0|0; pgv_pvi=4871092224',
)
[ info ] [ PARAM ] array (
  'page' => '1',
  'limit' => '10',
)
[ info ] [ RUN ] app\admin\controller\Database->lst[ D:\phpStudy\WWW\tpshop\application\admin\controller\Database.php ]
[ info ] [ DB ] INIT mysql
[ info ] [ LOG ] INIT File
[ sql ] [ DB ] CONNECT:[ UseTime:0.010000s ] mysql:host=127.0.0.1;dbname=tpshop;charset=utf8
[ sql ] [ SQL ] show tables from tpshop [ RunTime:0.001001s ]
[ sql ] [ SQL ] show table status from tpshop like 'tp_admin' [ RunTime:0.001000s ]
[ sql ] [ SQL ] show table status from tpshop like 'tp_admin_log' [ RunTime:0.039002s ]
[ sql ] [ SQL ] show table status from tpshop like 'tp_auth' [ RunTime:0.001000s ]
[ sql ] [ SQL ] show table status from tpshop like 'tp_back_up' [ RunTime:0.001000s ]
[ sql ] [ SQL ] show table status from tpshop like 'tp_role' [ RunTime:0.001000s ]
---------------------------------------------------------------
[ 2020-03-14T20:20:39+08:00 ] 0.0.0.0 GET localhost/tpshop/public/admin/role/index.html
[运行时间：0.351021s] [吞吐率：2.85req/s] [内存消耗：1,898.17kb] [文件加载：53]
[ info ] [ LANG ] D:\phpStudy\WWW\tpshop\thinkphp\lang\zh-cn.php
[ info ] [ ROUTE ] array (
  'type' => 'module',
  'module' => 
  array (
    0 => 'admin',
    1 => 'role',
    2 => 'index',
  ),
)
[ info ] [ HEADER ] array (
  'host' => 'localhost',
  'connection' => 'keep-alive',
  'upgrade-insecure-requests' => '1',
  'user-agent' => 'Mozilla/5.0 (Windows NT 6.1) AppleWebKit/537.36 (KHTML, like Gecko) Chrome/63.0.3239.132 Safari/537.36',
  'accept' => 'text/html,application/xhtml+xml,application/xml;q=0.9,image/webp,image/apng,*/*;q=0.8',
  'referer' => 'http://localhost/tpshop/public/admin',
  'accept-encoding' => 'gzip, deflate, br',
  'accept-language' => 'zh-CN,zh;q=0.9',
  'cookie' => 'thinkphp_show_page_trace=0|0; thinkphp_show_page_trace=0|0; pgv_pvi=4871092224',
)
[ info ] [ PARAM ] array (
)
[ info ] [ RUN ] app\admin\controller\Role->index[ D:\phpStudy\WWW\tpshop\application\admin\controller\Role.php ]
[ info ] [ VIEW ] D:\phpStudy\WWW\tpshop\public/../application/admin\view\role\index.html [ array (
) ]
[ info ] [ LOG ] INIT File
---------------------------------------------------------------
[ 2020-03-14T20:20:39+08:00 ] 0.0.0.0 GET localhost/tpshop/public/admin/admin/index.html
[运行时间：0.141008s] [吞吐率：7.09req/s] [内存消耗：1,958.71kb] [文件加载：53]
[ info ] [ LANG ] D:\phpStudy\WWW\tpshop\thinkphp\lang\zh-cn.php
[ info ] [ ROUTE ] array (
  'type' => 'module',
  'module' => 
  array (
    0 => 'admin',
    1 => 'admin',
    2 => 'index',
  ),
)
[ info ] [ HEADER ] array (
  'host' => 'localhost',
  'connection' => 'keep-alive',
  'upgrade-insecure-requests' => '1',
  'user-agent' => 'Mozilla/5.0 (Windows NT 6.1) AppleWebKit/537.36 (KHTML, like Gecko) Chrome/63.0.3239.132 Safari/537.36',
  'accept' => 'text/html,application/xhtml+xml,application/xml;q=0.9,image/webp,image/apng,*/*;q=0.8',
  'referer' => 'http://localhost/tpshop/public/admin',
  'accept-encoding' => 'gzip, deflate, br',
  'accept-language' => 'zh-CN,zh;q=0.9',
  'cookie' => 'thinkphp_show_page_trace=0|0; thinkphp_show_page_trace=0|0; pgv_pvi=4871092224',
)
[ info ] [ PARAM ] array (
)
[ info ] [ RUN ] app\admin\controller\Admin->index[ D:\phpStudy\WWW\tpshop\application\admin\controller\Admin.php ]
[ info ] [ VIEW ] D:\phpStudy\WWW\tpshop\public/../application/admin\view\admin\index.html [ array (
) ]
[ info ] [ LOG ] INIT File
---------------------------------------------------------------
[ 2020-03-14T20:20:40+08:00 ] 0.0.0.0 GET localhost/tpshop/public/admin/admin/lst.html?page=1&limit=10
[运行时间：0.373021s] [吞吐率：2.68req/s] [内存消耗：2,794.18kb] [文件加载：56]
[ info ] [ LANG ] D:\phpStudy\WWW\tpshop\thinkphp\lang\zh-cn.php
[ info ] [ ROUTE ] array (
  'type' => 'module',
  'module' => 
  array (
    0 => 'admin',
    1 => 'admin',
    2 => 'lst',
  ),
)
[ info ] [ HEADER ] array (
  'host' => 'localhost',
  'connection' => 'keep-alive',
  'accept' => 'application/json, text/javascript, */*; q=0.01',
  'x-requested-with' => 'XMLHttpRequest',
  'user-agent' => 'Mozilla/5.0 (Windows NT 6.1) AppleWebKit/537.36 (KHTML, like Gecko) Chrome/63.0.3239.132 Safari/537.36',
  'referer' => 'http://localhost/tpshop/public/admin/admin/index.html',
  'accept-encoding' => 'gzip, deflate, br',
  'accept-language' => 'zh-CN,zh;q=0.9',
  'cookie' => 'thinkphp_show_page_trace=0|0; thinkphp_show_page_trace=0|0; pgv_pvi=4871092224',
)
[ info ] [ PARAM ] array (
  'page' => '1',
  'limit' => '10',
)
[ info ] [ RUN ] app\admin\controller\Admin->lst[ D:\phpStudy\WWW\tpshop\application\admin\controller\Admin.php ]
[ info ] [ DB ] INIT mysql
[ info ] [ LOG ] INIT File
[ sql ] [ DB ] CONNECT:[ UseTime:0.001000s ] mysql:host=127.0.0.1;dbname=tpshop;charset=utf8
[ sql ] [ SQL ] SHOW COLUMNS FROM `tp_admin` [ RunTime:0.014001s ]
[ sql ] [ SQL ] SELECT `a`.*,`name` FROM `tp_admin` `a` LEFT JOIN `tp_role` `r` ON `r`.`id`=`a`.`role_id` WHERE  `a`.`status` = 1 ORDER BY `a`.`id` DESC LIMIT 0,10 [ RunTime:0.089005s ]
[ sql ] [ SQL ] SELECT COUNT(*) AS tp_count FROM `tp_admin` WHERE  `status` = 1 LIMIT 1 [ RunTime:0.002000s ]
---------------------------------------------------------------
[ 2020-03-14T20:20:50+08:00 ] 0.0.0.0 GET localhost/tpshop/public/admin/admin/add.html
[运行时间：1.823105s] [吞吐率：0.55req/s] [内存消耗：1,893.52kb] [文件加载：52]
[ info ] [ LANG ] D:\phpStudy\WWW\tpshop\thinkphp\lang\zh-cn.php
[ info ] [ ROUTE ] array (
  'type' => 'module',
  'module' => 
  array (
    0 => 'admin',
    1 => 'admin',
    2 => 'add',
  ),
)
[ info ] [ HEADER ] array (
  'host' => 'localhost',
  'connection' => 'keep-alive',
  'upgrade-insecure-requests' => '1',
  'user-agent' => 'Mozilla/5.0 (Windows NT 6.1) AppleWebKit/537.36 (KHTML, like Gecko) Chrome/63.0.3239.132 Safari/537.36',
  'accept' => 'text/html,application/xhtml+xml,application/xml;q=0.9,image/webp,image/apng,*/*;q=0.8',
  'referer' => 'http://localhost/tpshop/public/admin/admin/index.html',
  'accept-encoding' => 'gzip, deflate, br',
  'accept-language' => 'zh-CN,zh;q=0.9',
  'cookie' => 'thinkphp_show_page_trace=0|0; thinkphp_show_page_trace=0|0; pgv_pvi=4871092224',
)
[ info ] [ PARAM ] array (
)
[ info ] [ RUN ] app\admin\controller\Admin->add[ D:\phpStudy\WWW\tpshop\application\admin\controller\Admin.php ]
[ info ] [ VIEW ] D:\phpStudy\WWW\tpshop\public/../application/admin\view\admin\add.html [ array (
) ]
[ info ] [ LOG ] INIT File
---------------------------------------------------------------
[ 2020-03-14T20:21:10+08:00 ] 0.0.0.0 GET localhost/tpshop/public/admin/admin/add.html
[运行时间：0.046003s] [吞吐率：21.74req/s] [内存消耗：1,747.57kb] [文件加载：50]
[ info ] [ LANG ] D:\phpStudy\WWW\tpshop\thinkphp\lang\zh-cn.php
[ info ] [ ROUTE ] array (
  'type' => 'module',
  'module' => 
  array (
    0 => 'admin',
    1 => 'admin',
    2 => 'add',
  ),
)
[ info ] [ HEADER ] array (
  'host' => 'localhost',
  'connection' => 'keep-alive',
  'upgrade-insecure-requests' => '1',
  'user-agent' => 'Mozilla/5.0 (Windows NT 6.1) AppleWebKit/537.36 (KHTML, like Gecko) Chrome/63.0.3239.132 Safari/537.36',
  'accept' => 'text/html,application/xhtml+xml,application/xml;q=0.9,image/webp,image/apng,*/*;q=0.8',
  'referer' => 'http://localhost/tpshop/public/admin/admin/index.html',
  'accept-encoding' => 'gzip, deflate, br',
  'accept-language' => 'zh-CN,zh;q=0.9',
  'cookie' => 'thinkphp_show_page_trace=0|0; thinkphp_show_page_trace=0|0; pgv_pvi=4871092224',
)
[ info ] [ PARAM ] array (
)
[ info ] [ RUN ] app\admin\controller\Admin->add[ D:\phpStudy\WWW\tpshop\application\admin\controller\Admin.php ]
[ info ] [ VIEW ] D:\phpStudy\WWW\tpshop\public/../application/admin\view\admin\add.html [ array (
) ]
[ info ] [ LOG ] INIT File
---------------------------------------------------------------
[ 2020-03-14T20:22:06+08:00 ] 0.0.0.0 GET localhost/tpshop/public/admin/admin/add.html
[运行时间：0.047003s] [吞吐率：21.28req/s] [内存消耗：1,747.57kb] [文件加载：50]
[ info ] [ LANG ] D:\phpStudy\WWW\tpshop\thinkphp\lang\zh-cn.php
[ info ] [ ROUTE ] array (
  'type' => 'module',
  'module' => 
  array (
    0 => 'admin',
    1 => 'admin',
    2 => 'add',
  ),
)
[ info ] [ HEADER ] array (
  'host' => 'localhost',
  'connection' => 'keep-alive',
  'upgrade-insecure-requests' => '1',
  'user-agent' => 'Mozilla/5.0 (Windows NT 6.1) AppleWebKit/537.36 (KHTML, like Gecko) Chrome/63.0.3239.132 Safari/537.36',
  'accept' => 'text/html,application/xhtml+xml,application/xml;q=0.9,image/webp,image/apng,*/*;q=0.8',
  'referer' => 'http://localhost/tpshop/public/admin/admin/index.html',
  'accept-encoding' => 'gzip, deflate, br',
  'accept-language' => 'zh-CN,zh;q=0.9',
  'cookie' => 'thinkphp_show_page_trace=0|0; thinkphp_show_page_trace=0|0; pgv_pvi=4871092224',
)
[ info ] [ PARAM ] array (
)
[ info ] [ RUN ] app\admin\controller\Admin->add[ D:\phpStudy\WWW\tpshop\application\admin\controller\Admin.php ]
[ info ] [ VIEW ] D:\phpStudy\WWW\tpshop\public/../application/admin\view\admin\add.html [ array (
) ]
[ info ] [ LOG ] INIT File
---------------------------------------------------------------
[ 2020-03-14T20:22:08+08:00 ] 0.0.0.0 GET localhost/tpshop/public/admin/database/index.html
[运行时间：0.049003s] [吞吐率：20.41req/s] [内存消耗：1,814.96kb] [文件加载：51]
[ info ] [ LANG ] D:\phpStudy\WWW\tpshop\thinkphp\lang\zh-cn.php
[ info ] [ ROUTE ] array (
  'type' => 'module',
  'module' => 
  array (
    0 => 'admin',
    1 => 'database',
    2 => 'index',
  ),
)
[ info ] [ HEADER ] array (
  'host' => 'localhost',
  'connection' => 'keep-alive',
  'upgrade-insecure-requests' => '1',
  'user-agent' => 'Mozilla/5.0 (Windows NT 6.1) AppleWebKit/537.36 (KHTML, like Gecko) Chrome/63.0.3239.132 Safari/537.36',
  'accept' => 'text/html,application/xhtml+xml,application/xml;q=0.9,image/webp,image/apng,*/*;q=0.8',
  'referer' => 'http://localhost/tpshop/public/admin',
  'accept-encoding' => 'gzip, deflate, br',
  'accept-language' => 'zh-CN,zh;q=0.9',
  'cookie' => 'thinkphp_show_page_trace=0|0; thinkphp_show_page_trace=0|0; pgv_pvi=4871092224',
)
[ info ] [ PARAM ] array (
)
[ info ] [ RUN ] app\admin\controller\Database->index[ D:\phpStudy\WWW\tpshop\application\admin\controller\Database.php ]
[ info ] [ VIEW ] D:\phpStudy\WWW\tpshop\public/../application/admin\view\database\index.html [ array (
) ]
[ info ] [ LOG ] INIT File
---------------------------------------------------------------
[ 2020-03-14T20:22:11+08:00 ] 0.0.0.0 GET localhost/tpshop/public/admin/database/lst.html?page=1&limit=10
[运行时间：0.056003s] [吞吐率：17.86req/s] [内存消耗：1,895.55kb] [文件加载：50]
[ info ] [ LANG ] D:\phpStudy\WWW\tpshop\thinkphp\lang\zh-cn.php
[ info ] [ ROUTE ] array (
  'type' => 'module',
  'module' => 
  array (
    0 => 'admin',
    1 => 'database',
    2 => 'lst',
  ),
)
[ info ] [ HEADER ] array (
  'host' => 'localhost',
  'connection' => 'keep-alive',
  'accept' => 'application/json, text/javascript, */*; q=0.01',
  'x-requested-with' => 'XMLHttpRequest',
  'user-agent' => 'Mozilla/5.0 (Windows NT 6.1) AppleWebKit/537.36 (KHTML, like Gecko) Chrome/63.0.3239.132 Safari/537.36',
  'referer' => 'http://localhost/tpshop/public/admin/database/index.html',
  'accept-encoding' => 'gzip, deflate, br',
  'accept-language' => 'zh-CN,zh;q=0.9',
  'cookie' => 'thinkphp_show_page_trace=0|0; thinkphp_show_page_trace=0|0; pgv_pvi=4871092224',
)
[ info ] [ PARAM ] array (
  'page' => '1',
  'limit' => '10',
)
[ info ] [ RUN ] app\admin\controller\Database->lst[ D:\phpStudy\WWW\tpshop\application\admin\controller\Database.php ]
[ info ] [ DB ] INIT mysql
[ info ] [ LOG ] INIT File
[ sql ] [ DB ] CONNECT:[ UseTime:0.001000s ] mysql:host=127.0.0.1;dbname=tpshop;charset=utf8
[ sql ] [ SQL ] show tables from tpshop [ RunTime:0.002000s ]
[ sql ] [ SQL ] show table status from tpshop like 'tp_admin' [ RunTime:0.002000s ]
[ sql ] [ SQL ] show table status from tpshop like 'tp_admin_log' [ RunTime:0.002000s ]
[ sql ] [ SQL ] show table status from tpshop like 'tp_auth' [ RunTime:0.001000s ]
[ sql ] [ SQL ] show table status from tpshop like 'tp_back_up' [ RunTime:0.002000s ]
[ sql ] [ SQL ] show table status from tpshop like 'tp_role' [ RunTime:0.001000s ]
---------------------------------------------------------------
[ 2020-03-14T20:22:23+08:00 ] 0.0.0.0 GET localhost/tpshop/public/admin-info.html
[运行时间：5.606320s] [吞吐率：0.18req/s] [内存消耗：1,479.70kb] [文件加载：43]
[ info ] [ LANG ] D:\phpStudy\WWW\tpshop\thinkphp\lang\zh-cn.php
[ info ] [ ROUTE ] array (
  'type' => 'module',
  'module' => 
  array (
    0 => 'admin-info',
    1 => NULL,
    2 => NULL,
  ),
)
[ info ] [ HEADER ] array (
  'host' => 'localhost',
  'connection' => 'keep-alive',
  'upgrade-insecure-requests' => '1',
  'user-agent' => 'Mozilla/5.0 (Windows NT 6.1) AppleWebKit/537.36 (KHTML, like Gecko) Chrome/63.0.3239.132 Safari/537.36',
  'accept' => 'text/html,application/xhtml+xml,application/xml;q=0.9,image/webp,image/apng,*/*;q=0.8',
  'referer' => 'http://localhost/tpshop/public/admin',
  'accept-encoding' => 'gzip, deflate, br',
  'accept-language' => 'zh-CN,zh;q=0.9',
  'cookie' => 'thinkphp_show_page_trace=0|0; pgv_pvi=4871092224',
)
[ info ] [ PARAM ] array (
)
[ info ] [ LOG ] INIT File
---------------------------------------------------------------
[ 2020-03-14T20:22:36+08:00 ] 0.0.0.0 POST localhost/tpshop/public/admin/database/optimize.html?table=tp_admin_log
[运行时间：0.046002s] [吞吐率：21.74req/s] [内存消耗：1,886.52kb] [文件加载：50]
[ info ] [ LANG ] D:\phpStudy\WWW\tpshop\thinkphp\lang\zh-cn.php
[ info ] [ ROUTE ] array (
  'type' => 'module',
  'module' => 
  array (
    0 => 'admin',
    1 => 'database',
    2 => 'optimize',
  ),
)
[ info ] [ HEADER ] array (
  'host' => 'localhost',
  'connection' => 'keep-alive',
  'content-length' => '0',
  'accept' => '*/*',
  'origin' => 'http://localhost',
  'x-requested-with' => 'XMLHttpRequest',
  'user-agent' => 'Mozilla/5.0 (Windows NT 6.1) AppleWebKit/537.36 (KHTML, like Gecko) Chrome/63.0.3239.132 Safari/537.36',
  'referer' => 'http://localhost/tpshop/public/admin/database/index.html',
  'accept-encoding' => 'gzip, deflate, br',
  'accept-language' => 'zh-CN,zh;q=0.9',
  'cookie' => 'thinkphp_show_page_trace=0|0; thinkphp_show_page_trace=0|0; pgv_pvi=4871092224',
)
[ info ] [ PARAM ] array (
  'table' => 'tp_admin_log',
)
[ info ] [ RUN ] app\admin\controller\Database->optimize[ D:\phpStudy\WWW\tpshop\application\admin\controller\Database.php ]
[ info ] [ DB ] INIT mysql
[ info ] [ LOG ] INIT File
[ sql ] [ DB ] CONNECT:[ UseTime:0.001000s ] mysql:host=127.0.0.1;dbname=tpshop;charset=utf8
[ sql ] [ SQL ] OPTIMIZE TABLE `tp_admin_log` [ RunTime:0.001000s ]
---------------------------------------------------------------
[ 2020-03-14T20:22:36+08:00 ] 0.0.0.0 GET localhost/tpshop/public/admin/database/lst.html?page=1&limit=10
[运行时间：0.050002s] [吞吐率：20.00req/s] [内存消耗：1,895.55kb] [文件加载：50]
[ info ] [ LANG ] D:\phpStudy\WWW\tpshop\thinkphp\lang\zh-cn.php
[ info ] [ ROUTE ] array (
  'type' => 'module',
  'module' => 
  array (
    0 => 'admin',
    1 => 'database',
    2 => 'lst',
  ),
)
[ info ] [ HEADER ] array (
  'host' => 'localhost',
  'connection' => 'keep-alive',
  'accept' => 'application/json, text/javascript, */*; q=0.01',
  'x-requested-with' => 'XMLHttpRequest',
  'user-agent' => 'Mozilla/5.0 (Windows NT 6.1) AppleWebKit/537.36 (KHTML, like Gecko) Chrome/63.0.3239.132 Safari/537.36',
  'referer' => 'http://localhost/tpshop/public/admin/database/index.html',
  'accept-encoding' => 'gzip, deflate, br',
  'accept-language' => 'zh-CN,zh;q=0.9',
  'cookie' => 'thinkphp_show_page_trace=0|0; thinkphp_show_page_trace=0|0; pgv_pvi=4871092224',
)
[ info ] [ PARAM ] array (
  'page' => '1',
  'limit' => '10',
)
[ info ] [ RUN ] app\admin\controller\Database->lst[ D:\phpStudy\WWW\tpshop\application\admin\controller\Database.php ]
[ info ] [ DB ] INIT mysql
[ info ] [ LOG ] INIT File
[ sql ] [ DB ] CONNECT:[ UseTime:0.002000s ] mysql:host=127.0.0.1;dbname=tpshop;charset=utf8
[ sql ] [ SQL ] show tables from tpshop [ RunTime:0.001000s ]
[ sql ] [ SQL ] show table status from tpshop like 'tp_admin' [ RunTime:0.002000s ]
[ sql ] [ SQL ] show table status from tpshop like 'tp_admin_log' [ RunTime:0.001000s ]
[ sql ] [ SQL ] show table status from tpshop like 'tp_auth' [ RunTime:0.000000s ]
[ sql ] [ SQL ] show table status from tpshop like 'tp_back_up' [ RunTime:0.001000s ]
[ sql ] [ SQL ] show table status from tpshop like 'tp_role' [ RunTime:0.001000s ]
---------------------------------------------------------------
[ 2020-03-14T20:22:42+08:00 ] 0.0.0.0 POST localhost/tpshop/public/admin/database/repair.html?table=tp_admin_log
[运行时间：1.821104s] [吞吐率：0.55req/s] [内存消耗：1,886.45kb] [文件加载：50]
[ info ] [ LANG ] D:\phpStudy\WWW\tpshop\thinkphp\lang\zh-cn.php
[ info ] [ ROUTE ] array (
  'type' => 'module',
  'module' => 
  array (
    0 => 'admin',
    1 => 'database',
    2 => 'repair',
  ),
)
[ info ] [ HEADER ] array (
  'host' => 'localhost',
  'connection' => 'keep-alive',
  'content-length' => '0',
  'accept' => '*/*',
  'origin' => 'http://localhost',
  'x-requested-with' => 'XMLHttpRequest',
  'user-agent' => 'Mozilla/5.0 (Windows NT 6.1) AppleWebKit/537.36 (KHTML, like Gecko) Chrome/63.0.3239.132 Safari/537.36',
  'referer' => 'http://localhost/tpshop/public/admin/database/index.html',
  'accept-encoding' => 'gzip, deflate, br',
  'accept-language' => 'zh-CN,zh;q=0.9',
  'cookie' => 'thinkphp_show_page_trace=0|0; thinkphp_show_page_trace=0|0; pgv_pvi=4871092224',
)
[ info ] [ PARAM ] array (
  'table' => 'tp_admin_log',
)
[ info ] [ RUN ] app\admin\controller\Database->repair[ D:\phpStudy\WWW\tpshop\application\admin\controller\Database.php ]
[ info ] [ DB ] INIT mysql
[ info ] [ LOG ] INIT File
[ sql ] [ DB ] CONNECT:[ UseTime:0.001000s ] mysql:host=127.0.0.1;dbname=tpshop;charset=utf8
[ sql ] [ SQL ] REPAIR TABLE `tp_admin_log` [ RunTime:1.773101s ]
---------------------------------------------------------------
[ 2020-03-14T20:22:42+08:00 ] 0.0.0.0 GET localhost/tpshop/public/admin/database/lst.html?page=1&limit=10
[运行时间：0.052003s] [吞吐率：19.23req/s] [内存消耗：1,895.55kb] [文件加载：50]
[ info ] [ LANG ] D:\phpStudy\WWW\tpshop\thinkphp\lang\zh-cn.php
[ info ] [ ROUTE ] array (
  'type' => 'module',
  'module' => 
  array (
    0 => 'admin',
    1 => 'database',
    2 => 'lst',
  ),
)
[ info ] [ HEADER ] array (
  'host' => 'localhost',
  'connection' => 'keep-alive',
  'accept' => 'application/json, text/javascript, */*; q=0.01',
  'x-requested-with' => 'XMLHttpRequest',
  'user-agent' => 'Mozilla/5.0 (Windows NT 6.1) AppleWebKit/537.36 (KHTML, like Gecko) Chrome/63.0.3239.132 Safari/537.36',
  'referer' => 'http://localhost/tpshop/public/admin/database/index.html',
  'accept-encoding' => 'gzip, deflate, br',
  'accept-language' => 'zh-CN,zh;q=0.9',
  'cookie' => 'thinkphp_show_page_trace=0|0; thinkphp_show_page_trace=0|0; pgv_pvi=4871092224',
)
[ info ] [ PARAM ] array (
  'page' => '1',
  'limit' => '10',
)
[ info ] [ RUN ] app\admin\controller\Database->lst[ D:\phpStudy\WWW\tpshop\application\admin\controller\Database.php ]
[ info ] [ DB ] INIT mysql
[ info ] [ LOG ] INIT File
[ sql ] [ DB ] CONNECT:[ UseTime:0.000000s ] mysql:host=127.0.0.1;dbname=tpshop;charset=utf8
[ sql ] [ SQL ] show tables from tpshop [ RunTime:0.001000s ]
[ sql ] [ SQL ] show table status from tpshop like 'tp_admin' [ RunTime:0.001000s ]
[ sql ] [ SQL ] show table status from tpshop like 'tp_admin_log' [ RunTime:0.001000s ]
[ sql ] [ SQL ] show table status from tpshop like 'tp_auth' [ RunTime:0.001000s ]
[ sql ] [ SQL ] show table status from tpshop like 'tp_back_up' [ RunTime:0.001000s ]
[ sql ] [ SQL ] show table status from tpshop like 'tp_role' [ RunTime:0.001000s ]
---------------------------------------------------------------
[ 2020-03-14T20:22:48+08:00 ] 0.0.0.0 POST localhost/tpshop/public/admin/database/repair.html?table=tp_admin_log
[运行时间：0.753043s] [吞吐率：1.33req/s] [内存消耗：1,886.45kb] [文件加载：50]
[ info ] [ LANG ] D:\phpStudy\WWW\tpshop\thinkphp\lang\zh-cn.php
[ info ] [ ROUTE ] array (
  'type' => 'module',
  'module' => 
  array (
    0 => 'admin',
    1 => 'database',
    2 => 'repair',
  ),
)
[ info ] [ HEADER ] array (
  'host' => 'localhost',
  'connection' => 'keep-alive',
  'content-length' => '0',
  'accept' => '*/*',
  'origin' => 'http://localhost',
  'x-requested-with' => 'XMLHttpRequest',
  'user-agent' => 'Mozilla/5.0 (Windows NT 6.1) AppleWebKit/537.36 (KHTML, like Gecko) Chrome/63.0.3239.132 Safari/537.36',
  'referer' => 'http://localhost/tpshop/public/admin/database/index.html',
  'accept-encoding' => 'gzip, deflate, br',
  'accept-language' => 'zh-CN,zh;q=0.9',
  'cookie' => 'thinkphp_show_page_trace=0|0; thinkphp_show_page_trace=0|0; pgv_pvi=4871092224',
)
[ info ] [ PARAM ] array (
  'table' => 'tp_admin_log',
)
[ info ] [ RUN ] app\admin\controller\Database->repair[ D:\phpStudy\WWW\tpshop\application\admin\controller\Database.php ]
[ info ] [ DB ] INIT mysql
[ info ] [ LOG ] INIT File
[ sql ] [ DB ] CONNECT:[ UseTime:0.001000s ] mysql:host=127.0.0.1;dbname=tpshop;charset=utf8
[ sql ] [ SQL ] REPAIR TABLE `tp_admin_log` [ RunTime:0.704041s ]
---------------------------------------------------------------
[ 2020-03-14T20:22:48+08:00 ] 0.0.0.0 GET localhost/tpshop/public/admin/database/lst.html?page=1&limit=10
[运行时间：0.050003s] [吞吐率：20.00req/s] [内存消耗：1,895.55kb] [文件加载：50]
[ info ] [ LANG ] D:\phpStudy\WWW\tpshop\thinkphp\lang\zh-cn.php
[ info ] [ ROUTE ] array (
  'type' => 'module',
  'module' => 
  array (
    0 => 'admin',
    1 => 'database',
    2 => 'lst',
  ),
)
[ info ] [ HEADER ] array (
  'host' => 'localhost',
  'connection' => 'keep-alive',
  'accept' => 'application/json, text/javascript, */*; q=0.01',
  'x-requested-with' => 'XMLHttpRequest',
  'user-agent' => 'Mozilla/5.0 (Windows NT 6.1) AppleWebKit/537.36 (KHTML, like Gecko) Chrome/63.0.3239.132 Safari/537.36',
  'referer' => 'http://localhost/tpshop/public/admin/database/index.html',
  'accept-encoding' => 'gzip, deflate, br',
  'accept-language' => 'zh-CN,zh;q=0.9',
  'cookie' => 'thinkphp_show_page_trace=0|0; thinkphp_show_page_trace=0|0; pgv_pvi=4871092224',
)
[ info ] [ PARAM ] array (
  'page' => '1',
  'limit' => '10',
)
[ info ] [ RUN ] app\admin\controller\Database->lst[ D:\phpStudy\WWW\tpshop\application\admin\controller\Database.php ]
[ info ] [ DB ] INIT mysql
[ info ] [ LOG ] INIT File
[ sql ] [ DB ] CONNECT:[ UseTime:0.001000s ] mysql:host=127.0.0.1;dbname=tpshop;charset=utf8
[ sql ] [ SQL ] show tables from tpshop [ RunTime:0.000000s ]
[ sql ] [ SQL ] show table status from tpshop like 'tp_admin' [ RunTime:0.000000s ]
[ sql ] [ SQL ] show table status from tpshop like 'tp_admin_log' [ RunTime:0.002000s ]
[ sql ] [ SQL ] show table status from tpshop like 'tp_auth' [ RunTime:0.001000s ]
[ sql ] [ SQL ] show table status from tpshop like 'tp_back_up' [ RunTime:0.001000s ]
[ sql ] [ SQL ] show table status from tpshop like 'tp_role' [ RunTime:0.001001s ]
---------------------------------------------------------------
[ 2020-03-14T20:22:51+08:00 ] 0.0.0.0 GET localhost/tpshop/public/admin/admin/add.html
[运行时间：0.050002s] [吞吐率：20.00req/s] [内存消耗：1,747.57kb] [文件加载：50]
[ info ] [ LANG ] D:\phpStudy\WWW\tpshop\thinkphp\lang\zh-cn.php
[ info ] [ ROUTE ] array (
  'type' => 'module',
  'module' => 
  array (
    0 => 'admin',
    1 => 'admin',
    2 => 'add',
  ),
)
[ info ] [ HEADER ] array (
  'host' => 'localhost',
  'connection' => 'keep-alive',
  'upgrade-insecure-requests' => '1',
  'user-agent' => 'Mozilla/5.0 (Windows NT 6.1) AppleWebKit/537.36 (KHTML, like Gecko) Chrome/63.0.3239.132 Safari/537.36',
  'accept' => 'text/html,application/xhtml+xml,application/xml;q=0.9,image/webp,image/apng,*/*;q=0.8',
  'referer' => 'http://localhost/tpshop/public/admin/database/index.html',
  'accept-encoding' => 'gzip, deflate, br',
  'accept-language' => 'zh-CN,zh;q=0.9',
  'cookie' => 'thinkphp_show_page_trace=0|0; thinkphp_show_page_trace=0|0; pgv_pvi=4871092224',
)
[ info ] [ PARAM ] array (
)
[ info ] [ RUN ] app\admin\controller\Admin->add[ D:\phpStudy\WWW\tpshop\application\admin\controller\Admin.php ]
[ info ] [ VIEW ] D:\phpStudy\WWW\tpshop\public/../application/admin\view\admin\add.html [ array (
) ]
[ info ] [ LOG ] INIT File
---------------------------------------------------------------
[ 2020-03-14T20:34:34+08:00 ] 0.0.0.0 GET localhost/tpshop/public/admin
[运行时间：7.821447s] [吞吐率：0.13req/s] [内存消耗：1,809.95kb] [文件加载：52]
[ info ] [ LANG ] D:\phpStudy\WWW\tpshop\thinkphp\lang\zh-cn.php
[ info ] [ ROUTE ] array (
  'type' => 'module',
  'module' => 
  array (
    0 => 'admin',
    1 => NULL,
    2 => NULL,
  ),
)
[ info ] [ HEADER ] array (
  'host' => 'localhost',
  'connection' => 'keep-alive',
  'upgrade-insecure-requests' => '1',
  'user-agent' => 'Mozilla/5.0 (Windows NT 6.1) AppleWebKit/537.36 (KHTML, like Gecko) Chrome/63.0.3239.132 Safari/537.36',
  'accept' => 'text/html,application/xhtml+xml,application/xml;q=0.9,image/webp,image/apng,*/*;q=0.8',
  'accept-encoding' => 'gzip, deflate, br',
  'accept-language' => 'zh-CN,zh;q=0.9',
  'cookie' => 'thinkphp_show_page_trace=0|0; pgv_pvi=4871092224',
)
[ info ] [ PARAM ] array (
)
[ info ] [ RUN ] app\admin\controller\Index->index[ D:\phpStudy\WWW\tpshop\application\admin\controller\Index.php ]
[ info ] [ VIEW ] D:\phpStudy\WWW\tpshop\public/../application/admin\view\index\index.html [ array (
) ]
[ info ] [ LOG ] INIT File
---------------------------------------------------------------
[ 2020-03-14T20:34:34+08:00 ] 0.0.0.0 GET localhost/tpshop/public/admin/index/welcome.html
[运行时间：0.106006s] [吞吐率：9.43req/s] [内存消耗：1,753.41kb] [文件加载：51]
[ info ] [ LANG ] D:\phpStudy\WWW\tpshop\thinkphp\lang\zh-cn.php
[ info ] [ ROUTE ] array (
  'type' => 'module',
  'module' => 
  array (
    0 => 'admin',
    1 => 'index',
    2 => 'welcome',
  ),
)
[ info ] [ HEADER ] array (
  'host' => 'localhost',
  'connection' => 'keep-alive',
  'upgrade-insecure-requests' => '1',
  'user-agent' => 'Mozilla/5.0 (Windows NT 6.1) AppleWebKit/537.36 (KHTML, like Gecko) Chrome/63.0.3239.132 Safari/537.36',
  'accept' => 'text/html,application/xhtml+xml,application/xml;q=0.9,image/webp,image/apng,*/*;q=0.8',
  'referer' => 'http://localhost/tpshop/public/admin',
  'accept-encoding' => 'gzip, deflate, br',
  'accept-language' => 'zh-CN,zh;q=0.9',
  'cookie' => 'thinkphp_show_page_trace=0|0; thinkphp_show_page_trace=0|0; pgv_pvi=4871092224',
)
[ info ] [ PARAM ] array (
)
[ info ] [ RUN ] app\admin\controller\Index->welcome[ D:\phpStudy\WWW\tpshop\application\admin\controller\Index.php ]
[ info ] [ VIEW ] D:\phpStudy\WWW\tpshop\public/../application/admin\view\index\welcome.html [ array (
) ]
[ info ] [ LOG ] INIT File
---------------------------------------------------------------
[ 2020-03-14T20:35:05+08:00 ] 0.0.0.0 GET localhost/tpshop/public/admin/database/index.html
[运行时间：1.741099s] [吞吐率：0.57req/s] [内存消耗：1,815.19kb] [文件加载：51]
[ info ] [ LANG ] D:\phpStudy\WWW\tpshop\thinkphp\lang\zh-cn.php
[ info ] [ ROUTE ] array (
  'type' => 'module',
  'module' => 
  array (
    0 => 'admin',
    1 => 'database',
    2 => 'index',
  ),
)
[ info ] [ HEADER ] array (
  'host' => 'localhost',
  'connection' => 'keep-alive',
  'upgrade-insecure-requests' => '1',
  'user-agent' => 'Mozilla/5.0 (Windows NT 6.1) AppleWebKit/537.36 (KHTML, like Gecko) Chrome/63.0.3239.132 Safari/537.36',
  'accept' => 'text/html,application/xhtml+xml,application/xml;q=0.9,image/webp,image/apng,*/*;q=0.8',
  'referer' => 'http://localhost/tpshop/public/admin',
  'accept-encoding' => 'gzip, deflate, br',
  'accept-language' => 'zh-CN,zh;q=0.9',
  'cookie' => 'thinkphp_show_page_trace=0|0; thinkphp_show_page_trace=0|0; pgv_pvi=4871092224',
)
[ info ] [ PARAM ] array (
)
[ info ] [ RUN ] app\admin\controller\Database->index[ D:\phpStudy\WWW\tpshop\application\admin\controller\Database.php ]
[ info ] [ VIEW ] D:\phpStudy\WWW\tpshop\public/../application/admin\view\database\index.html [ array (
) ]
[ info ] [ LOG ] INIT File
---------------------------------------------------------------
[ 2020-03-14T20:35:06+08:00 ] 0.0.0.0 GET localhost/tpshop/public/admin/database/lst.html?page=1&limit=10
[运行时间：0.438025s] [吞吐率：2.28req/s] [内存消耗：1,895.55kb] [文件加载：50]
[ info ] [ LANG ] D:\phpStudy\WWW\tpshop\thinkphp\lang\zh-cn.php
[ info ] [ ROUTE ] array (
  'type' => 'module',
  'module' => 
  array (
    0 => 'admin',
    1 => 'database',
    2 => 'lst',
  ),
)
[ info ] [ HEADER ] array (
  'host' => 'localhost',
  'connection' => 'keep-alive',
  'accept' => 'application/json, text/javascript, */*; q=0.01',
  'x-requested-with' => 'XMLHttpRequest',
  'user-agent' => 'Mozilla/5.0 (Windows NT 6.1) AppleWebKit/537.36 (KHTML, like Gecko) Chrome/63.0.3239.132 Safari/537.36',
  'referer' => 'http://localhost/tpshop/public/admin/database/index.html',
  'accept-encoding' => 'gzip, deflate, br',
  'accept-language' => 'zh-CN,zh;q=0.9',
  'cookie' => 'thinkphp_show_page_trace=0|0; thinkphp_show_page_trace=0|0; pgv_pvi=4871092224',
)
[ info ] [ PARAM ] array (
  'page' => '1',
  'limit' => '10',
)
[ info ] [ RUN ] app\admin\controller\Database->lst[ D:\phpStudy\WWW\tpshop\application\admin\controller\Database.php ]
[ info ] [ DB ] INIT mysql
[ info ] [ LOG ] INIT File
[ sql ] [ DB ] CONNECT:[ UseTime:0.038003s ] mysql:host=127.0.0.1;dbname=tpshop;charset=utf8
[ sql ] [ SQL ] show tables from tpshop [ RunTime:0.070004s ]
[ sql ] [ SQL ] show table status from tpshop like 'tp_admin' [ RunTime:0.066003s ]
[ sql ] [ SQL ] show table status from tpshop like 'tp_admin_log' [ RunTime:0.032002s ]
[ sql ] [ SQL ] show table status from tpshop like 'tp_auth' [ RunTime:0.034002s ]
[ sql ] [ SQL ] show table status from tpshop like 'tp_back_up' [ RunTime:0.023001s ]
[ sql ] [ SQL ] show table status from tpshop like 'tp_role' [ RunTime:0.069004s ]
