---------------------------------------------------------------
[ 2020-03-16T19:52:12+08:00 ] 0.0.0.0 GET localhost/tpshop/public/admin
[运行时间：32.265846s] [吞吐率：0.03req/s] [内存消耗：1,789.89kb] [文件加载：54]
[ info ] [ LANG ] D:\phpStudy\WWW\tpshop\thinkphp\lang\zh-cn.php
[ info ] [ ROUTE ] array (
  'type' => 'module',
  'module' => 
  array (
    0 => 'admin',
    1 => NULL,
    2 => NULL,
  ),
)
[ info ] [ HEADER ] array (
  'host' => 'localhost',
  'connection' => 'keep-alive',
  'upgrade-insecure-requests' => '1',
  'user-agent' => 'Mozilla/5.0 (Windows NT 6.1) AppleWebKit/537.36 (KHTML, like Gecko) Chrome/63.0.3239.132 Safari/537.36',
  'accept' => 'text/html,application/xhtml+xml,application/xml;q=0.9,image/webp,image/apng,*/*;q=0.8',
  'accept-encoding' => 'gzip, deflate, br',
  'accept-language' => 'zh-CN,zh;q=0.9',
  'cookie' => 'pgv_pvi=4871092224',
)
[ info ] [ PARAM ] array (
)
[ info ] [ RUN ] app\admin\controller\Index->index[ D:\phpStudy\WWW\tpshop\application\admin\controller\Index.php ]
[ info ] [ VIEW ] D:\phpStudy\WWW\tpshop\public/../application/admin\view\index\index.html [ array (
) ]
[ info ] [ LOG ] INIT File
[ error ] [1]Maximum execution time of 30 seconds exceeded[D:\phpStudy\WWW\tpshop\thinkphp\library\think\Template.php:264]
---------------------------------------------------------------
[ 2020-03-16T19:55:43+08:00 ] 0.0.0.0 GET localhost/tpshop/public/admin
[运行时间：1.445083s] [吞吐率：0.69req/s] [内存消耗：1,810.20kb] [文件加载：52]
[ info ] [ LANG ] D:\phpStudy\WWW\tpshop\thinkphp\lang\zh-cn.php
[ info ] [ ROUTE ] array (
  'type' => 'module',
  'module' => 
  array (
    0 => 'admin',
    1 => NULL,
    2 => NULL,
  ),
)
[ info ] [ HEADER ] array (
  'host' => 'localhost',
  'connection' => 'keep-alive',
  'cache-control' => 'max-age=0',
  'upgrade-insecure-requests' => '1',
  'user-agent' => 'Mozilla/5.0 (Windows NT 6.1) AppleWebKit/537.36 (KHTML, like Gecko) Chrome/63.0.3239.132 Safari/537.36',
  'accept' => 'text/html,application/xhtml+xml,application/xml;q=0.9,image/webp,image/apng,*/*;q=0.8',
  'accept-encoding' => 'gzip, deflate, br',
  'accept-language' => 'zh-CN,zh;q=0.9',
  'cookie' => 'thinkphp_show_page_trace=0|0; pgv_pvi=4871092224',
)
[ info ] [ PARAM ] array (
)
[ info ] [ RUN ] app\admin\controller\Index->index[ D:\phpStudy\WWW\tpshop\application\admin\controller\Index.php ]
[ info ] [ VIEW ] D:\phpStudy\WWW\tpshop\public/../application/admin\view\index\index.html [ array (
) ]
[ info ] [ LOG ] INIT File
---------------------------------------------------------------
[ 2020-03-16T19:55:43+08:00 ] 0.0.0.0 GET localhost/tpshop/public/admin/index/welcome.html
[运行时间：0.060004s] [吞吐率：16.67req/s] [内存消耗：1,753.27kb] [文件加载：51]
[ info ] [ LANG ] D:\phpStudy\WWW\tpshop\thinkphp\lang\zh-cn.php
[ info ] [ ROUTE ] array (
  'type' => 'module',
  'module' => 
  array (
    0 => 'admin',
    1 => 'index',
    2 => 'welcome',
  ),
)
[ info ] [ HEADER ] array (
  'host' => 'localhost',
  'connection' => 'keep-alive',
  'upgrade-insecure-requests' => '1',
  'user-agent' => 'Mozilla/5.0 (Windows NT 6.1) AppleWebKit/537.36 (KHTML, like Gecko) Chrome/63.0.3239.132 Safari/537.36',
  'accept' => 'text/html,application/xhtml+xml,application/xml;q=0.9,image/webp,image/apng,*/*;q=0.8',
  'referer' => 'http://localhost/tpshop/public/admin',
  'accept-encoding' => 'gzip, deflate, br',
  'accept-language' => 'zh-CN,zh;q=0.9',
  'cookie' => 'thinkphp_show_page_trace=0|0; pgv_pvi=4871092224',
)
[ info ] [ PARAM ] array (
)
[ info ] [ RUN ] app\admin\controller\Index->welcome[ D:\phpStudy\WWW\tpshop\application\admin\controller\Index.php ]
[ info ] [ VIEW ] D:\phpStudy\WWW\tpshop\public/../application/admin\view\index\welcome.html [ array (
) ]
[ info ] [ LOG ] INIT File
---------------------------------------------------------------
[ 2020-03-16T19:55:57+08:00 ] 0.0.0.0 GET localhost/tpshop/public/admin/database/index.html
[运行时间：0.244014s] [吞吐率：4.10req/s] [内存消耗：1,821.40kb] [文件加载：51]
[ info ] [ LANG ] D:\phpStudy\WWW\tpshop\thinkphp\lang\zh-cn.php
[ info ] [ ROUTE ] array (
  'type' => 'module',
  'module' => 
  array (
    0 => 'admin',
    1 => 'database',
    2 => 'index',
  ),
)
[ info ] [ HEADER ] array (
  'host' => 'localhost',
  'connection' => 'keep-alive',
  'upgrade-insecure-requests' => '1',
  'user-agent' => 'Mozilla/5.0 (Windows NT 6.1) AppleWebKit/537.36 (KHTML, like Gecko) Chrome/63.0.3239.132 Safari/537.36',
  'accept' => 'text/html,application/xhtml+xml,application/xml;q=0.9,image/webp,image/apng,*/*;q=0.8',
  'referer' => 'http://localhost/tpshop/public/admin',
  'accept-encoding' => 'gzip, deflate, br',
  'accept-language' => 'zh-CN,zh;q=0.9',
  'cookie' => 'thinkphp_show_page_trace=0|0; pgv_pvi=4871092224',
)
[ info ] [ PARAM ] array (
)
[ info ] [ RUN ] app\admin\controller\Database->index[ D:\phpStudy\WWW\tpshop\application\admin\controller\Database.php ]
[ info ] [ VIEW ] D:\phpStudy\WWW\tpshop\public/../application/admin\view\database\index.html [ array (
) ]
[ info ] [ LOG ] INIT File
---------------------------------------------------------------
[ 2020-03-16T19:55:57+08:00 ] 0.0.0.0 GET localhost/tpshop/public/admin/database/lst.html?page=1&limit=10
[运行时间：0.410023s] [吞吐率：2.44req/s] [内存消耗：1,902.04kb] [文件加载：50]
[ info ] [ LANG ] D:\phpStudy\WWW\tpshop\thinkphp\lang\zh-cn.php
[ info ] [ ROUTE ] array (
  'type' => 'module',
  'module' => 
  array (
    0 => 'admin',
    1 => 'database',
    2 => 'lst',
  ),
)
[ info ] [ HEADER ] array (
  'host' => 'localhost',
  'connection' => 'keep-alive',
  'accept' => 'application/json, text/javascript, */*; q=0.01',
  'x-requested-with' => 'XMLHttpRequest',
  'user-agent' => 'Mozilla/5.0 (Windows NT 6.1) AppleWebKit/537.36 (KHTML, like Gecko) Chrome/63.0.3239.132 Safari/537.36',
  'referer' => 'http://localhost/tpshop/public/admin/database/index.html',
  'accept-encoding' => 'gzip, deflate, br',
  'accept-language' => 'zh-CN,zh;q=0.9',
  'cookie' => 'thinkphp_show_page_trace=0|0; thinkphp_show_page_trace=0|0; pgv_pvi=4871092224',
)
[ info ] [ PARAM ] array (
  'page' => '1',
  'limit' => '10',
)
[ info ] [ RUN ] app\admin\controller\Database->lst[ D:\phpStudy\WWW\tpshop\application\admin\controller\Database.php ]
[ info ] [ DB ] INIT mysql
[ info ] [ LOG ] INIT File
[ sql ] [ DB ] CONNECT:[ UseTime:0.027002s ] mysql:host=127.0.0.1;dbname=tpshop;charset=utf8
[ sql ] [ SQL ] show tables from tpshop [ RunTime:0.070004s ]
[ sql ] [ SQL ] show table status from tpshop like 'tp_admin' [ RunTime:0.056003s ]
[ sql ] [ SQL ] show table status from tpshop like 'tp_admin_log' [ RunTime:0.053003s ]
[ sql ] [ SQL ] show table status from tpshop like 'tp_auth' [ RunTime:0.024001s ]
[ sql ] [ SQL ] show table status from tpshop like 'tp_back_up' [ RunTime:0.030002s ]
[ sql ] [ SQL ] show table status from tpshop like 'tp_role' [ RunTime:0.016001s ]
---------------------------------------------------------------
[ 2020-03-16T19:56:05+08:00 ] 0.0.0.0 GET localhost/tpshop/public/admin/admin/add.html
[运行时间：0.398022s] [吞吐率：2.51req/s] [内存消耗：1,747.44kb] [文件加载：50]
[ info ] [ LANG ] D:\phpStudy\WWW\tpshop\thinkphp\lang\zh-cn.php
[ info ] [ ROUTE ] array (
  'type' => 'module',
  'module' => 
  array (
    0 => 'admin',
    1 => 'admin',
    2 => 'add',
  ),
)
[ info ] [ HEADER ] array (
  'host' => 'localhost',
  'connection' => 'keep-alive',
  'upgrade-insecure-requests' => '1',
  'user-agent' => 'Mozilla/5.0 (Windows NT 6.1) AppleWebKit/537.36 (KHTML, like Gecko) Chrome/63.0.3239.132 Safari/537.36',
  'accept' => 'text/html,application/xhtml+xml,application/xml;q=0.9,image/webp,image/apng,*/*;q=0.8',
  'referer' => 'http://localhost/tpshop/public/admin/database/index.html',
  'accept-encoding' => 'gzip, deflate, br',
  'accept-language' => 'zh-CN,zh;q=0.9',
  'cookie' => 'thinkphp_show_page_trace=0|0; pgv_pvi=4871092224',
)
[ info ] [ PARAM ] array (
)
[ info ] [ RUN ] app\admin\controller\Admin->add[ D:\phpStudy\WWW\tpshop\application\admin\controller\Admin.php ]
[ info ] [ VIEW ] D:\phpStudy\WWW\tpshop\public/../application/admin\view\admin\add.html [ array (
) ]
[ info ] [ LOG ] INIT File
---------------------------------------------------------------
[ 2020-03-16T19:56:20+08:00 ] 0.0.0.0 GET localhost/tpshop/public/admin/database/index.html
[运行时间：0.055003s] [吞吐率：18.18req/s] [内存消耗：1,821.86kb] [文件加载：51]
[ info ] [ LANG ] D:\phpStudy\WWW\tpshop\thinkphp\lang\zh-cn.php
[ info ] [ ROUTE ] array (
  'type' => 'module',
  'module' => 
  array (
    0 => 'admin',
    1 => 'database',
    2 => 'index',
  ),
)
[ info ] [ HEADER ] array (
  'host' => 'localhost',
  'connection' => 'keep-alive',
  'cache-control' => 'max-age=0',
  'upgrade-insecure-requests' => '1',
  'user-agent' => 'Mozilla/5.0 (Windows NT 6.1) AppleWebKit/537.36 (KHTML, like Gecko) Chrome/63.0.3239.132 Safari/537.36',
  'accept' => 'text/html,application/xhtml+xml,application/xml;q=0.9,image/webp,image/apng,*/*;q=0.8',
  'referer' => 'http://localhost/tpshop/public/admin/database/index.html',
  'accept-encoding' => 'gzip, deflate, br',
  'accept-language' => 'zh-CN,zh;q=0.9',
  'cookie' => 'thinkphp_show_page_trace=0|0; thinkphp_show_page_trace=0|0; pgv_pvi=4871092224',
)
[ info ] [ PARAM ] array (
)
[ info ] [ RUN ] app\admin\controller\Database->index[ D:\phpStudy\WWW\tpshop\application\admin\controller\Database.php ]
[ info ] [ VIEW ] D:\phpStudy\WWW\tpshop\public/../application/admin\view\database\index.html [ array (
) ]
[ info ] [ LOG ] INIT File
---------------------------------------------------------------
[ 2020-03-16T19:56:20+08:00 ] 0.0.0.0 GET localhost/tpshop/public/admin/database/lst.html?page=1&limit=10
[运行时间：0.130007s] [吞吐率：7.69req/s] [内存消耗：1,902.04kb] [文件加载：50]
[ info ] [ LANG ] D:\phpStudy\WWW\tpshop\thinkphp\lang\zh-cn.php
[ info ] [ ROUTE ] array (
  'type' => 'module',
  'module' => 
  array (
    0 => 'admin',
    1 => 'database',
    2 => 'lst',
  ),
)
[ info ] [ HEADER ] array (
  'host' => 'localhost',
  'connection' => 'keep-alive',
  'accept' => 'application/json, text/javascript, */*; q=0.01',
  'x-requested-with' => 'XMLHttpRequest',
  'user-agent' => 'Mozilla/5.0 (Windows NT 6.1) AppleWebKit/537.36 (KHTML, like Gecko) Chrome/63.0.3239.132 Safari/537.36',
  'referer' => 'http://localhost/tpshop/public/admin/database/index.html',
  'accept-encoding' => 'gzip, deflate, br',
  'accept-language' => 'zh-CN,zh;q=0.9',
  'cookie' => 'thinkphp_show_page_trace=0|0; thinkphp_show_page_trace=0|0; pgv_pvi=4871092224',
)
[ info ] [ PARAM ] array (
  'page' => '1',
  'limit' => '10',
)
[ info ] [ RUN ] app\admin\controller\Database->lst[ D:\phpStudy\WWW\tpshop\application\admin\controller\Database.php ]
[ info ] [ DB ] INIT mysql
[ info ] [ LOG ] INIT File
[ sql ] [ DB ] CONNECT:[ UseTime:0.001000s ] mysql:host=127.0.0.1;dbname=tpshop;charset=utf8
[ sql ] [ SQL ] show tables from tpshop [ RunTime:0.000000s ]
[ sql ] [ SQL ] show table status from tpshop like 'tp_admin' [ RunTime:0.002000s ]
[ sql ] [ SQL ] show table status from tpshop like 'tp_admin_log' [ RunTime:0.001000s ]
[ sql ] [ SQL ] show table status from tpshop like 'tp_auth' [ RunTime:0.001000s ]
[ sql ] [ SQL ] show table status from tpshop like 'tp_back_up' [ RunTime:0.001000s ]
[ sql ] [ SQL ] show table status from tpshop like 'tp_role' [ RunTime:0.001000s ]
---------------------------------------------------------------
[ 2020-03-16T19:56:39+08:00 ] 0.0.0.0 GET localhost/tpshop/public/admin/database/index.html
[运行时间：0.038002s] [吞吐率：26.31req/s] [内存消耗：1,821.86kb] [文件加载：51]
[ info ] [ LANG ] D:\phpStudy\WWW\tpshop\thinkphp\lang\zh-cn.php
[ info ] [ ROUTE ] array (
  'type' => 'module',
  'module' => 
  array (
    0 => 'admin',
    1 => 'database',
    2 => 'index',
  ),
)
[ info ] [ HEADER ] array (
  'host' => 'localhost',
  'connection' => 'keep-alive',
  'cache-control' => 'max-age=0',
  'upgrade-insecure-requests' => '1',
  'user-agent' => 'Mozilla/5.0 (Windows NT 6.1) AppleWebKit/537.36 (KHTML, like Gecko) Chrome/63.0.3239.132 Safari/537.36',
  'accept' => 'text/html,application/xhtml+xml,application/xml;q=0.9,image/webp,image/apng,*/*;q=0.8',
  'referer' => 'http://localhost/tpshop/public/admin/database/index.html',
  'accept-encoding' => 'gzip, deflate, br',
  'accept-language' => 'zh-CN,zh;q=0.9',
  'cookie' => 'thinkphp_show_page_trace=0|0; thinkphp_show_page_trace=0|0; pgv_pvi=4871092224',
)
[ info ] [ PARAM ] array (
)
[ info ] [ RUN ] app\admin\controller\Database->index[ D:\phpStudy\WWW\tpshop\application\admin\controller\Database.php ]
[ info ] [ VIEW ] D:\phpStudy\WWW\tpshop\public/../application/admin\view\database\index.html [ array (
) ]
[ info ] [ LOG ] INIT File
---------------------------------------------------------------
[ 2020-03-16T19:56:39+08:00 ] 0.0.0.0 GET localhost/tpshop/public/admin/database/lst.html?page=1&limit=10
[运行时间：0.054003s] [吞吐率：18.52req/s] [内存消耗：1,902.04kb] [文件加载：50]
[ info ] [ LANG ] D:\phpStudy\WWW\tpshop\thinkphp\lang\zh-cn.php
[ info ] [ ROUTE ] array (
  'type' => 'module',
  'module' => 
  array (
    0 => 'admin',
    1 => 'database',
    2 => 'lst',
  ),
)
[ info ] [ HEADER ] array (
  'host' => 'localhost',
  'connection' => 'keep-alive',
  'accept' => 'application/json, text/javascript, */*; q=0.01',
  'x-requested-with' => 'XMLHttpRequest',
  'user-agent' => 'Mozilla/5.0 (Windows NT 6.1) AppleWebKit/537.36 (KHTML, like Gecko) Chrome/63.0.3239.132 Safari/537.36',
  'referer' => 'http://localhost/tpshop/public/admin/database/index.html',
  'accept-encoding' => 'gzip, deflate, br',
  'accept-language' => 'zh-CN,zh;q=0.9',
  'cookie' => 'thinkphp_show_page_trace=0|0; thinkphp_show_page_trace=0|0; pgv_pvi=4871092224',
)
[ info ] [ PARAM ] array (
  'page' => '1',
  'limit' => '10',
)
[ info ] [ RUN ] app\admin\controller\Database->lst[ D:\phpStudy\WWW\tpshop\application\admin\controller\Database.php ]
[ info ] [ DB ] INIT mysql
[ info ] [ LOG ] INIT File
[ sql ] [ DB ] CONNECT:[ UseTime:0.001000s ] mysql:host=127.0.0.1;dbname=tpshop;charset=utf8
[ sql ] [ SQL ] show tables from tpshop [ RunTime:0.001000s ]
[ sql ] [ SQL ] show table status from tpshop like 'tp_admin' [ RunTime:0.001000s ]
[ sql ] [ SQL ] show table status from tpshop like 'tp_admin_log' [ RunTime:0.002000s ]
[ sql ] [ SQL ] show table status from tpshop like 'tp_auth' [ RunTime:0.002000s ]
[ sql ] [ SQL ] show table status from tpshop like 'tp_back_up' [ RunTime:0.001000s ]
[ sql ] [ SQL ] show table status from tpshop like 'tp_role' [ RunTime:0.002000s ]
---------------------------------------------------------------
[ 2020-03-16T19:57:48+08:00 ] 0.0.0.0 GET localhost/tpshop/public/admin/menu/index.html
[运行时间：0.489028s] [吞吐率：2.04req/s] [内存消耗：1,804.94kb] [文件加载：51]
[ info ] [ LANG ] D:\phpStudy\WWW\tpshop\thinkphp\lang\zh-cn.php
[ info ] [ ROUTE ] array (
  'type' => 'module',
  'module' => 
  array (
    0 => 'admin',
    1 => 'menu',
    2 => 'index',
  ),
)
[ info ] [ HEADER ] array (
  'host' => 'localhost',
  'connection' => 'keep-alive',
  'upgrade-insecure-requests' => '1',
  'user-agent' => 'Mozilla/5.0 (Windows NT 6.1) AppleWebKit/537.36 (KHTML, like Gecko) Chrome/63.0.3239.132 Safari/537.36',
  'accept' => 'text/html,application/xhtml+xml,application/xml;q=0.9,image/webp,image/apng,*/*;q=0.8',
  'referer' => 'http://localhost/tpshop/public/admin',
  'accept-encoding' => 'gzip, deflate, br',
  'accept-language' => 'zh-CN,zh;q=0.9',
  'cookie' => 'thinkphp_show_page_trace=0|0; pgv_pvi=4871092224',
)
[ info ] [ PARAM ] array (
)
[ info ] [ RUN ] app\admin\controller\Menu->index[ D:\phpStudy\WWW\tpshop\application\admin\controller\Menu.php ]
[ info ] [ VIEW ] D:\phpStudy\WWW\tpshop\public/../application/admin\view\menu\index.html [ array (
) ]
[ info ] [ LOG ] INIT File
---------------------------------------------------------------
[ 2020-03-16T19:57:55+08:00 ] 0.0.0.0 GET localhost/tpshop/public/admin/role/add.html
[运行时间：0.096005s] [吞吐率：10.42req/s] [内存消耗：1,810.68kb] [文件加载：52]
[ info ] [ LANG ] D:\phpStudy\WWW\tpshop\thinkphp\lang\zh-cn.php
[ info ] [ ROUTE ] array (
  'type' => 'module',
  'module' => 
  array (
    0 => 'admin',
    1 => 'role',
    2 => 'add',
  ),
)
[ info ] [ HEADER ] array (
  'host' => 'localhost',
  'connection' => 'keep-alive',
  'upgrade-insecure-requests' => '1',
  'user-agent' => 'Mozilla/5.0 (Windows NT 6.1) AppleWebKit/537.36 (KHTML, like Gecko) Chrome/63.0.3239.132 Safari/537.36',
  'accept' => 'text/html,application/xhtml+xml,application/xml;q=0.9,image/webp,image/apng,*/*;q=0.8',
  'referer' => 'http://localhost/tpshop/public/admin/menu/index.html',
  'accept-encoding' => 'gzip, deflate, br',
  'accept-language' => 'zh-CN,zh;q=0.9',
  'cookie' => 'thinkphp_show_page_trace=0|0; pgv_pvi=4871092224',
)
[ info ] [ PARAM ] array (
)
[ info ] [ RUN ] app\admin\controller\Role->add[ D:\phpStudy\WWW\tpshop\application\admin\controller\Role.php ]
[ info ] [ VIEW ] D:\phpStudy\WWW\tpshop\public/../application/admin\view\role\add.html [ array (
) ]
[ info ] [ LOG ] INIT File
---------------------------------------------------------------
[ 2020-03-16T20:00:54+08:00 ] 0.0.0.0 GET localhost/tpshop/public/admin/role/index.html
[运行时间：0.361021s] [吞吐率：2.77req/s] [内存消耗：1,749.72kb] [文件加载：51]
[ info ] [ LANG ] D:\phpStudy\WWW\tpshop\thinkphp\lang\zh-cn.php
[ info ] [ ROUTE ] array (
  'type' => 'module',
  'module' => 
  array (
    0 => 'admin',
    1 => 'role',
    2 => 'index',
  ),
)
[ info ] [ HEADER ] array (
  'host' => 'localhost',
  'connection' => 'keep-alive',
  'upgrade-insecure-requests' => '1',
  'user-agent' => 'Mozilla/5.0 (Windows NT 6.1) AppleWebKit/537.36 (KHTML, like Gecko) Chrome/63.0.3239.132 Safari/537.36',
  'accept' => 'text/html,application/xhtml+xml,application/xml;q=0.9,image/webp,image/apng,*/*;q=0.8',
  'referer' => 'http://localhost/tpshop/public/admin',
  'accept-encoding' => 'gzip, deflate, br',
  'accept-language' => 'zh-CN,zh;q=0.9',
  'cookie' => 'thinkphp_show_page_trace=0|0; thinkphp_show_page_trace=0|0; pgv_pvi=4871092224',
)
[ info ] [ PARAM ] array (
)
[ info ] [ RUN ] app\admin\controller\Role->index[ D:\phpStudy\WWW\tpshop\application\admin\controller\Role.php ]
[ info ] [ VIEW ] D:\phpStudy\WWW\tpshop\public/../application/admin\view\role\index.html [ array (
) ]
[ info ] [ LOG ] INIT File
---------------------------------------------------------------
[ 2020-03-16T20:00:56+08:00 ] 0.0.0.0 GET localhost/tpshop/public/admin/role/index.html
[运行时间：0.046003s] [吞吐率：21.74req/s] [内存消耗：1,749.71kb] [文件加载：51]
[ info ] [ LANG ] D:\phpStudy\WWW\tpshop\thinkphp\lang\zh-cn.php
[ info ] [ ROUTE ] array (
  'type' => 'module',
  'module' => 
  array (
    0 => 'admin',
    1 => 'role',
    2 => 'index',
  ),
)
[ info ] [ HEADER ] array (
  'host' => 'localhost',
  'connection' => 'keep-alive',
  'upgrade-insecure-requests' => '1',
  'user-agent' => 'Mozilla/5.0 (Windows NT 6.1) AppleWebKit/537.36 (KHTML, like Gecko) Chrome/63.0.3239.132 Safari/537.36',
  'accept' => 'text/html,application/xhtml+xml,application/xml;q=0.9,image/webp,image/apng,*/*;q=0.8',
  'referer' => 'http://localhost/tpshop/public/admin',
  'accept-encoding' => 'gzip, deflate, br',
  'accept-language' => 'zh-CN,zh;q=0.9',
  'cookie' => 'thinkphp_show_page_trace=0|0; thinkphp_show_page_trace=0|0; pgv_pvi=4871092224',
)
[ info ] [ PARAM ] array (
)
[ info ] [ RUN ] app\admin\controller\Role->index[ D:\phpStudy\WWW\tpshop\application\admin\controller\Role.php ]
[ info ] [ VIEW ] D:\phpStudy\WWW\tpshop\public/../application/admin\view\role\index.html [ array (
) ]
[ info ] [ LOG ] INIT File
---------------------------------------------------------------
[ 2020-03-16T20:00:58+08:00 ] 0.0.0.0 GET localhost/tpshop/public/admin/admin/index.html
[运行时间：0.085004s] [吞吐率：11.76req/s] [内存消耗：1,808.59kb] [文件加载：51]
[ info ] [ LANG ] D:\phpStudy\WWW\tpshop\thinkphp\lang\zh-cn.php
[ info ] [ ROUTE ] array (
  'type' => 'module',
  'module' => 
  array (
    0 => 'admin',
    1 => 'admin',
    2 => 'index',
  ),
)
[ info ] [ HEADER ] array (
  'host' => 'localhost',
  'connection' => 'keep-alive',
  'upgrade-insecure-requests' => '1',
  'user-agent' => 'Mozilla/5.0 (Windows NT 6.1) AppleWebKit/537.36 (KHTML, like Gecko) Chrome/63.0.3239.132 Safari/537.36',
  'accept' => 'text/html,application/xhtml+xml,application/xml;q=0.9,image/webp,image/apng,*/*;q=0.8',
  'referer' => 'http://localhost/tpshop/public/admin',
  'accept-encoding' => 'gzip, deflate, br',
  'accept-language' => 'zh-CN,zh;q=0.9',
  'cookie' => 'thinkphp_show_page_trace=0|0; thinkphp_show_page_trace=0|0; pgv_pvi=4871092224',
)
[ info ] [ PARAM ] array (
)
[ info ] [ RUN ] app\admin\controller\Admin->index[ D:\phpStudy\WWW\tpshop\application\admin\controller\Admin.php ]
[ info ] [ VIEW ] D:\phpStudy\WWW\tpshop\public/../application/admin\view\admin\index.html [ array (
) ]
[ info ] [ LOG ] INIT File
---------------------------------------------------------------
[ 2020-03-16T20:00:58+08:00 ] 0.0.0.0 GET localhost/tpshop/public/admin/admin/lst.html?page=1&limit=10
[运行时间：0.177010s] [吞吐率：5.65req/s] [内存消耗：2,794.18kb] [文件加载：56]
[ info ] [ LANG ] D:\phpStudy\WWW\tpshop\thinkphp\lang\zh-cn.php
[ info ] [ ROUTE ] array (
  'type' => 'module',
  'module' => 
  array (
    0 => 'admin',
    1 => 'admin',
    2 => 'lst',
  ),
)
[ info ] [ HEADER ] array (
  'host' => 'localhost',
  'connection' => 'keep-alive',
  'accept' => 'application/json, text/javascript, */*; q=0.01',
  'x-requested-with' => 'XMLHttpRequest',
  'user-agent' => 'Mozilla/5.0 (Windows NT 6.1) AppleWebKit/537.36 (KHTML, like Gecko) Chrome/63.0.3239.132 Safari/537.36',
  'referer' => 'http://localhost/tpshop/public/admin/admin/index.html',
  'accept-encoding' => 'gzip, deflate, br',
  'accept-language' => 'zh-CN,zh;q=0.9',
  'cookie' => 'thinkphp_show_page_trace=0|0; thinkphp_show_page_trace=0|0; pgv_pvi=4871092224',
)
[ info ] [ PARAM ] array (
  'page' => '1',
  'limit' => '10',
)
[ info ] [ RUN ] app\admin\controller\Admin->lst[ D:\phpStudy\WWW\tpshop\application\admin\controller\Admin.php ]
[ info ] [ DB ] INIT mysql
[ info ] [ LOG ] INIT File
[ sql ] [ DB ] CONNECT:[ UseTime:0.001000s ] mysql:host=127.0.0.1;dbname=tpshop;charset=utf8
[ sql ] [ SQL ] SHOW COLUMNS FROM `tp_admin` [ RunTime:0.035002s ]
[ sql ] [ SQL ] SELECT `a`.*,`name` FROM `tp_admin` `a` LEFT JOIN `tp_role` `r` ON `r`.`id`=`a`.`role_id` WHERE  `a`.`status` = 1 ORDER BY `a`.`id` DESC LIMIT 0,10 [ RunTime:0.002000s ]
[ sql ] [ SQL ] SELECT COUNT(*) AS tp_count FROM `tp_admin` WHERE  `status` = 1 LIMIT 1 [ RunTime:0.021001s ]
---------------------------------------------------------------
[ 2020-03-16T20:01:03+08:00 ] 0.0.0.0 GET localhost/tpshop/public/admin/admin/add.html
[运行时间：0.045002s] [吞吐率：22.22req/s] [内存消耗：1,747.57kb] [文件加载：50]
[ info ] [ LANG ] D:\phpStudy\WWW\tpshop\thinkphp\lang\zh-cn.php
[ info ] [ ROUTE ] array (
  'type' => 'module',
  'module' => 
  array (
    0 => 'admin',
    1 => 'admin',
    2 => 'add',
  ),
)
[ info ] [ HEADER ] array (
  'host' => 'localhost',
  'connection' => 'keep-alive',
  'upgrade-insecure-requests' => '1',
  'user-agent' => 'Mozilla/5.0 (Windows NT 6.1) AppleWebKit/537.36 (KHTML, like Gecko) Chrome/63.0.3239.132 Safari/537.36',
  'accept' => 'text/html,application/xhtml+xml,application/xml;q=0.9,image/webp,image/apng,*/*;q=0.8',
  'referer' => 'http://localhost/tpshop/public/admin/admin/index.html',
  'accept-encoding' => 'gzip, deflate, br',
  'accept-language' => 'zh-CN,zh;q=0.9',
  'cookie' => 'thinkphp_show_page_trace=0|0; thinkphp_show_page_trace=0|0; pgv_pvi=4871092224',
)
[ info ] [ PARAM ] array (
)
[ info ] [ RUN ] app\admin\controller\Admin->add[ D:\phpStudy\WWW\tpshop\application\admin\controller\Admin.php ]
[ info ] [ VIEW ] D:\phpStudy\WWW\tpshop\public/../application/admin\view\admin\add.html [ array (
) ]
[ info ] [ LOG ] INIT File
---------------------------------------------------------------
[ 2020-03-16T20:01:39+08:00 ] 0.0.0.0 GET localhost/tpshop/public/admin/database/index.html
[运行时间：0.046003s] [吞吐率：21.74req/s] [内存消耗：1,821.47kb] [文件加载：51]
[ info ] [ LANG ] D:\phpStudy\WWW\tpshop\thinkphp\lang\zh-cn.php
[ info ] [ ROUTE ] array (
  'type' => 'module',
  'module' => 
  array (
    0 => 'admin',
    1 => 'database',
    2 => 'index',
  ),
)
[ info ] [ HEADER ] array (
  'host' => 'localhost',
  'connection' => 'keep-alive',
  'upgrade-insecure-requests' => '1',
  'user-agent' => 'Mozilla/5.0 (Windows NT 6.1) AppleWebKit/537.36 (KHTML, like Gecko) Chrome/63.0.3239.132 Safari/537.36',
  'accept' => 'text/html,application/xhtml+xml,application/xml;q=0.9,image/webp,image/apng,*/*;q=0.8',
  'referer' => 'http://localhost/tpshop/public/admin',
  'accept-encoding' => 'gzip, deflate, br',
  'accept-language' => 'zh-CN,zh;q=0.9',
  'cookie' => 'thinkphp_show_page_trace=0|0; thinkphp_show_page_trace=0|0; pgv_pvi=4871092224',
)
[ info ] [ PARAM ] array (
)
[ info ] [ RUN ] app\admin\controller\Database->index[ D:\phpStudy\WWW\tpshop\application\admin\controller\Database.php ]
[ info ] [ VIEW ] D:\phpStudy\WWW\tpshop\public/../application/admin\view\database\index.html [ array (
) ]
[ info ] [ LOG ] INIT File
---------------------------------------------------------------
[ 2020-03-16T20:01:39+08:00 ] 0.0.0.0 GET localhost/tpshop/public/admin/database/lst.html?page=1&limit=10
[运行时间：0.051003s] [吞吐率：19.61req/s] [内存消耗：1,902.04kb] [文件加载：50]
[ info ] [ LANG ] D:\phpStudy\WWW\tpshop\thinkphp\lang\zh-cn.php
[ info ] [ ROUTE ] array (
  'type' => 'module',
  'module' => 
  array (
    0 => 'admin',
    1 => 'database',
    2 => 'lst',
  ),
)
[ info ] [ HEADER ] array (
  'host' => 'localhost',
  'connection' => 'keep-alive',
  'accept' => 'application/json, text/javascript, */*; q=0.01',
  'x-requested-with' => 'XMLHttpRequest',
  'user-agent' => 'Mozilla/5.0 (Windows NT 6.1) AppleWebKit/537.36 (KHTML, like Gecko) Chrome/63.0.3239.132 Safari/537.36',
  'referer' => 'http://localhost/tpshop/public/admin/database/index.html',
  'accept-encoding' => 'gzip, deflate, br',
  'accept-language' => 'zh-CN,zh;q=0.9',
  'cookie' => 'thinkphp_show_page_trace=0|0; thinkphp_show_page_trace=0|0; pgv_pvi=4871092224',
)
[ info ] [ PARAM ] array (
  'page' => '1',
  'limit' => '10',
)
[ info ] [ RUN ] app\admin\controller\Database->lst[ D:\phpStudy\WWW\tpshop\application\admin\controller\Database.php ]
[ info ] [ DB ] INIT mysql
[ info ] [ LOG ] INIT File
[ sql ] [ DB ] CONNECT:[ UseTime:0.001000s ] mysql:host=127.0.0.1;dbname=tpshop;charset=utf8
[ sql ] [ SQL ] show tables from tpshop [ RunTime:0.000000s ]
[ sql ] [ SQL ] show table status from tpshop like 'tp_admin' [ RunTime:0.001000s ]
[ sql ] [ SQL ] show table status from tpshop like 'tp_admin_log' [ RunTime:0.001000s ]
[ sql ] [ SQL ] show table status from tpshop like 'tp_auth' [ RunTime:0.001000s ]
[ sql ] [ SQL ] show table status from tpshop like 'tp_back_up' [ RunTime:0.001000s ]
[ sql ] [ SQL ] show table status from tpshop like 'tp_role' [ RunTime:0.001000s ]
---------------------------------------------------------------
[ 2020-03-16T20:01:41+08:00 ] 0.0.0.0 GET localhost/tpshop/public/admin/admin/add.html
[运行时间：0.038002s] [吞吐率：26.31req/s] [内存消耗：1,747.57kb] [文件加载：50]
[ info ] [ LANG ] D:\phpStudy\WWW\tpshop\thinkphp\lang\zh-cn.php
[ info ] [ ROUTE ] array (
  'type' => 'module',
  'module' => 
  array (
    0 => 'admin',
    1 => 'admin',
    2 => 'add',
  ),
)
[ info ] [ HEADER ] array (
  'host' => 'localhost',
  'connection' => 'keep-alive',
  'upgrade-insecure-requests' => '1',
  'user-agent' => 'Mozilla/5.0 (Windows NT 6.1) AppleWebKit/537.36 (KHTML, like Gecko) Chrome/63.0.3239.132 Safari/537.36',
  'accept' => 'text/html,application/xhtml+xml,application/xml;q=0.9,image/webp,image/apng,*/*;q=0.8',
  'referer' => 'http://localhost/tpshop/public/admin/database/index.html',
  'accept-encoding' => 'gzip, deflate, br',
  'accept-language' => 'zh-CN,zh;q=0.9',
  'cookie' => 'thinkphp_show_page_trace=0|0; thinkphp_show_page_trace=0|0; pgv_pvi=4871092224',
)
[ info ] [ PARAM ] array (
)
[ info ] [ RUN ] app\admin\controller\Admin->add[ D:\phpStudy\WWW\tpshop\application\admin\controller\Admin.php ]
[ info ] [ VIEW ] D:\phpStudy\WWW\tpshop\public/../application/admin\view\admin\add.html [ array (
) ]
[ info ] [ LOG ] INIT File
